2005.08.28 12:49 B E:\dot5hosting\tafe\structures\struct1\forces\cart-forc.jpg <-- boeingconsult /tafe/structures/struct1/forces cart-forc.jpg
2005.08.28 12:49 B E:\dot5hosting\tafe\structures\struct1\forces\coord-force.jpg <-- boeingconsult /tafe/structures/struct1/forces coord-force.jpg
2005.08.28 12:49 B E:\dot5hosting\tafe\structures\struct1\forces\coord.jpg <-- boeingconsult /tafe/structures/struct1/forces coord.jpg
2005.08.28 12:49 B E:\dot5hosting\tafe\structures\struct1\forces\equat1.jpg <-- boeingconsult /tafe/structures/struct1/forces equat1.jpg
2005.08.28 12:49 B E:\dot5hosting\tafe\structures\struct1\forces\equat2.jpg <-- boeingconsult /tafe/structures/struct1/forces equat2.jpg
2005.08.28 12:49 B E:\dot5hosting\tafe\structures\struct1\forces\equat3.jpg <-- boeingconsult /tafe/structures/struct1/forces equat3.jpg
2005.08.28 12:49 B E:\dot5hosting\tafe\structures\struct1\forces\equat3a.jpg <-- boeingconsult /tafe/structures/struct1/forces equat3a.jpg
2005.08.28 12:49 B E:\dot5hosting\tafe\structures\struct1\forces\equat4.jpg <-- boeingconsult /tafe/structures/struct1/forces equat4.jpg
2005.08.28 12:49 B E:\dot5hosting\tafe\structures\struct1\forces\equat5.jpg <-- boeingconsult /tafe/structures/struct1/forces equat5.jpg
2005.08.28 12:49 B E:\dot5hosting\tafe\structures\struct1\forces\Figure_1.jpg <-- boeingconsult /tafe/structures/struct1/forces Figure_1.jpg
2005.08.28 12:49 B E:\dot5hosting\tafe\structures\struct1\forces\Figure_2.jpg <-- boeingconsult /tafe/structures/struct1/forces Figure_2.jpg
2005.08.28 12:49 B E:\dot5hosting\tafe\structures\struct1\forces\Figure_3.jpg <-- boeingconsult /tafe/structures/struct1/forces Figure_3.jpg
2005.08.28 12:49 B E:\dot5hosting\tafe\structures\struct1\forces\Figure_4.jpg <-- boeingconsult /tafe/structures/struct1/forces Figure_4.jpg
2005.08.28 12:50 B E:\dot5hosting\tafe\structures\struct1\forces\figure_v.jpg <-- boeingconsult /tafe/structures/struct1/forces figure_v.jpg
2005.08.28 12:50 B E:\dot5hosting\tafe\structures\struct1\forces\force-poly.jpg <-- boeingconsult /tafe/structures/struct1/forces force-poly.jpg
2005.08.28 12:50 B E:\dot5hosting\tafe\structures\struct1\forces\forces.htm <-- boeingconsult /tafe/structures/struct1/forces forces.htm
2005.08.28 12:50 B E:\dot5hosting\tafe\structures\struct1\forces\para-force.jpg <-- boeingconsult /tafe/structures/struct1/forces para-force.jpg
2005.08.28 12:50 B E:\dot5hosting\tafe\structures\struct1\forces\solu-graph.jpg <-- boeingconsult /tafe/structures/struct1/forces solu-graph.jpg
2005.08.28 12:50 B E:\dot5hosting\tafe\structures\struct1\forces\Tab1.jpg <-- boeingconsult /tafe/structures/struct1/forces Tab1.jpg
2005.08.28 12:50 B E:\dot5hosting\tafe\structures\struct1\forces\tab2.jpg <-- boeingconsult /tafe/structures/struct1/forces tab2.jpg
2005.08.28 12:50 B E:\dot5hosting\tafe\structures\struct1\forces\tria-force.jpg <-- boeingconsult /tafe/structures/struct1/forces tria-force.jpg
2005.08.30 23:40 B E:\dot5hosting\tafe\structures\struct1\forces\cart-forc.jpg --> df13.dot5hosting.com /public_html/tafe/structures/struct1/forces cart-forc.jpg
2005.08.30 23:40 B E:\dot5hosting\tafe\structures\struct1\forces\coord-force.jpg --> df13.dot5hosting.com /public_html/tafe/structures/struct1/forces coord-force.jpg
2005.08.30 23:40 B E:\dot5hosting\tafe\structures\struct1\forces\coord.jpg --> df13.dot5hosting.com /public_html/tafe/structures/struct1/forces coord.jpg
2005.08.30 23:40 B E:\dot5hosting\tafe\structures\struct1\forces\equat1.jpg --> df13.dot5hosting.com /public_html/tafe/structures/struct1/forces equat1.jpg
2005.08.30 23:41 B E:\dot5hosting\tafe\structures\struct1\forces\equat2.jpg --> df13.dot5hosting.com /public_html/tafe/structures/struct1/forces equat2.jpg
2005.08.30 23:41 B E:\dot5hosting\tafe\structures\struct1\forces\equat3.jpg --> df13.dot5hosting.com /public_html/tafe/structures/struct1/forces equat3.jpg
2005.08.30 23:41 B E:\dot5hosting\tafe\structures\struct1\forces\equat3a.jpg --> df13.dot5hosting.com /public_html/tafe/structures/struct1/forces equat3a.jpg
2005.08.30 23:41 B E:\dot5hosting\tafe\structures\struct1\forces\equat4.jpg --> df13.dot5hosting.com /public_html/tafe/structures/struct1/forces equat4.jpg
2005.08.30 23:41 B E:\dot5hosting\tafe\structures\struct1\forces\equat5.jpg --> df13.dot5hosting.com /public_html/tafe/structures/struct1/forces equat5.jpg
2005.08.30 23:41 B E:\dot5hosting\tafe\structures\struct1\forces\Figure_1.jpg --> df13.dot5hosting.com /public_html/tafe/structures/struct1/forces Figure_1.jpg
2005.08.30 23:41 B E:\dot5hosting\tafe\structures\struct1\forces\Figure_2.jpg --> df13.dot5hosting.com /public_html/tafe/structures/struct1/forces Figure_2.jpg
2005.08.30 23:41 B E:\dot5hosting\tafe\structures\struct1\forces\Figure_3.jpg --> df13.dot5hosting.com /public_html/tafe/structures/struct1/forces Figure_3.jpg
2005.08.30 23:41 B E:\dot5hosting\tafe\structures\struct1\forces\Figure_4.jpg --> df13.dot5hosting.com /public_html/tafe/structures/struct1/forces Figure_4.jpg
2005.08.30 23:42 B E:\dot5hosting\tafe\structures\struct1\forces\figure_v.jpg --> df13.dot5hosting.com /public_html/tafe/structures/struct1/forces figure_v.jpg
2005.08.30 23:42 B E:\dot5hosting\tafe\structures\struct1\forces\force-poly.jpg --> df13.dot5hosting.com /public_html/tafe/structures/struct1/forces force-poly.jpg
2005.08.30 23:42 B E:\dot5hosting\tafe\structures\struct1\forces\forces.htm --> df13.dot5hosting.com /public_html/tafe/structures/struct1/forces forces.htm
2005.08.30 23:42 B E:\dot5hosting\tafe\structures\struct1\forces\para-force.jpg --> df13.dot5hosting.com /public_html/tafe/structures/struct1/forces para-force.jpg
2005.08.30 23:42 B E:\dot5hosting\tafe\structures\struct1\forces\solu-graph.jpg --> df13.dot5hosting.com /public_html/tafe/structures/struct1/forces solu-graph.jpg
2005.08.30 23:42 B E:\dot5hosting\tafe\structures\struct1\forces\Tab1.jpg --> df13.dot5hosting.com /public_html/tafe/structures/struct1/forces Tab1.jpg
2005.08.30 23:42 B E:\dot5hosting\tafe\structures\struct1\forces\tab2.jpg --> df13.dot5hosting.com /public_html/tafe/structures/struct1/forces tab2.jpg
2005.08.30 23:42 B E:\dot5hosting\tafe\structures\struct1\forces\tria-force.jpg --> df13.dot5hosting.com /public_html/tafe/structures/struct1/forces tria-force.jpg
