2005.08.28 12:41 B E:\dot5hosting\tafe\rss\abc102.htm <-- boeingconsult /tafe/rss abc102.htm
2005.08.28 12:41 B E:\dot5hosting\tafe\rss\access.htm <-- boeingconsult /tafe/rss access.htm
2005.08.28 12:41 B E:\dot5hosting\tafe\rss\click-rss.gif <-- boeingconsult /tafe/rss click-rss.gif
2005.08.28 12:41 B E:\dot5hosting\tafe\rss\image001.gif <-- boeingconsult /tafe/rss image001.gif
2005.08.28 12:41 B E:\dot5hosting\tafe\rss\log-on.gif <-- boeingconsult /tafe/rss log-on.gif
2005.08.28 12:41 B E:\dot5hosting\tafe\rss\log-on.htm <-- boeingconsult /tafe/rss log-on.htm
2005.08.28 12:41 B E:\dot5hosting\tafe\rss\login.GIF <-- boeingconsult /tafe/rss login.GIF
2005.08.28 12:41 B E:\dot5hosting\tafe\rss\pro-rss2-04.htm <-- boeingconsult /tafe/rss pro-rss2-04.htm
2005.08.28 12:41 B E:\dot5hosting\tafe\rss\quizz.gif <-- boeingconsult /tafe/rss quizz.gif
2005.08.28 12:41 B E:\dot5hosting\tafe\rss\quizzes.htm <-- boeingconsult /tafe/rss quizzes.htm
2005.08.28 12:41 B E:\dot5hosting\tafe\rss\resource.htm <-- boeingconsult /tafe/rss resource.htm
2005.08.28 12:41 B E:\dot5hosting\tafe\rss\rss-screen.gif <-- boeingconsult /tafe/rss rss-screen.gif
2005.08.28 12:41 B E:\dot5hosting\tafe\rss\rss-screen.jpg <-- boeingconsult /tafe/rss rss-screen.jpg
2005.08.28 12:42 B E:\dot5hosting\tafe\rss\rss.htm <-- boeingconsult /tafe/rss rss.htm
2005.08.28 12:42 B E:\dot5hosting\tafe\rss\webct-screen.gif <-- boeingconsult /tafe/rss webct-screen.gif
2005.08.30 23:24 B E:\dot5hosting\tafe\rss\abc102.htm --> df13.dot5hosting.com /public_html/tafe/rss abc102.htm
2005.08.30 23:24 B E:\dot5hosting\tafe\rss\access.htm --> df13.dot5hosting.com /public_html/tafe/rss access.htm
2005.08.30 23:24 B E:\dot5hosting\tafe\rss\click-rss.gif --> df13.dot5hosting.com /public_html/tafe/rss click-rss.gif
2005.08.30 23:24 B E:\dot5hosting\tafe\rss\image001.gif --> df13.dot5hosting.com /public_html/tafe/rss image001.gif
2005.08.30 23:24 B E:\dot5hosting\tafe\rss\log-on.gif --> df13.dot5hosting.com /public_html/tafe/rss log-on.gif
2005.08.30 23:24 B E:\dot5hosting\tafe\rss\log-on.htm --> df13.dot5hosting.com /public_html/tafe/rss log-on.htm
2005.08.30 23:24 B E:\dot5hosting\tafe\rss\login.GIF --> df13.dot5hosting.com /public_html/tafe/rss login.GIF
2005.08.30 23:24 B E:\dot5hosting\tafe\rss\pro-rss2-04.htm --> df13.dot5hosting.com /public_html/tafe/rss pro-rss2-04.htm
2005.08.30 23:24 B E:\dot5hosting\tafe\rss\quizz.gif --> df13.dot5hosting.com /public_html/tafe/rss quizz.gif
2005.08.30 23:24 B E:\dot5hosting\tafe\rss\quizzes.htm --> df13.dot5hosting.com /public_html/tafe/rss quizzes.htm
2005.08.30 23:24 B E:\dot5hosting\tafe\rss\resource.htm --> df13.dot5hosting.com /public_html/tafe/rss resource.htm
2005.08.30 23:24 B E:\dot5hosting\tafe\rss\rss-screen.gif --> df13.dot5hosting.com /public_html/tafe/rss rss-screen.gif
2005.08.30 23:25 B E:\dot5hosting\tafe\rss\rss-screen.jpg --> df13.dot5hosting.com /public_html/tafe/rss rss-screen.jpg
2005.08.30 23:25 B E:\dot5hosting\tafe\rss\rss.htm --> df13.dot5hosting.com /public_html/tafe/rss rss.htm
2005.08.30 23:25 B E:\dot5hosting\tafe\rss\webct-screen.gif --> df13.dot5hosting.com /public_html/tafe/rss webct-screen.gif
