2005.08.28 13:29 B E:\dot5hosting\BCA-Energy\3-12.htm <-- boeingconsult /BCA-Energy 3-12.htm
2005.08.28 13:29 B E:\dot5hosting\BCA-Energy\AltSolu.gif <-- boeingconsult /BCA-Energy AltSolu.gif
2005.08.28 13:30 B E:\dot5hosting\BCA-Energy\BCA-energy.htm <-- boeingconsult /BCA-Energy BCA-energy.htm
2005.08.28 13:30 B E:\dot5hosting\BCA-Energy\BCA-home.htm <-- boeingconsult /BCA-Energy BCA-home.htm
2005.08.28 13:30 B E:\dot5hosting\BCA-Energy\box yellow.gif <-- boeingconsult /BCA-Energy box yellow.gif
2005.08.28 13:30 B E:\dot5hosting\BCA-Energy\breeze.jpg <-- boeingconsult /BCA-Energy breeze.jpg
2005.08.28 13:30 B E:\dot5hosting\BCA-Energy\fabric1.gif <-- boeingconsult /BCA-Energy fabric1.gif
2005.08.28 13:30 B E:\dot5hosting\BCA-Energy\fabric2.gif <-- boeingconsult /BCA-Energy fabric2.gif
2005.08.28 13:30 B E:\dot5hosting\BCA-Energy\Glazing calculator.xls <-- boeingconsult /BCA-Energy Glazing calculator.xls
2005.08.28 13:30 B E:\dot5hosting\BCA-Energy\J1-to-J7.htm <-- boeingconsult /BCA-Energy J1-to-J7.htm
2005.08.28 13:30 B E:\dot5hosting\BCA-Energy\leakages.jpg <-- boeingconsult /BCA-Energy leakages.jpg
2005.08.28 13:30 B E:\dot5hosting\BCA-Energy\shading.jpg <-- boeingconsult /BCA-Energy shading.jpg
2005.08.30 22:47 B E:\dot5hosting\BCA-Energy\3-12.htm --> df13.dot5hosting.com /public_html/BCA-Energy 3-12.htm
2005.08.30 22:47 B E:\dot5hosting\BCA-Energy\AltSolu.gif --> df13.dot5hosting.com /public_html/BCA-Energy AltSolu.gif
2005.08.30 22:47 B E:\dot5hosting\BCA-Energy\BCA-energy.htm --> df13.dot5hosting.com /public_html/BCA-Energy BCA-energy.htm
2005.08.30 22:47 B E:\dot5hosting\BCA-Energy\BCA-home.htm --> df13.dot5hosting.com /public_html/BCA-Energy BCA-home.htm
2005.08.30 22:47 B E:\dot5hosting\BCA-Energy\box yellow.gif --> df13.dot5hosting.com /public_html/BCA-Energy box yellow.gif
2005.08.30 22:47 B E:\dot5hosting\BCA-Energy\breeze.jpg --> df13.dot5hosting.com /public_html/BCA-Energy breeze.jpg
2005.08.30 22:47 B E:\dot5hosting\BCA-Energy\fabric1.gif --> df13.dot5hosting.com /public_html/BCA-Energy fabric1.gif
2005.08.30 22:47 B E:\dot5hosting\BCA-Energy\fabric2.gif --> df13.dot5hosting.com /public_html/BCA-Energy fabric2.gif
2005.08.30 22:47 B E:\dot5hosting\BCA-Energy\Glazing calculator.xls --> df13.dot5hosting.com /public_html/BCA-Energy Glazing calculator.xls
2005.08.30 22:47 B E:\dot5hosting\BCA-Energy\J1-to-J7.htm --> df13.dot5hosting.com /public_html/BCA-Energy J1-to-J7.htm
2005.08.30 22:47 B E:\dot5hosting\BCA-Energy\leakages.jpg --> df13.dot5hosting.com /public_html/BCA-Energy leakages.jpg
2005.08.30 22:48 B E:\dot5hosting\BCA-Energy\shading.jpg --> df13.dot5hosting.com /public_html/BCA-Energy shading.jpg
