2005.08.28 12:37 B E:\dot5hosting\tafe\f&g\bearing.htm <-- boeingconsult /tafe/f&g bearing.htm
2005.08.28 12:37 B E:\dot5hosting\tafe\f&g\f&g-course.htm <-- boeingconsult /tafe/f&g f&g-course.htm
2005.08.28 12:37 B E:\dot5hosting\tafe\f&g\f&g1.htm <-- boeingconsult /tafe/f&g f&g1.htm
2005.08.28 12:37 B E:\dot5hosting\tafe\f&g\lab-guidelines.htm <-- boeingconsult /tafe/f&g lab-guidelines.htm
2005.08.28 12:37 B E:\dot5hosting\tafe\f&g\Laboratory equipment.htm <-- boeingconsult /tafe/f&g Laboratory equipment.htm
2005.08.28 12:37 B E:\dot5hosting\tafe\f&g\maps.htm <-- boeingconsult /tafe/f&g maps.htm
2005.08.28 12:37 B E:\dot5hosting\tafe\f&g\notesf&g.htm <-- boeingconsult /tafe/f&g notesf&g.htm
2005.08.28 12:37 B E:\dot5hosting\tafe\f&g\phi.lc.gif <-- boeingconsult /tafe/f&g phi.lc.gif
2005.08.28 12:38 B E:\dot5hosting\tafe\f&g\prog1-05.htm <-- boeingconsult /tafe/f&g prog1-05.htm
2005.08.28 12:38 B E:\dot5hosting\tafe\f&g\rock-form.htm <-- boeingconsult /tafe/f&g rock-form.htm
2005.08.28 12:38 B E:\dot5hosting\tafe\f&g\sigma.lc.gif <-- boeingconsult /tafe/f&g sigma.lc.gif
2005.08.28 12:38 B E:\dot5hosting\tafe\f&g\Soil Description Assessment.pdf <-- boeingconsult /tafe/f&g Soil Description Assessment.pdf
2005.08.28 12:38 B E:\dot5hosting\tafe\f&g\soil-prop.htm <-- boeingconsult /tafe/f&g soil-prop.htm
2005.08.28 12:38 B E:\dot5hosting\tafe\f&g\units.htm <-- boeingconsult /tafe/f&g units.htm
2005.08.30 23:19 B E:\dot5hosting\tafe\f&g\bearing.htm --> df13.dot5hosting.com /public_html/tafe/f&g bearing.htm
2005.08.30 23:19 B E:\dot5hosting\tafe\f&g\f&g-course.htm --> df13.dot5hosting.com /public_html/tafe/f&g f&g-course.htm
2005.08.30 23:19 B E:\dot5hosting\tafe\f&g\f&g1.htm --> df13.dot5hosting.com /public_html/tafe/f&g f&g1.htm
2005.08.30 23:19 B E:\dot5hosting\tafe\f&g\lab-guidelines.htm --> df13.dot5hosting.com /public_html/tafe/f&g lab-guidelines.htm
2005.08.30 23:19 B E:\dot5hosting\tafe\f&g\Laboratory equipment.htm --> df13.dot5hosting.com /public_html/tafe/f&g Laboratory equipment.htm
2005.08.30 23:19 B E:\dot5hosting\tafe\f&g\maps.htm --> df13.dot5hosting.com /public_html/tafe/f&g maps.htm
2005.08.30 23:20 B E:\dot5hosting\tafe\f&g\notesf&g.htm --> df13.dot5hosting.com /public_html/tafe/f&g notesf&g.htm
2005.08.30 23:20 B E:\dot5hosting\tafe\f&g\phi.lc.gif --> df13.dot5hosting.com /public_html/tafe/f&g phi.lc.gif
2005.08.30 23:20 B E:\dot5hosting\tafe\f&g\prog1-05.htm --> df13.dot5hosting.com /public_html/tafe/f&g prog1-05.htm
2005.08.30 23:20 B E:\dot5hosting\tafe\f&g\rock-form.htm --> df13.dot5hosting.com /public_html/tafe/f&g rock-form.htm
2005.08.30 23:20 B E:\dot5hosting\tafe\f&g\sigma.lc.gif --> df13.dot5hosting.com /public_html/tafe/f&g sigma.lc.gif
2005.08.30 23:20 B E:\dot5hosting\tafe\f&g\Soil Description Assessment.pdf --> df13.dot5hosting.com /public_html/tafe/f&g Soil Description Assessment.pdf
2005.08.30 23:20 B E:\dot5hosting\tafe\f&g\soil-prop.htm --> df13.dot5hosting.com /public_html/tafe/f&g soil-prop.htm
2005.08.30 23:20 B E:\dot5hosting\tafe\f&g\units.htm --> df13.dot5hosting.com /public_html/tafe/f&g units.htm
