2005.08.28 12:42 B E:\dot5hosting\tafe\ss&so\survey1\level\2pegtest1.gif <-- boeingconsult /tafe/ss&so/survey1/level 2pegtest1.gif
2005.08.28 12:42 B E:\dot5hosting\tafe\ss&so\survey1\level\2pegtest2.gif <-- boeingconsult /tafe/ss&so/survey1/level 2pegtest2.gif
2005.08.28 12:42 B E:\dot5hosting\tafe\ss&so\survey1\level\appeq.gif <-- boeingconsult /tafe/ss&so/survey1/level appeq.gif
2005.08.28 12:42 B E:\dot5hosting\tafe\ss&so\survey1\level\contour.gif <-- boeingconsult /tafe/ss&so/survey1/level contour.gif
2005.08.28 12:42 B E:\dot5hosting\tafe\ss&so\survey1\level\contouringa.gif <-- boeingconsult /tafe/ss&so/survey1/level contouringa.gif
2005.08.28 12:42 B E:\dot5hosting\tafe\ss&so\survey1\level\equilateral.gif <-- boeingconsult /tafe/ss&so/survey1/level equilateral.gif
2005.08.28 12:42 B E:\dot5hosting\tafe\ss&so\survey1\level\geq.gif <-- boeingconsult /tafe/ss&so/survey1/level geq.gif
2005.08.28 12:42 B E:\dot5hosting\tafe\ss&so\survey1\level\leq.gif <-- boeingconsult /tafe/ss&so/survey1/level leq.gif
2005.08.28 12:43 B E:\dot5hosting\tafe\ss&so\survey1\level\levelling.GIF <-- boeingconsult /tafe/ss&so/survey1/level levelling.GIF
2005.08.28 12:43 B E:\dot5hosting\tafe\ss&so\survey1\level\notes-sur1.htm <-- boeingconsult /tafe/ss&so/survey1/level notes-sur1.htm
2005.08.28 12:43 B E:\dot5hosting\tafe\ss&so\survey1\level\o&c-traverse.gif <-- boeingconsult /tafe/ss&so/survey1/level o&c-traverse.gif
2005.08.28 12:43 B E:\dot5hosting\tafe\ss&so\survey1\level\paral-trapez.gif <-- boeingconsult /tafe/ss&so/survey1/level paral-trapez.gif
2005.08.28 12:43 B E:\dot5hosting\tafe\ss&so\survey1\level\prismoid.gif <-- boeingconsult /tafe/ss&so/survey1/level prismoid.gif
2005.08.28 12:43 B E:\dot5hosting\tafe\ss&so\survey1\level\rectangle-area.gif <-- boeingconsult /tafe/ss&so/survey1/level rectangle-area.gif
2005.08.28 12:43 B E:\dot5hosting\tafe\ss&so\survey1\level\spot-levels.gif <-- boeingconsult /tafe/ss&so/survey1/level spot-levels.gif
2005.08.28 12:43 B E:\dot5hosting\tafe\ss&so\survey1\level\test-gridvol.htm <-- boeingconsult /tafe/ss&so/survey1/level test-gridvol.htm
2005.08.28 12:43 B E:\dot5hosting\tafe\ss&so\survey1\level\triangle.gif <-- boeingconsult /tafe/ss&so/survey1/level triangle.gif
2005.08.28 12:43 B E:\dot5hosting\tafe\ss&so\survey1\level\trunc-pyr.gif <-- boeingconsult /tafe/ss&so/survey1/level trunc-pyr.gif
2005.08.28 12:43 B E:\dot5hosting\tafe\ss&so\survey1\level\vol-rec-pyr.gif <-- boeingconsult /tafe/ss&so/survey1/level vol-rec-pyr.gif
2005.08.30 23:26 B E:\dot5hosting\tafe\ss&so\survey1\level\2pegtest1.gif --> df13.dot5hosting.com /public_html/tafe/ss&so/survey1/level 2pegtest1.gif
2005.08.30 23:26 B E:\dot5hosting\tafe\ss&so\survey1\level\2pegtest2.gif --> df13.dot5hosting.com /public_html/tafe/ss&so/survey1/level 2pegtest2.gif
2005.08.30 23:26 B E:\dot5hosting\tafe\ss&so\survey1\level\appeq.gif --> df13.dot5hosting.com /public_html/tafe/ss&so/survey1/level appeq.gif
2005.08.30 23:26 B E:\dot5hosting\tafe\ss&so\survey1\level\contour.gif --> df13.dot5hosting.com /public_html/tafe/ss&so/survey1/level contour.gif
2005.08.30 23:26 B E:\dot5hosting\tafe\ss&so\survey1\level\contouringa.gif --> df13.dot5hosting.com /public_html/tafe/ss&so/survey1/level contouringa.gif
2005.08.30 23:26 B E:\dot5hosting\tafe\ss&so\survey1\level\equilateral.gif --> df13.dot5hosting.com /public_html/tafe/ss&so/survey1/level equilateral.gif
2005.08.30 23:26 B E:\dot5hosting\tafe\ss&so\survey1\level\geq.gif --> df13.dot5hosting.com /public_html/tafe/ss&so/survey1/level geq.gif
2005.08.30 23:26 B E:\dot5hosting\tafe\ss&so\survey1\level\leq.gif --> df13.dot5hosting.com /public_html/tafe/ss&so/survey1/level leq.gif
2005.08.30 23:26 B E:\dot5hosting\tafe\ss&so\survey1\level\levelling.GIF --> df13.dot5hosting.com /public_html/tafe/ss&so/survey1/level levelling.GIF
2005.08.30 23:26 B E:\dot5hosting\tafe\ss&so\survey1\level\notes-sur1.htm --> df13.dot5hosting.com /public_html/tafe/ss&so/survey1/level notes-sur1.htm
2005.08.30 23:26 B E:\dot5hosting\tafe\ss&so\survey1\level\o&c-traverse.gif --> df13.dot5hosting.com /public_html/tafe/ss&so/survey1/level o&c-traverse.gif
2005.08.30 23:26 B E:\dot5hosting\tafe\ss&so\survey1\level\paral-trapez.gif --> df13.dot5hosting.com /public_html/tafe/ss&so/survey1/level paral-trapez.gif
2005.08.30 23:26 B E:\dot5hosting\tafe\ss&so\survey1\level\prismoid.gif --> df13.dot5hosting.com /public_html/tafe/ss&so/survey1/level prismoid.gif
2005.08.30 23:26 B E:\dot5hosting\tafe\ss&so\survey1\level\rectangle-area.gif --> df13.dot5hosting.com /public_html/tafe/ss&so/survey1/level rectangle-area.gif
2005.08.30 23:26 B E:\dot5hosting\tafe\ss&so\survey1\level\spot-levels.gif --> df13.dot5hosting.com /public_html/tafe/ss&so/survey1/level spot-levels.gif
2005.08.30 23:26 B E:\dot5hosting\tafe\ss&so\survey1\level\test-gridvol.htm --> df13.dot5hosting.com /public_html/tafe/ss&so/survey1/level test-gridvol.htm
2005.08.30 23:26 B E:\dot5hosting\tafe\ss&so\survey1\level\triangle.gif --> df13.dot5hosting.com /public_html/tafe/ss&so/survey1/level triangle.gif
2005.08.30 23:26 B E:\dot5hosting\tafe\ss&so\survey1\level\trunc-pyr.gif --> df13.dot5hosting.com /public_html/tafe/ss&so/survey1/level trunc-pyr.gif
2005.08.30 23:26 B E:\dot5hosting\tafe\ss&so\survey1\level\vol-rec-pyr.gif --> df13.dot5hosting.com /public_html/tafe/ss&so/survey1/level vol-rec-pyr.gif
