2005.08.28 12:31 B E:\dot5hosting\tafe\construction\con3\C3delsched.htm <-- boeingconsult /tafe/construction/con3 C3delsched.htm
2005.08.28 12:31 B E:\dot5hosting\tafe\construction\con3\con3phot.htm <-- boeingconsult /tafe/construction/con3 con3phot.htm
2005.08.28 12:31 B E:\dot5hosting\tafe\construction\con3\image002.jpg <-- boeingconsult /tafe/construction/con3 image002.jpg
2005.08.28 12:31 B E:\dot5hosting\tafe\construction\con3\image004.jpg <-- boeingconsult /tafe/construction/con3 image004.jpg
2005.08.28 12:31 B E:\dot5hosting\tafe\construction\con3\image006.jpg <-- boeingconsult /tafe/construction/con3 image006.jpg
2005.08.28 12:31 B E:\dot5hosting\tafe\construction\con3\image008.jpg <-- boeingconsult /tafe/construction/con3 image008.jpg
2005.08.28 12:31 B E:\dot5hosting\tafe\construction\con3\image010.jpg <-- boeingconsult /tafe/construction/con3 image010.jpg
2005.08.28 12:31 B E:\dot5hosting\tafe\construction\con3\image012.jpg <-- boeingconsult /tafe/construction/con3 image012.jpg
2005.08.28 12:31 B E:\dot5hosting\tafe\construction\con3\image014.jpg <-- boeingconsult /tafe/construction/con3 image014.jpg
2005.08.28 12:31 B E:\dot5hosting\tafe\construction\con3\image016.jpg <-- boeingconsult /tafe/construction/con3 image016.jpg
2005.08.28 12:31 B E:\dot5hosting\tafe\construction\con3\image018.jpg <-- boeingconsult /tafe/construction/con3 image018.jpg
2005.08.28 12:31 B E:\dot5hosting\tafe\construction\con3\image020.jpg <-- boeingconsult /tafe/construction/con3 image020.jpg
2005.08.28 12:32 B E:\dot5hosting\tafe\construction\con3\image022.jpg <-- boeingconsult /tafe/construction/con3 image022.jpg
2005.08.28 12:32 B E:\dot5hosting\tafe\construction\con3\image024.jpg <-- boeingconsult /tafe/construction/con3 image024.jpg
2005.08.28 12:32 B E:\dot5hosting\tafe\construction\con3\image026.jpg <-- boeingconsult /tafe/construction/con3 image026.jpg
2005.08.28 12:32 B E:\dot5hosting\tafe\construction\con3\image028.jpg <-- boeingconsult /tafe/construction/con3 image028.jpg
2005.08.28 12:32 B E:\dot5hosting\tafe\construction\con3\image030.jpg <-- boeingconsult /tafe/construction/con3 image030.jpg
2005.08.28 12:32 B E:\dot5hosting\tafe\construction\con3\image032.jpg <-- boeingconsult /tafe/construction/con3 image032.jpg
2005.08.28 12:32 B E:\dot5hosting\tafe\construction\con3\image034.jpg <-- boeingconsult /tafe/construction/con3 image034.jpg
2005.08.28 12:32 B E:\dot5hosting\tafe\construction\con3\image036.jpg <-- boeingconsult /tafe/construction/con3 image036.jpg
2005.08.28 12:32 B E:\dot5hosting\tafe\construction\con3\project-bmt.gif <-- boeingconsult /tafe/construction/con3 project-bmt.gif
2005.08.28 12:32 B E:\dot5hosting\tafe\construction\con3\project-gf.gif <-- boeingconsult /tafe/construction/con3 project-gf.gif
2005.08.28 12:32 B E:\dot5hosting\tafe\construction\con3\project-plan.htm <-- boeingconsult /tafe/construction/con3 project-plan.htm
2005.08.28 12:32 B E:\dot5hosting\tafe\construction\con3\Tilt-HO.pdf <-- boeingconsult /tafe/construction/con3 Tilt-HO.pdf
2005.08.30 23:11 B E:\dot5hosting\tafe\construction\con3\C3delsched.htm --> df13.dot5hosting.com /public_html/tafe/construction/con3 C3delsched.htm
2005.08.30 23:11 B E:\dot5hosting\tafe\construction\con3\con3phot.htm --> df13.dot5hosting.com /public_html/tafe/construction/con3 con3phot.htm
2005.08.30 23:11 B E:\dot5hosting\tafe\construction\con3\image002.jpg --> df13.dot5hosting.com /public_html/tafe/construction/con3 image002.jpg
2005.08.30 23:11 B E:\dot5hosting\tafe\construction\con3\image004.jpg --> df13.dot5hosting.com /public_html/tafe/construction/con3 image004.jpg
2005.08.30 23:11 B E:\dot5hosting\tafe\construction\con3\image006.jpg --> df13.dot5hosting.com /public_html/tafe/construction/con3 image006.jpg
2005.08.30 23:11 B E:\dot5hosting\tafe\construction\con3\image008.jpg --> df13.dot5hosting.com /public_html/tafe/construction/con3 image008.jpg
2005.08.30 23:11 B E:\dot5hosting\tafe\construction\con3\image010.jpg --> df13.dot5hosting.com /public_html/tafe/construction/con3 image010.jpg
2005.08.30 23:11 B E:\dot5hosting\tafe\construction\con3\image012.jpg --> df13.dot5hosting.com /public_html/tafe/construction/con3 image012.jpg
2005.08.30 23:11 B E:\dot5hosting\tafe\construction\con3\image014.jpg --> df13.dot5hosting.com /public_html/tafe/construction/con3 image014.jpg
2005.08.30 23:11 B E:\dot5hosting\tafe\construction\con3\image016.jpg --> df13.dot5hosting.com /public_html/tafe/construction/con3 image016.jpg
2005.08.30 23:12 B E:\dot5hosting\tafe\construction\con3\image018.jpg --> df13.dot5hosting.com /public_html/tafe/construction/con3 image018.jpg
2005.08.30 23:12 B E:\dot5hosting\tafe\construction\con3\image020.jpg --> df13.dot5hosting.com /public_html/tafe/construction/con3 image020.jpg
2005.08.30 23:12 B E:\dot5hosting\tafe\construction\con3\image022.jpg --> df13.dot5hosting.com /public_html/tafe/construction/con3 image022.jpg
2005.08.30 23:12 B E:\dot5hosting\tafe\construction\con3\image024.jpg --> df13.dot5hosting.com /public_html/tafe/construction/con3 image024.jpg
2005.08.30 23:12 B E:\dot5hosting\tafe\construction\con3\image026.jpg --> df13.dot5hosting.com /public_html/tafe/construction/con3 image026.jpg
2005.08.30 23:12 B E:\dot5hosting\tafe\construction\con3\image028.jpg --> df13.dot5hosting.com /public_html/tafe/construction/con3 image028.jpg
2005.08.30 23:12 B E:\dot5hosting\tafe\construction\con3\image030.jpg --> df13.dot5hosting.com /public_html/tafe/construction/con3 image030.jpg
2005.08.30 23:12 B E:\dot5hosting\tafe\construction\con3\image032.jpg --> df13.dot5hosting.com /public_html/tafe/construction/con3 image032.jpg
2005.08.30 23:12 B E:\dot5hosting\tafe\construction\con3\image034.jpg --> df13.dot5hosting.com /public_html/tafe/construction/con3 image034.jpg
2005.08.30 23:12 B E:\dot5hosting\tafe\construction\con3\image036.jpg --> df13.dot5hosting.com /public_html/tafe/construction/con3 image036.jpg
2005.08.30 23:12 B E:\dot5hosting\tafe\construction\con3\project-bmt.gif --> df13.dot5hosting.com /public_html/tafe/construction/con3 project-bmt.gif
2005.08.30 23:12 B E:\dot5hosting\tafe\construction\con3\project-gf.gif --> df13.dot5hosting.com /public_html/tafe/construction/con3 project-gf.gif
2005.08.30 23:12 B E:\dot5hosting\tafe\construction\con3\project-plan.htm --> df13.dot5hosting.com /public_html/tafe/construction/con3 project-plan.htm
2005.08.30 23:13 B E:\dot5hosting\tafe\construction\con3\Tilt-HO.pdf --> df13.dot5hosting.com /public_html/tafe/construction/con3 Tilt-HO.pdf
