2005.08.28 13:21 B E:\dot5hosting\Environment\alpha.lc.gif <-- boeingconsult /Environment alpha.lc.gif
2005.08.28 13:21 B E:\dot5hosting\Environment\bg-image.jpg <-- boeingconsult /Environment bg-image.jpg
2005.08.28 13:22 B E:\dot5hosting\Environment\bg-image1a.jpg <-- boeingconsult /Environment bg-image1a.jpg
2005.08.28 13:22 B E:\dot5hosting\Environment\climate bca.jpg <-- boeingconsult /Environment climate bca.jpg
2005.08.28 13:22 B E:\dot5hosting\Environment\climate-macro-micro.htm <-- boeingconsult /Environment climate-macro-micro.htm
2005.08.28 13:23 B E:\dot5hosting\Environment\climate1.jpg <-- boeingconsult /Environment climate1.jpg
2005.08.28 13:23 B E:\dot5hosting\Environment\conductance-s.gif <-- boeingconsult /Environment conductance-s.gif
2005.08.28 13:23 B E:\dot5hosting\Environment\conductance.gif <-- boeingconsult /Environment conductance.gif
2005.08.28 13:23 B E:\dot5hosting\Environment\conductivity.gif <-- boeingconsult /Environment conductivity.gif
2005.08.28 13:23 B E:\dot5hosting\Environment\earth-sun1.gif <-- boeingconsult /Environment earth-sun1.gif
2005.08.28 13:23 B E:\dot5hosting\Environment\environment-home.htm <-- boeingconsult /Environment environment-home.htm
2005.08.28 13:23 B E:\dot5hosting\Environment\environment.htm <-- boeingconsult /Environment environment.htm
2005.08.28 13:23 B E:\dot5hosting\Environment\eqa1tr.gif <-- boeingconsult /Environment eqa1tr.gif
2005.08.28 13:23 B E:\dot5hosting\Environment\eqa2tr.gif <-- boeingconsult /Environment eqa2tr.gif
2005.08.28 13:23 B E:\dot5hosting\Environment\eqa3tr.gif <-- boeingconsult /Environment eqa3tr.gif
2005.08.28 13:23 B E:\dot5hosting\Environment\eqa4atr.gif <-- boeingconsult /Environment eqa4atr.gif
2005.08.28 13:23 B E:\dot5hosting\Environment\eqa4tr.gif <-- boeingconsult /Environment eqa4tr.gif
2005.08.28 13:24 B E:\dot5hosting\Environment\image002.jpg <-- boeingconsult /Environment image002.jpg
2005.08.28 13:24 B E:\dot5hosting\Environment\image004.jpg <-- boeingconsult /Environment image004.jpg
2005.08.28 13:24 B E:\dot5hosting\Environment\image006.jpg <-- boeingconsult /Environment image006.jpg
2005.08.28 13:24 B E:\dot5hosting\Environment\image008.jpg <-- boeingconsult /Environment image008.jpg
2005.08.28 13:24 B E:\dot5hosting\Environment\lambda.lc.gif <-- boeingconsult /Environment lambda.lc.gif
2005.08.28 13:24 B E:\dot5hosting\Environment\Macro and Micro Climate.htm <-- boeingconsult /Environment Macro and Micro Climate.htm
2005.08.28 13:24 B E:\dot5hosting\Environment\passive-energy.htm <-- boeingconsult /Environment passive-energy.htm
2005.08.28 13:24 B E:\dot5hosting\Environment\PMV.jpg <-- boeingconsult /Environment PMV.jpg
2005.08.28 13:24 B E:\dot5hosting\Environment\polar-sun-chart-a.jpg <-- boeingconsult /Environment polar-sun-chart-a.jpg
2005.08.28 13:25 B E:\dot5hosting\Environment\ppd copy.jpg <-- boeingconsult /Environment ppd copy.jpg
2005.08.28 13:25 B E:\dot5hosting\Environment\ppd-chart.jpg <-- boeingconsult /Environment ppd-chart.jpg
2005.08.28 13:25 B E:\dot5hosting\Environment\ppd.jpg <-- boeingconsult /Environment ppd.jpg
2005.08.28 13:25 B E:\dot5hosting\Environment\R-Code-p85.gif <-- boeingconsult /Environment R-Code-p85.gif
2005.08.28 13:25 B E:\dot5hosting\Environment\R-code.htm <-- boeingconsult /Environment R-code.htm
2005.08.28 13:25 B E:\dot5hosting\Environment\room-air-temperature.gif <-- boeingconsult /Environment room-air-temperature.gif
2005.08.28 13:25 B E:\dot5hosting\Environment\room-climate.htm <-- boeingconsult /Environment room-climate.htm
2005.08.28 13:25 B E:\dot5hosting\Environment\room-climates.gif <-- boeingconsult /Environment room-climates.gif
2005.08.28 13:25 B E:\dot5hosting\Environment\separate.psd <-- boeingconsult /Environment separate.psd
2005.08.28 13:25 B E:\dot5hosting\Environment\shadow-dec.gif <-- boeingconsult /Environment shadow-dec.gif
2005.08.28 13:26 B E:\dot5hosting\Environment\shadow-mar-sep-dec.gif <-- boeingconsult /Environment shadow-mar-sep-dec.gif
2005.08.28 13:26 B E:\dot5hosting\Environment\shadows.gif <-- boeingconsult /Environment shadows.gif
2005.08.28 13:26 B E:\dot5hosting\Environment\sun-chart-cylindrical.jpg <-- boeingconsult /Environment sun-chart-cylindrical.jpg
2005.08.28 13:26 B E:\dot5hosting\Environment\sun-chart-s.gif <-- boeingconsult /Environment sun-chart-s.gif
2005.08.28 13:26 B E:\dot5hosting\Environment\sun-chart.gif <-- boeingconsult /Environment sun-chart.gif
2005.08.28 13:27 B E:\dot5hosting\Environment\sun-data.gif <-- boeingconsult /Environment sun-data.gif
2005.08.28 13:27 B E:\dot5hosting\Environment\sun-path-s.gif <-- boeingconsult /Environment sun-path-s.gif
2005.08.28 13:27 B E:\dot5hosting\Environment\sun-path.gif <-- boeingconsult /Environment sun-path.gif
2005.08.28 13:27 B E:\dot5hosting\Environment\temp-gradient.gif <-- boeingconsult /Environment temp-gradient.gif
2005.08.28 13:27 B E:\dot5hosting\Environment\thermal.htm <-- boeingconsult /Environment thermal.htm
2005.08.30 22:48 B E:\dot5hosting\Environment\alpha.lc.gif --> df13.dot5hosting.com /public_html/Environment alpha.lc.gif
2005.08.30 22:49 B E:\dot5hosting\Environment\bg-image.jpg --> df13.dot5hosting.com /public_html/Environment bg-image.jpg
2005.08.30 22:49 B E:\dot5hosting\Environment\bg-image1a.jpg --> df13.dot5hosting.com /public_html/Environment bg-image1a.jpg
2005.08.30 22:50 B E:\dot5hosting\Environment\climate bca.jpg --> df13.dot5hosting.com /public_html/Environment climate bca.jpg
2005.08.30 22:50 B E:\dot5hosting\Environment\climate-macro-micro.htm --> df13.dot5hosting.com /public_html/Environment climate-macro-micro.htm
2005.08.30 22:51 B E:\dot5hosting\Environment\climate1.jpg --> df13.dot5hosting.com /public_html/Environment climate1.jpg
2005.08.30 22:51 B E:\dot5hosting\Environment\conductance-s.gif --> df13.dot5hosting.com /public_html/Environment conductance-s.gif
2005.08.30 22:51 B E:\dot5hosting\Environment\conductance.gif --> df13.dot5hosting.com /public_html/Environment conductance.gif
2005.08.30 22:51 B E:\dot5hosting\Environment\conductivity.gif --> df13.dot5hosting.com /public_html/Environment conductivity.gif
2005.08.30 22:51 B E:\dot5hosting\Environment\earth-sun1.gif --> df13.dot5hosting.com /public_html/Environment earth-sun1.gif
2005.08.30 22:51 B E:\dot5hosting\Environment\environment-home.htm --> df13.dot5hosting.com /public_html/Environment environment-home.htm
2005.08.30 22:51 B E:\dot5hosting\Environment\environment.htm --> df13.dot5hosting.com /public_html/Environment environment.htm
2005.08.30 22:51 B E:\dot5hosting\Environment\eqa1tr.gif --> df13.dot5hosting.com /public_html/Environment eqa1tr.gif
2005.08.30 22:51 B E:\dot5hosting\Environment\eqa2tr.gif --> df13.dot5hosting.com /public_html/Environment eqa2tr.gif
2005.08.30 22:51 B E:\dot5hosting\Environment\eqa3tr.gif --> df13.dot5hosting.com /public_html/Environment eqa3tr.gif
2005.08.30 22:51 B E:\dot5hosting\Environment\eqa4atr.gif --> df13.dot5hosting.com /public_html/Environment eqa4atr.gif
2005.08.30 22:51 B E:\dot5hosting\Environment\eqa4tr.gif --> df13.dot5hosting.com /public_html/Environment eqa4tr.gif
2005.08.30 22:51 B E:\dot5hosting\Environment\image002.jpg --> df13.dot5hosting.com /public_html/Environment image002.jpg
2005.08.30 22:51 B E:\dot5hosting\Environment\image004.jpg --> df13.dot5hosting.com /public_html/Environment image004.jpg
2005.08.30 22:51 B E:\dot5hosting\Environment\image006.jpg --> df13.dot5hosting.com /public_html/Environment image006.jpg
2005.08.30 22:51 B E:\dot5hosting\Environment\image008.jpg --> df13.dot5hosting.com /public_html/Environment image008.jpg
2005.08.30 22:51 B E:\dot5hosting\Environment\lambda.lc.gif --> df13.dot5hosting.com /public_html/Environment lambda.lc.gif
2005.08.30 22:51 B E:\dot5hosting\Environment\Macro and Micro Climate.htm --> df13.dot5hosting.com /public_html/Environment Macro and Micro Climate.htm
2005.08.30 22:51 B E:\dot5hosting\Environment\passive-energy.htm --> df13.dot5hosting.com /public_html/Environment passive-energy.htm
2005.08.30 22:51 B E:\dot5hosting\Environment\PMV.jpg --> df13.dot5hosting.com /public_html/Environment PMV.jpg
2005.08.30 22:52 B E:\dot5hosting\Environment\polar-sun-chart-a.jpg --> df13.dot5hosting.com /public_html/Environment polar-sun-chart-a.jpg
2005.08.30 22:52 B E:\dot5hosting\Environment\ppd copy.jpg --> df13.dot5hosting.com /public_html/Environment ppd copy.jpg
2005.08.30 22:52 B E:\dot5hosting\Environment\ppd-chart.jpg --> df13.dot5hosting.com /public_html/Environment ppd-chart.jpg
2005.08.30 22:52 B E:\dot5hosting\Environment\ppd.jpg --> df13.dot5hosting.com /public_html/Environment ppd.jpg
2005.08.30 22:52 B E:\dot5hosting\Environment\R-Code-p85.gif --> df13.dot5hosting.com /public_html/Environment R-Code-p85.gif
2005.08.30 22:52 B E:\dot5hosting\Environment\R-code.htm --> df13.dot5hosting.com /public_html/Environment R-code.htm
2005.08.30 22:52 B E:\dot5hosting\Environment\room-air-temperature.gif --> df13.dot5hosting.com /public_html/Environment room-air-temperature.gif
2005.08.30 22:52 B E:\dot5hosting\Environment\room-climate.htm --> df13.dot5hosting.com /public_html/Environment room-climate.htm
2005.08.30 22:52 B E:\dot5hosting\Environment\room-climates.gif --> df13.dot5hosting.com /public_html/Environment room-climates.gif
2005.08.30 22:52 B E:\dot5hosting\Environment\separate.psd --> df13.dot5hosting.com /public_html/Environment separate.psd
2005.08.30 22:52 B E:\dot5hosting\Environment\shadow-dec.gif --> df13.dot5hosting.com /public_html/Environment shadow-dec.gif
2005.08.30 22:52 B E:\dot5hosting\Environment\shadow-mar-sep-dec.gif --> df13.dot5hosting.com /public_html/Environment shadow-mar-sep-dec.gif
2005.08.30 22:52 B E:\dot5hosting\Environment\shadows.gif --> df13.dot5hosting.com /public_html/Environment shadows.gif
2005.08.30 22:53 B E:\dot5hosting\Environment\sun-chart-cylindrical.jpg --> df13.dot5hosting.com /public_html/Environment sun-chart-cylindrical.jpg
2005.08.30 22:53 B E:\dot5hosting\Environment\sun-chart-s.gif --> df13.dot5hosting.com /public_html/Environment sun-chart-s.gif
2005.08.30 22:53 B E:\dot5hosting\Environment\sun-chart.gif --> df13.dot5hosting.com /public_html/Environment sun-chart.gif
2005.08.30 22:53 B E:\dot5hosting\Environment\sun-data.gif --> df13.dot5hosting.com /public_html/Environment sun-data.gif
2005.08.30 22:53 B E:\dot5hosting\Environment\sun-path-s.gif --> df13.dot5hosting.com /public_html/Environment sun-path-s.gif
2005.08.30 22:53 B E:\dot5hosting\Environment\sun-path.gif --> df13.dot5hosting.com /public_html/Environment sun-path.gif
2005.08.30 22:54 B E:\dot5hosting\Environment\temp-gradient.gif --> df13.dot5hosting.com /public_html/Environment temp-gradient.gif
2005.08.30 22:54 B E:\dot5hosting\Environment\thermal.htm --> df13.dot5hosting.com /public_html/Environment thermal.htm
