2005.08.28 12:25 B E:\dot5hosting\tafe\as1684\1684-old-new.htm <-- boeingconsult /tafe/as1684 1684-old-new.htm
2005.08.28 12:25 B E:\dot5hosting\tafe\as1684\8-18(b).gif <-- boeingconsult /tafe/as1684 8-18(b).gif
2005.08.28 12:25 B E:\dot5hosting\tafe\as1684\abc105.htm <-- boeingconsult /tafe/as1684 abc105.htm
2005.08.28 12:25 B E:\dot5hosting\tafe\as1684\AS1684-2.htm <-- boeingconsult /tafe/as1684 AS1684-2.htm
2005.08.28 12:25 B E:\dot5hosting\tafe\as1684\brace.gif <-- boeingconsult /tafe/as1684 brace.gif
2005.08.28 12:25 B E:\dot5hosting\tafe\as1684\bracing.htm <-- boeingconsult /tafe/as1684 bracing.htm
2005.08.28 12:25 B E:\dot5hosting\tafe\as1684\ceiling-overl.gif <-- boeingconsult /tafe/as1684 ceiling-overl.gif
2005.08.28 12:25 B E:\dot5hosting\tafe\as1684\diaphragm.gif <-- boeingconsult /tafe/as1684 diaphragm.gif
2005.08.28 12:25 B E:\dot5hosting\tafe\as1684\G3-N2.JPG <-- boeingconsult /tafe/as1684 G3-N2.JPG
2005.08.28 12:25 B E:\dot5hosting\tafe\as1684\image002.gif <-- boeingconsult /tafe/as1684 image002.gif
2005.08.28 12:25 B E:\dot5hosting\tafe\as1684\image004.gif <-- boeingconsult /tafe/as1684 image004.gif
2005.08.28 12:25 B E:\dot5hosting\tafe\as1684\image006.gif <-- boeingconsult /tafe/as1684 image006.gif
2005.08.28 12:25 B E:\dot5hosting\tafe\as1684\image008.gif <-- boeingconsult /tafe/as1684 image008.gif
2005.08.28 12:26 B E:\dot5hosting\tafe\as1684\image010.gif <-- boeingconsult /tafe/as1684 image010.gif
2005.08.28 12:26 B E:\dot5hosting\tafe\as1684\larrow.gif <-- boeingconsult /tafe/as1684 larrow.gif
2005.08.28 12:26 B E:\dot5hosting\tafe\as1684\mt.gif <-- boeingconsult /tafe/as1684 mt.gif
2005.08.28 12:26 B E:\dot5hosting\tafe\as1684\MultiplierTables.htm <-- boeingconsult /tafe/as1684 MultiplierTables.htm
2005.08.28 12:26 B E:\dot5hosting\tafe\as1684\old-new-code.htm <-- boeingconsult /tafe/as1684 old-new-code.htm
2005.08.28 12:26 B E:\dot5hosting\tafe\as1684\planE-answer.htm <-- boeingconsult /tafe/as1684 planE-answer.htm
2005.08.28 12:26 B E:\dot5hosting\tafe\as1684\rarrow.gif <-- boeingconsult /tafe/as1684 rarrow.gif
2005.08.28 12:26 B E:\dot5hosting\tafe\as1684\ras-planE.htm <-- boeingconsult /tafe/as1684 ras-planE.htm
2005.08.28 12:26 B E:\dot5hosting\tafe\as1684\ras.gif <-- boeingconsult /tafe/as1684 ras.gif
2005.08.28 12:26 B E:\dot5hosting\tafe\as1684\roof-overl.gif <-- boeingconsult /tafe/as1684 roof-overl.gif
2005.08.28 12:26 B E:\dot5hosting\tafe\as1684\strutting-overl.gif <-- boeingconsult /tafe/as1684 strutting-overl.gif
2005.08.28 12:26 B E:\dot5hosting\tafe\as1684\T8-2N3.gif <-- boeingconsult /tafe/as1684 T8-2N3.gif
2005.08.28 12:26 B E:\dot5hosting\tafe\as1684\tables.htm <-- boeingconsult /tafe/as1684 tables.htm
2005.08.28 12:26 B E:\dot5hosting\tafe\as1684\TfdDelsched.htm <-- boeingconsult /tafe/as1684 TfdDelsched.htm
2005.08.28 12:26 B E:\dot5hosting\tafe\as1684\TiFraDesign.htm <-- boeingconsult /tafe/as1684 TiFraDesign.htm
2005.08.28 12:26 B E:\dot5hosting\tafe\as1684\wind-area.gif <-- boeingconsult /tafe/as1684 wind-area.gif
2005.08.28 12:26 B E:\dot5hosting\tafe\as1684\wind1.gif <-- boeingconsult /tafe/as1684 wind1.gif
2005.08.28 12:26 B E:\dot5hosting\tafe\as1684\wind2.gif <-- boeingconsult /tafe/as1684 wind2.gif
2005.08.30 22:59 B E:\dot5hosting\tafe\as1684\1684-old-new.htm --> df13.dot5hosting.com /public_html/tafe/as1684 1684-old-new.htm
2005.08.30 22:59 B E:\dot5hosting\tafe\as1684\8-18(b).gif --> df13.dot5hosting.com /public_html/tafe/as1684 8-18(b).gif
2005.08.30 22:59 B E:\dot5hosting\tafe\as1684\abc105.htm --> df13.dot5hosting.com /public_html/tafe/as1684 abc105.htm
2005.08.30 22:59 B E:\dot5hosting\tafe\as1684\AS1684-2.htm --> df13.dot5hosting.com /public_html/tafe/as1684 AS1684-2.htm
2005.08.30 22:59 B E:\dot5hosting\tafe\as1684\brace.gif --> df13.dot5hosting.com /public_html/tafe/as1684 brace.gif
2005.08.30 22:59 B E:\dot5hosting\tafe\as1684\bracing.htm --> df13.dot5hosting.com /public_html/tafe/as1684 bracing.htm
2005.08.30 23:00 B E:\dot5hosting\tafe\as1684\ceiling-overl.gif --> df13.dot5hosting.com /public_html/tafe/as1684 ceiling-overl.gif
2005.08.30 23:00 B E:\dot5hosting\tafe\as1684\diaphragm.gif --> df13.dot5hosting.com /public_html/tafe/as1684 diaphragm.gif
2005.08.30 23:00 B E:\dot5hosting\tafe\as1684\G3-N2.JPG --> df13.dot5hosting.com /public_html/tafe/as1684 G3-N2.JPG
2005.08.30 23:00 B E:\dot5hosting\tafe\as1684\image002.gif --> df13.dot5hosting.com /public_html/tafe/as1684 image002.gif
2005.08.30 23:00 B E:\dot5hosting\tafe\as1684\image004.gif --> df13.dot5hosting.com /public_html/tafe/as1684 image004.gif
2005.08.30 23:00 B E:\dot5hosting\tafe\as1684\image006.gif --> df13.dot5hosting.com /public_html/tafe/as1684 image006.gif
2005.08.30 23:00 B E:\dot5hosting\tafe\as1684\image008.gif --> df13.dot5hosting.com /public_html/tafe/as1684 image008.gif
2005.08.30 23:00 B E:\dot5hosting\tafe\as1684\image010.gif --> df13.dot5hosting.com /public_html/tafe/as1684 image010.gif
2005.08.30 23:00 B E:\dot5hosting\tafe\as1684\larrow.gif --> df13.dot5hosting.com /public_html/tafe/as1684 larrow.gif
2005.08.30 23:00 B E:\dot5hosting\tafe\as1684\mt.gif --> df13.dot5hosting.com /public_html/tafe/as1684 mt.gif
2005.08.30 23:00 B E:\dot5hosting\tafe\as1684\MultiplierTables.htm --> df13.dot5hosting.com /public_html/tafe/as1684 MultiplierTables.htm
2005.08.30 23:00 B E:\dot5hosting\tafe\as1684\old-new-code.htm --> df13.dot5hosting.com /public_html/tafe/as1684 old-new-code.htm
2005.08.30 23:00 B E:\dot5hosting\tafe\as1684\planE-answer.htm --> df13.dot5hosting.com /public_html/tafe/as1684 planE-answer.htm
2005.08.30 23:00 B E:\dot5hosting\tafe\as1684\rarrow.gif --> df13.dot5hosting.com /public_html/tafe/as1684 rarrow.gif
2005.08.30 23:00 B E:\dot5hosting\tafe\as1684\ras-planE.htm --> df13.dot5hosting.com /public_html/tafe/as1684 ras-planE.htm
2005.08.30 23:01 B E:\dot5hosting\tafe\as1684\ras.gif --> df13.dot5hosting.com /public_html/tafe/as1684 ras.gif
2005.08.30 23:01 B E:\dot5hosting\tafe\as1684\roof-overl.gif --> df13.dot5hosting.com /public_html/tafe/as1684 roof-overl.gif
2005.08.30 23:01 B E:\dot5hosting\tafe\as1684\strutting-overl.gif --> df13.dot5hosting.com /public_html/tafe/as1684 strutting-overl.gif
2005.08.30 23:01 B E:\dot5hosting\tafe\as1684\T8-2N3.gif --> df13.dot5hosting.com /public_html/tafe/as1684 T8-2N3.gif
2005.08.30 23:01 B E:\dot5hosting\tafe\as1684\tables.htm --> df13.dot5hosting.com /public_html/tafe/as1684 tables.htm
2005.08.30 23:01 B E:\dot5hosting\tafe\as1684\TfdDelsched.htm --> df13.dot5hosting.com /public_html/tafe/as1684 TfdDelsched.htm
2005.08.30 23:01 B E:\dot5hosting\tafe\as1684\TiFraDesign.htm --> df13.dot5hosting.com /public_html/tafe/as1684 TiFraDesign.htm
2005.08.30 23:01 B E:\dot5hosting\tafe\as1684\wind-area.gif --> df13.dot5hosting.com /public_html/tafe/as1684 wind-area.gif
2005.08.30 23:01 B E:\dot5hosting\tafe\as1684\wind1.gif --> df13.dot5hosting.com /public_html/tafe/as1684 wind1.gif
2005.08.30 23:01 B E:\dot5hosting\tafe\as1684\wind2.gif --> df13.dot5hosting.com /public_html/tafe/as1684 wind2.gif
