2007.08.05 13:16 B E:\dot5hosting\tafe\bcg5009\bg-image.jpg --> df13.dot5hosting.com /public_html/tafe/bcg5009 bg-image.jpg
2007.08.05 13:16 B E:\dot5hosting\tafe\bcg5009\bg-imageMakabat al Awqaf-Irak.jpg --> df13.dot5hosting.com /public_html/tafe/bcg5009 bg-imageMakabat al Awqaf-Irak.jpg
2007.08.05 13:16 B E:\dot5hosting\tafe\bcg5009\contents.htm --> df13.dot5hosting.com /public_html/tafe/bcg5009 contents.htm
2007.08.05 13:16 B E:\dot5hosting\tafe\bcg5009\DSAP.pdf --> df13.dot5hosting.com /public_html/tafe/bcg5009 DSAP.pdf
2007.08.05 13:16 B E:\dot5hosting\tafe\bcg5009\fire-course.htm --> df13.dot5hosting.com /public_html/tafe/bcg5009 fire-course.htm
2007.08.05 13:16 B E:\dot5hosting\tafe\bcg5009\Weeek2-HO-fire-triangle.htm --> df13.dot5hosting.com /public_html/tafe/bcg5009 Weeek2-HO-fire-triangle.htm
2007.08.05 13:18 B E:\dot5hosting\tafe\bcg5009\Weeek2-HO-fire-triangle.pdf --> df13.dot5hosting.com /public_html/tafe/bcg5009 Weeek2-HO-fire-triangle.pdf
2007.08.05 13:19 B E:\dot5hosting\tafe\bcg5009\Week1-9-11-WTC.pdf --> df13.dot5hosting.com /public_html/tafe/bcg5009 Week1-9-11-WTC.pdf
2007.08.05 13:19 B E:\dot5hosting\tafe\bcg5009\Week1-HO-Fire Terms.htm --> df13.dot5hosting.com /public_html/tafe/bcg5009 Week1-HO-Fire Terms.htm
2007.08.05 13:23 B E:\dot5hosting\tafe\bcg5009\Week2-firebasics.pdf --> df13.dot5hosting.com /public_html/tafe/bcg5009 Week2-firebasics.pdf
2007.08.05 14:51 B E:\dot5hosting\tafe\bcg5009\Week2-firebasics-compressed.ppt --> df13.dot5hosting.com /public_html/tafe/bcg5009 Week2-firebasics-compressed.ppt
2007.08.05 15:00 B E:\dot5hosting\tafe\bcg5009\contents.htm --> df13.dot5hosting.com /public_html/tafe/bcg5009 contents.htm
2007.08.05 15:13 B E:\dot5hosting\tafe\bcg5009\contents.htm --> df13.dot5hosting.com /public_html/tafe/bcg5009 contents.htm
2007.08.05 15:16 B E:\dot5hosting\tafe\bcg5009\Week2-firebasics-compressed.htm --> df13.dot5hosting.com /public_html/tafe/bcg5009 Week2-firebasics-compressed.htm
2007.08.05 15:21 B E:\dot5hosting\tafe\bcg5009\Week2-firebasics-compressed.htm --> df13.dot5hosting.com /public_html/tafe/bcg5009 Week2-firebasics-compressed.htm
2007.08.05 15:38 B E:\dot5hosting\tafe\bcg5009\Week2-firebasics-compressed.htm --> df13.dot5hosting.com /public_html/tafe/bcg5009 Week2-firebasics-compressed.htm
2007.08.05 15:59 B E:\dot5hosting\tafe\bcg5009\slide0018.htm <-- boeingconsult.com /public_html/tafe/bcg5009/Week2-firebasics-compressed_files slide0018.htm
2007.08.05 16:38 B E:\dot5hosting\tafe\bcg5009\Week2-firebasics-compressed.ppt --> df13.dot5hosting.com /public_html/tafe/bcg5009 Week2-firebasics-compressed.ppt
2007.08.05 16:46 B E:\dot5hosting\tafe\bcg5009\contents.htm --> df13.dot5hosting.com /public_html/tafe/bcg5009 contents.htm
2007.08.06 17:36 B E:\dot5hosting\tafe\bcg5009\contents.htm --> df13.dot5hosting.com /public_html/tafe/bcg5009 contents.htm
2007.08.18 17:22 B E:\dot5hosting\tafe\bcg5009\contents.htm --> df13.dot5hosting.com /public_html/tafe/bcg5009 contents.htm
2007.08.18 17:23 B E:\dot5hosting\tafe\bcg5009\Week 3-5-HO-ppt.doc --> df13.dot5hosting.com /public_html/tafe/bcg5009 Week 3-5-HO-ppt.doc
2007.08.18 17:29 B E:\dot5hosting\tafe\bcg5009\Week2-firebasics.ppt --> df13.dot5hosting.com /public_html/tafe/bcg5009 Week2-firebasics.ppt
2007.08.18 18:09 B E:\dot5hosting\tafe\bcg5009\Week2-firebasics.ppt --> df13.dot5hosting.com /public_html/tafe/bcg5009 Week2-firebasics.ppt
2007.08.18 20:31 B E:\dot5hosting\tafe\bcg5009\Week 3-5-HO-ppt.htm --> df13.dot5hosting.com /public_html/tafe/bcg5009 Week 3-5-HO-ppt.htm
2007.08.18 20:31 B E:\dot5hosting\tafe\bcg5009\contents.htm --> df13.dot5hosting.com /public_html/tafe/bcg5009 contents.htm
2007.08.18 20:35 B E:\dot5hosting\tafe\bcg5009\contents.htm --> df13.dot5hosting.com /public_html/tafe/bcg5009 contents.htm
2007.09.10 21:07 B E:\dot5hosting\tafe\bcg5009\Week7 smoke control.htm --> df13.dot5hosting.com /public_html/tafe/bcg5009 Week7 smoke control.htm
2007.09.10 21:07 B E:\dot5hosting\tafe\bcg5009\Fire-testing+BCA.htm --> df13.dot5hosting.com /public_html/tafe/bcg5009 Fire-testing+BCA.htm
2007.09.10 21:44 B E:\dot5hosting\tafe\bcg5009\contents.htm --> df13.dot5hosting.com /public_html/tafe/bcg5009 contents.htm
2007.09.10 22:30 B E:\dot5hosting\tafe\bcg5009\Week7 smoke control.pdf --> df13.dot5hosting.com /public_html/tafe/bcg5009 Week7 smoke control.pdf
2007.09.10 22:46 B E:\dot5hosting\tafe\bcg5009\Fire-testing+BCA.pdf --> df13.dot5hosting.com /public_html/tafe/bcg5009 Fire-testing+BCA.pdf
2007.09.10 22:47 B E:\dot5hosting\tafe\bcg5009\contents.htm --> df13.dot5hosting.com /public_html/tafe/bcg5009 contents.htm
2007.09.10 22:51 B E:\dot5hosting\tafe\bcg5009\Week-8-compartment.ppt --> df13.dot5hosting.com /public_html/tafe/bcg5009 Week-8-compartment.ppt
2007.09.10 22:56 B E:\dot5hosting\tafe\bcg5009\Week7 smoke control.ppt --> df13.dot5hosting.com /public_html/tafe/bcg5009 Week7 smoke control.ppt
