2007.09.10 20:48 B E:\dot5hosting\tafe\bcg5009\Week7 smoke control_files\buttons.gif --> df13.dot5hosting.com /public_html/tafe/bcg5009/Week7 smoke control_files buttons.gif
2007.09.10 20:48 B E:\dot5hosting\tafe\bcg5009\Week7 smoke control_files\filelist.xml --> df13.dot5hosting.com /public_html/tafe/bcg5009/Week7 smoke control_files filelist.xml
2007.09.10 20:48 B E:\dot5hosting\tafe\bcg5009\Week7 smoke control_files\frame.htm --> df13.dot5hosting.com /public_html/tafe/bcg5009/Week7 smoke control_files frame.htm
2007.09.10 20:48 B E:\dot5hosting\tafe\bcg5009\Week7 smoke control_files\fullscreen.htm --> df13.dot5hosting.com /public_html/tafe/bcg5009/Week7 smoke control_files fullscreen.htm
2007.09.10 20:48 B E:\dot5hosting\tafe\bcg5009\Week7 smoke control_files\master01.htm --> df13.dot5hosting.com /public_html/tafe/bcg5009/Week7 smoke control_files master01.htm
2007.09.10 20:48 B E:\dot5hosting\tafe\bcg5009\Week7 smoke control_files\master03.htm --> df13.dot5hosting.com /public_html/tafe/bcg5009/Week7 smoke control_files master03.htm
2007.09.10 20:48 B E:\dot5hosting\tafe\bcg5009\Week7 smoke control_files\master03.xml --> df13.dot5hosting.com /public_html/tafe/bcg5009/Week7 smoke control_files master03.xml
2007.09.10 20:48 B E:\dot5hosting\tafe\bcg5009\Week7 smoke control_files\master03_background.gif --> df13.dot5hosting.com /public_html/tafe/bcg5009/Week7 smoke control_files master03_background.gif
2007.09.10 20:48 B E:\dot5hosting\tafe\bcg5009\Week7 smoke control_files\master03_stylesheet.css --> df13.dot5hosting.com /public_html/tafe/bcg5009/Week7 smoke control_files master03_stylesheet.css
2007.09.10 20:48 B E:\dot5hosting\tafe\bcg5009\Week7 smoke control_files\notes_flag.gif --> df13.dot5hosting.com /public_html/tafe/bcg5009/Week7 smoke control_files notes_flag.gif
2007.09.10 20:48 B E:\dot5hosting\tafe\bcg5009\Week7 smoke control_files\outline.htm --> df13.dot5hosting.com /public_html/tafe/bcg5009/Week7 smoke control_files outline.htm
2007.09.10 20:48 B E:\dot5hosting\tafe\bcg5009\Week7 smoke control_files\pres.xml --> df13.dot5hosting.com /public_html/tafe/bcg5009/Week7 smoke control_files pres.xml
2007.09.10 20:48 B E:\dot5hosting\tafe\bcg5009\Week7 smoke control_files\preview.wmf --> df13.dot5hosting.com /public_html/tafe/bcg5009/Week7 smoke control_files preview.wmf
2007.09.10 20:49 B E:\dot5hosting\tafe\bcg5009\Week7 smoke control_files\script.js --> df13.dot5hosting.com /public_html/tafe/bcg5009/Week7 smoke control_files script.js
2007.09.10 20:49 B E:\dot5hosting\tafe\bcg5009\Week7 smoke control_files\slide0001.htm --> df13.dot5hosting.com /public_html/tafe/bcg5009/Week7 smoke control_files slide0001.htm
2007.09.10 20:49 B E:\dot5hosting\tafe\bcg5009\Week7 smoke control_files\slide0001_image042.jpg --> df13.dot5hosting.com /public_html/tafe/bcg5009/Week7 smoke control_files slide0001_image042.jpg
2007.09.10 20:49 B E:\dot5hosting\tafe\bcg5009\Week7 smoke control_files\slide0001_image043.jpg --> df13.dot5hosting.com /public_html/tafe/bcg5009/Week7 smoke control_files slide0001_image043.jpg
2007.09.10 20:49 B E:\dot5hosting\tafe\bcg5009\Week7 smoke control_files\slide0002.htm --> df13.dot5hosting.com /public_html/tafe/bcg5009/Week7 smoke control_files slide0002.htm
2007.09.10 20:49 B E:\dot5hosting\tafe\bcg5009\Week7 smoke control_files\slide0003.htm --> df13.dot5hosting.com /public_html/tafe/bcg5009/Week7 smoke control_files slide0003.htm
2007.09.10 20:50 B E:\dot5hosting\tafe\bcg5009\Week7 smoke control_files\slide0003_image038.wmz --> df13.dot5hosting.com /public_html/tafe/bcg5009/Week7 smoke control_files slide0003_image038.wmz
2007.09.10 20:50 B E:\dot5hosting\tafe\bcg5009\Week7 smoke control_files\slide0003_image039.gif --> df13.dot5hosting.com /public_html/tafe/bcg5009/Week7 smoke control_files slide0003_image039.gif
2007.09.10 20:50 B E:\dot5hosting\tafe\bcg5009\Week7 smoke control_files\slide0003_image040.wmz --> df13.dot5hosting.com /public_html/tafe/bcg5009/Week7 smoke control_files slide0003_image040.wmz
2007.09.10 20:50 B E:\dot5hosting\tafe\bcg5009\Week7 smoke control_files\slide0003_image041.gif --> df13.dot5hosting.com /public_html/tafe/bcg5009/Week7 smoke control_files slide0003_image041.gif
2007.09.10 20:50 B E:\dot5hosting\tafe\bcg5009\Week7 smoke control_files\slide0004.htm --> df13.dot5hosting.com /public_html/tafe/bcg5009/Week7 smoke control_files slide0004.htm
2007.09.10 20:50 B E:\dot5hosting\tafe\bcg5009\Week7 smoke control_files\slide0005.htm --> df13.dot5hosting.com /public_html/tafe/bcg5009/Week7 smoke control_files slide0005.htm
2007.09.10 20:50 B E:\dot5hosting\tafe\bcg5009\Week7 smoke control_files\slide0007.htm --> df13.dot5hosting.com /public_html/tafe/bcg5009/Week7 smoke control_files slide0007.htm
2007.09.10 20:50 B E:\dot5hosting\tafe\bcg5009\Week7 smoke control_files\slide0008.htm --> df13.dot5hosting.com /public_html/tafe/bcg5009/Week7 smoke control_files slide0008.htm
2007.09.10 20:50 B E:\dot5hosting\tafe\bcg5009\Week7 smoke control_files\slide0008_image044.jpg --> df13.dot5hosting.com /public_html/tafe/bcg5009/Week7 smoke control_files slide0008_image044.jpg
2007.09.10 20:50 B E:\dot5hosting\tafe\bcg5009\Week7 smoke control_files\slide0008_image045.jpg --> df13.dot5hosting.com /public_html/tafe/bcg5009/Week7 smoke control_files slide0008_image045.jpg
2007.09.10 20:50 B E:\dot5hosting\tafe\bcg5009\Week7 smoke control_files\slide0009.htm --> df13.dot5hosting.com /public_html/tafe/bcg5009/Week7 smoke control_files slide0009.htm
2007.09.10 20:50 B E:\dot5hosting\tafe\bcg5009\Week7 smoke control_files\slide0010.htm --> df13.dot5hosting.com /public_html/tafe/bcg5009/Week7 smoke control_files slide0010.htm
2007.09.10 20:50 B E:\dot5hosting\tafe\bcg5009\Week7 smoke control_files\slide0011.htm --> df13.dot5hosting.com /public_html/tafe/bcg5009/Week7 smoke control_files slide0011.htm
2007.09.10 20:50 B E:\dot5hosting\tafe\bcg5009\Week7 smoke control_files\slide0012.htm --> df13.dot5hosting.com /public_html/tafe/bcg5009/Week7 smoke control_files slide0012.htm
2007.09.10 20:50 B E:\dot5hosting\tafe\bcg5009\Week7 smoke control_files\slide0012.xml --> df13.dot5hosting.com /public_html/tafe/bcg5009/Week7 smoke control_files slide0012.xml
2007.09.10 20:50 B E:\dot5hosting\tafe\bcg5009\Week7 smoke control_files\slide0012_image025.gif --> df13.dot5hosting.com /public_html/tafe/bcg5009/Week7 smoke control_files slide0012_image025.gif
2007.09.10 20:51 B E:\dot5hosting\tafe\bcg5009\Week7 smoke control_files\slide0013.htm --> df13.dot5hosting.com /public_html/tafe/bcg5009/Week7 smoke control_files slide0013.htm
2007.09.10 20:51 B E:\dot5hosting\tafe\bcg5009\Week7 smoke control_files\slide0014.htm --> df13.dot5hosting.com /public_html/tafe/bcg5009/Week7 smoke control_files slide0014.htm
2007.09.10 20:51 B E:\dot5hosting\tafe\bcg5009\Week7 smoke control_files\slide0015.htm --> df13.dot5hosting.com /public_html/tafe/bcg5009/Week7 smoke control_files slide0015.htm
2007.09.10 20:51 B E:\dot5hosting\tafe\bcg5009\Week7 smoke control_files\slide0016.htm --> df13.dot5hosting.com /public_html/tafe/bcg5009/Week7 smoke control_files slide0016.htm
2007.09.10 20:51 B E:\dot5hosting\tafe\bcg5009\Week7 smoke control_files\slide0017.htm --> df13.dot5hosting.com /public_html/tafe/bcg5009/Week7 smoke control_files slide0017.htm
2007.09.10 20:51 B E:\dot5hosting\tafe\bcg5009\Week7 smoke control_files\slide0020.htm --> df13.dot5hosting.com /public_html/tafe/bcg5009/Week7 smoke control_files slide0020.htm
2007.09.10 20:51 B E:\dot5hosting\tafe\bcg5009\Week7 smoke control_files\slide0021.htm --> df13.dot5hosting.com /public_html/tafe/bcg5009/Week7 smoke control_files slide0021.htm
2007.09.10 20:51 B E:\dot5hosting\tafe\bcg5009\Week7 smoke control_files\slide0022.htm --> df13.dot5hosting.com /public_html/tafe/bcg5009/Week7 smoke control_files slide0022.htm
2007.09.10 20:51 B E:\dot5hosting\tafe\bcg5009\Week7 smoke control_files\slide0023.htm --> df13.dot5hosting.com /public_html/tafe/bcg5009/Week7 smoke control_files slide0023.htm
2007.09.10 20:51 B E:\dot5hosting\tafe\bcg5009\Week7 smoke control_files\slide0024.htm --> df13.dot5hosting.com /public_html/tafe/bcg5009/Week7 smoke control_files slide0024.htm
2007.09.10 20:51 B E:\dot5hosting\tafe\bcg5009\Week7 smoke control_files\slide0025.htm --> df13.dot5hosting.com /public_html/tafe/bcg5009/Week7 smoke control_files slide0025.htm
2007.09.10 20:51 B E:\dot5hosting\tafe\bcg5009\Week7 smoke control_files\slide0026.htm --> df13.dot5hosting.com /public_html/tafe/bcg5009/Week7 smoke control_files slide0026.htm
2007.09.10 20:51 B E:\dot5hosting\tafe\bcg5009\Week7 smoke control_files\slide0027.htm --> df13.dot5hosting.com /public_html/tafe/bcg5009/Week7 smoke control_files slide0027.htm
2007.09.10 20:51 B E:\dot5hosting\tafe\bcg5009\Week7 smoke control_files\slide0028.htm --> df13.dot5hosting.com /public_html/tafe/bcg5009/Week7 smoke control_files slide0028.htm
2007.09.10 20:51 B E:\dot5hosting\tafe\bcg5009\Week7 smoke control_files\slide0029.htm --> df13.dot5hosting.com /public_html/tafe/bcg5009/Week7 smoke control_files slide0029.htm
2007.09.10 20:51 B E:\dot5hosting\tafe\bcg5009\Week7 smoke control_files\slide0030.htm --> df13.dot5hosting.com /public_html/tafe/bcg5009/Week7 smoke control_files slide0030.htm
2007.09.10 20:51 B E:\dot5hosting\tafe\bcg5009\Week7 smoke control_files\slide0031.htm --> df13.dot5hosting.com /public_html/tafe/bcg5009/Week7 smoke control_files slide0031.htm
2007.09.10 20:51 B E:\dot5hosting\tafe\bcg5009\Week7 smoke control_files\slide0033.htm --> df13.dot5hosting.com /public_html/tafe/bcg5009/Week7 smoke control_files slide0033.htm
2007.09.10 20:51 B E:\dot5hosting\tafe\bcg5009\Week7 smoke control_files\slide0034.htm --> df13.dot5hosting.com /public_html/tafe/bcg5009/Week7 smoke control_files slide0034.htm
2007.09.10 20:51 B E:\dot5hosting\tafe\bcg5009\Week7 smoke control_files\slide0035.htm --> df13.dot5hosting.com /public_html/tafe/bcg5009/Week7 smoke control_files slide0035.htm
2007.09.10 20:51 B E:\dot5hosting\tafe\bcg5009\Week7 smoke control_files\slide0038.htm --> df13.dot5hosting.com /public_html/tafe/bcg5009/Week7 smoke control_files slide0038.htm
2007.09.10 20:51 B E:\dot5hosting\tafe\bcg5009\Week7 smoke control_files\slide0044.htm --> df13.dot5hosting.com /public_html/tafe/bcg5009/Week7 smoke control_files slide0044.htm
2007.09.10 20:51 B E:\dot5hosting\tafe\bcg5009\Week7 smoke control_files\slide0045.htm --> df13.dot5hosting.com /public_html/tafe/bcg5009/Week7 smoke control_files slide0045.htm
2007.09.10 20:51 B E:\dot5hosting\tafe\bcg5009\Week7 smoke control_files\slide0050.htm --> df13.dot5hosting.com /public_html/tafe/bcg5009/Week7 smoke control_files slide0050.htm
2007.09.10 20:51 B E:\dot5hosting\tafe\bcg5009\Week7 smoke control_files\slide0051.htm --> df13.dot5hosting.com /public_html/tafe/bcg5009/Week7 smoke control_files slide0051.htm
2007.09.10 20:52 B E:\dot5hosting\tafe\bcg5009\Week7 smoke control_files\slide0051_image003.wmz --> df13.dot5hosting.com /public_html/tafe/bcg5009/Week7 smoke control_files slide0051_image003.wmz
2007.09.10 20:52 B E:\dot5hosting\tafe\bcg5009\Week7 smoke control_files\slide0051_image004.gif --> df13.dot5hosting.com /public_html/tafe/bcg5009/Week7 smoke control_files slide0051_image004.gif
2007.09.10 20:52 B E:\dot5hosting\tafe\bcg5009\Week7 smoke control_files\slide0051_image005.gif --> df13.dot5hosting.com /public_html/tafe/bcg5009/Week7 smoke control_files slide0051_image005.gif
2007.09.10 20:52 B E:\dot5hosting\tafe\bcg5009\Week7 smoke control_files\slide0051_image006.gif --> df13.dot5hosting.com /public_html/tafe/bcg5009/Week7 smoke control_files slide0051_image006.gif
2007.09.10 20:52 B E:\dot5hosting\tafe\bcg5009\Week7 smoke control_files\slide0051_image007.gif --> df13.dot5hosting.com /public_html/tafe/bcg5009/Week7 smoke control_files slide0051_image007.gif
2007.09.10 20:52 B E:\dot5hosting\tafe\bcg5009\Week7 smoke control_files\slide0051_image008.gif --> df13.dot5hosting.com /public_html/tafe/bcg5009/Week7 smoke control_files slide0051_image008.gif
2007.09.10 20:52 B E:\dot5hosting\tafe\bcg5009\Week7 smoke control_files\slide0051_image009.gif --> df13.dot5hosting.com /public_html/tafe/bcg5009/Week7 smoke control_files slide0051_image009.gif
2007.09.10 20:52 B E:\dot5hosting\tafe\bcg5009\Week7 smoke control_files\slide0051_image010.gif --> df13.dot5hosting.com /public_html/tafe/bcg5009/Week7 smoke control_files slide0051_image010.gif
2007.09.10 20:52 B E:\dot5hosting\tafe\bcg5009\Week7 smoke control_files\slide0052.htm --> df13.dot5hosting.com /public_html/tafe/bcg5009/Week7 smoke control_files slide0052.htm
2007.09.10 20:52 B E:\dot5hosting\tafe\bcg5009\Week7 smoke control_files\slide0053.htm --> df13.dot5hosting.com /public_html/tafe/bcg5009/Week7 smoke control_files slide0053.htm
2007.09.10 20:52 B E:\dot5hosting\tafe\bcg5009\Week7 smoke control_files\slide0054.htm --> df13.dot5hosting.com /public_html/tafe/bcg5009/Week7 smoke control_files slide0054.htm
2007.09.10 20:52 B E:\dot5hosting\tafe\bcg5009\Week7 smoke control_files\slide0054_image019.png --> df13.dot5hosting.com /public_html/tafe/bcg5009/Week7 smoke control_files slide0054_image019.png
2007.09.10 20:52 B E:\dot5hosting\tafe\bcg5009\Week7 smoke control_files\slide0054_image020.jpg --> df13.dot5hosting.com /public_html/tafe/bcg5009/Week7 smoke control_files slide0054_image020.jpg
2007.09.10 20:52 B E:\dot5hosting\tafe\bcg5009\Week7 smoke control_files\slide0054_image021.jpg --> df13.dot5hosting.com /public_html/tafe/bcg5009/Week7 smoke control_files slide0054_image021.jpg
2007.09.10 20:52 B E:\dot5hosting\tafe\bcg5009\Week7 smoke control_files\slide0054_image022.jpg --> df13.dot5hosting.com /public_html/tafe/bcg5009/Week7 smoke control_files slide0054_image022.jpg
2007.09.10 20:52 B E:\dot5hosting\tafe\bcg5009\Week7 smoke control_files\slide0055.htm --> df13.dot5hosting.com /public_html/tafe/bcg5009/Week7 smoke control_files slide0055.htm
2007.09.10 20:52 B E:\dot5hosting\tafe\bcg5009\Week7 smoke control_files\slide0055_image023.jpg --> df13.dot5hosting.com /public_html/tafe/bcg5009/Week7 smoke control_files slide0055_image023.jpg
2007.09.10 20:52 B E:\dot5hosting\tafe\bcg5009\Week7 smoke control_files\slide0055_image024.jpg --> df13.dot5hosting.com /public_html/tafe/bcg5009/Week7 smoke control_files slide0055_image024.jpg
2007.09.10 20:52 B E:\dot5hosting\tafe\bcg5009\Week7 smoke control_files\slide0056.htm --> df13.dot5hosting.com /public_html/tafe/bcg5009/Week7 smoke control_files slide0056.htm
2007.09.10 20:52 B E:\dot5hosting\tafe\bcg5009\Week7 smoke control_files\slide0056_image026.jpg --> df13.dot5hosting.com /public_html/tafe/bcg5009/Week7 smoke control_files slide0056_image026.jpg
2007.09.10 20:52 B E:\dot5hosting\tafe\bcg5009\Week7 smoke control_files\slide0056_image027.jpg --> df13.dot5hosting.com /public_html/tafe/bcg5009/Week7 smoke control_files slide0056_image027.jpg
2007.09.10 20:52 B E:\dot5hosting\tafe\bcg5009\Week7 smoke control_files\slide0057.htm --> df13.dot5hosting.com /public_html/tafe/bcg5009/Week7 smoke control_files slide0057.htm
2007.09.10 20:55 B E:\dot5hosting\tafe\bcg5009\Week7 smoke control_files\slide0057_image028.wmz --> df13.dot5hosting.com /public_html/tafe/bcg5009/Week7 smoke control_files slide0057_image028.wmz
2007.09.10 20:55 B E:\dot5hosting\tafe\bcg5009\Week7 smoke control_files\slide0057_image029.gif --> df13.dot5hosting.com /public_html/tafe/bcg5009/Week7 smoke control_files slide0057_image029.gif
2007.09.10 20:55 B E:\dot5hosting\tafe\bcg5009\Week7 smoke control_files\slide0057_image030.wmz --> df13.dot5hosting.com /public_html/tafe/bcg5009/Week7 smoke control_files slide0057_image030.wmz
2007.09.10 20:55 B E:\dot5hosting\tafe\bcg5009\Week7 smoke control_files\slide0057_image031.gif --> df13.dot5hosting.com /public_html/tafe/bcg5009/Week7 smoke control_files slide0057_image031.gif
2007.09.10 20:55 B E:\dot5hosting\tafe\bcg5009\Week7 smoke control_files\slide0058.htm --> df13.dot5hosting.com /public_html/tafe/bcg5009/Week7 smoke control_files slide0058.htm
2007.09.10 20:55 B E:\dot5hosting\tafe\bcg5009\Week7 smoke control_files\slide0058_image032.jpg --> df13.dot5hosting.com /public_html/tafe/bcg5009/Week7 smoke control_files slide0058_image032.jpg
2007.09.10 20:55 B E:\dot5hosting\tafe\bcg5009\Week7 smoke control_files\slide0058_image033.gif --> df13.dot5hosting.com /public_html/tafe/bcg5009/Week7 smoke control_files slide0058_image033.gif
2007.09.10 20:55 B E:\dot5hosting\tafe\bcg5009\Week7 smoke control_files\slide0058_image034.gif --> df13.dot5hosting.com /public_html/tafe/bcg5009/Week7 smoke control_files slide0058_image034.gif
2007.09.10 20:55 B E:\dot5hosting\tafe\bcg5009\Week7 smoke control_files\slide0058_image035.gif --> df13.dot5hosting.com /public_html/tafe/bcg5009/Week7 smoke control_files slide0058_image035.gif
2007.09.10 20:55 B E:\dot5hosting\tafe\bcg5009\Week7 smoke control_files\slide0058_image036.gif --> df13.dot5hosting.com /public_html/tafe/bcg5009/Week7 smoke control_files slide0058_image036.gif
2007.09.10 20:55 B E:\dot5hosting\tafe\bcg5009\Week7 smoke control_files\slide0058_image037.gif --> df13.dot5hosting.com /public_html/tafe/bcg5009/Week7 smoke control_files slide0058_image037.gif
2007.09.10 20:55 B E:\dot5hosting\tafe\bcg5009\Week7 smoke control_files\slide0059.htm --> df13.dot5hosting.com /public_html/tafe/bcg5009/Week7 smoke control_files slide0059.htm
2007.09.10 20:55 B E:\dot5hosting\tafe\bcg5009\Week7 smoke control_files\slide0059_image046.jpg --> df13.dot5hosting.com /public_html/tafe/bcg5009/Week7 smoke control_files slide0059_image046.jpg
2007.09.10 20:55 B E:\dot5hosting\tafe\bcg5009\Week7 smoke control_files\slide0059_image047.jpg --> df13.dot5hosting.com /public_html/tafe/bcg5009/Week7 smoke control_files slide0059_image047.jpg
2007.09.10 20:55 B E:\dot5hosting\tafe\bcg5009\Week7 smoke control_files\slide0061.htm --> df13.dot5hosting.com /public_html/tafe/bcg5009/Week7 smoke control_files slide0061.htm
2007.09.10 20:55 B E:\dot5hosting\tafe\bcg5009\Week7 smoke control_files\slide0061_image050.jpg --> df13.dot5hosting.com /public_html/tafe/bcg5009/Week7 smoke control_files slide0061_image050.jpg
2007.09.10 20:55 B E:\dot5hosting\tafe\bcg5009\Week7 smoke control_files\slide0061_image051.jpg --> df13.dot5hosting.com /public_html/tafe/bcg5009/Week7 smoke control_files slide0061_image051.jpg
2007.09.10 20:55 B E:\dot5hosting\tafe\bcg5009\Week7 smoke control_files\slide0062.htm --> df13.dot5hosting.com /public_html/tafe/bcg5009/Week7 smoke control_files slide0062.htm
2007.09.10 20:56 B E:\dot5hosting\tafe\bcg5009\Week7 smoke control_files\slide0062_image048.jpg --> df13.dot5hosting.com /public_html/tafe/bcg5009/Week7 smoke control_files slide0062_image048.jpg
2007.09.10 20:56 B E:\dot5hosting\tafe\bcg5009\Week7 smoke control_files\slide0062_image049.jpg --> df13.dot5hosting.com /public_html/tafe/bcg5009/Week7 smoke control_files slide0062_image049.jpg
2007.09.10 20:56 B E:\dot5hosting\tafe\bcg5009\Week7 smoke control_files\slide0064.htm --> df13.dot5hosting.com /public_html/tafe/bcg5009/Week7 smoke control_files slide0064.htm
2007.09.10 20:56 B E:\dot5hosting\tafe\bcg5009\Week7 smoke control_files\slide0064_image011.png --> df13.dot5hosting.com /public_html/tafe/bcg5009/Week7 smoke control_files slide0064_image011.png
2007.09.10 20:56 B E:\dot5hosting\tafe\bcg5009\Week7 smoke control_files\slide0064_image012.gif --> df13.dot5hosting.com /public_html/tafe/bcg5009/Week7 smoke control_files slide0064_image012.gif
2007.09.10 20:56 B E:\dot5hosting\tafe\bcg5009\Week7 smoke control_files\slide0064_image013.png --> df13.dot5hosting.com /public_html/tafe/bcg5009/Week7 smoke control_files slide0064_image013.png
2007.09.10 20:56 B E:\dot5hosting\tafe\bcg5009\Week7 smoke control_files\slide0064_image014.gif --> df13.dot5hosting.com /public_html/tafe/bcg5009/Week7 smoke control_files slide0064_image014.gif
2007.09.10 20:56 B E:\dot5hosting\tafe\bcg5009\Week7 smoke control_files\slide0064_image015.png --> df13.dot5hosting.com /public_html/tafe/bcg5009/Week7 smoke control_files slide0064_image015.png
2007.09.10 20:56 B E:\dot5hosting\tafe\bcg5009\Week7 smoke control_files\slide0064_image016.gif --> df13.dot5hosting.com /public_html/tafe/bcg5009/Week7 smoke control_files slide0064_image016.gif
2007.09.10 20:56 B E:\dot5hosting\tafe\bcg5009\Week7 smoke control_files\slide0064_image017.png --> df13.dot5hosting.com /public_html/tafe/bcg5009/Week7 smoke control_files slide0064_image017.png
2007.09.10 20:56 B E:\dot5hosting\tafe\bcg5009\Week7 smoke control_files\slide0064_image018.gif --> df13.dot5hosting.com /public_html/tafe/bcg5009/Week7 smoke control_files slide0064_image018.gif
2007.09.10 20:56 B E:\dot5hosting\tafe\bcg5009\Week7 smoke control_files\slide0065.htm --> df13.dot5hosting.com /public_html/tafe/bcg5009/Week7 smoke control_files slide0065.htm
2007.09.10 20:56 B E:\dot5hosting\tafe\bcg5009\Week7 smoke control_files\slide0065_image052.jpg --> df13.dot5hosting.com /public_html/tafe/bcg5009/Week7 smoke control_files slide0065_image052.jpg
2007.09.10 20:56 B E:\dot5hosting\tafe\bcg5009\Week7 smoke control_files\slide0065_image053.jpg --> df13.dot5hosting.com /public_html/tafe/bcg5009/Week7 smoke control_files slide0065_image053.jpg
2007.09.10 20:56 B E:\dot5hosting\tafe\bcg5009\Week7 smoke control_files\slide0066.htm --> df13.dot5hosting.com /public_html/tafe/bcg5009/Week7 smoke control_files slide0066.htm
2007.09.10 20:56 B E:\dot5hosting\tafe\bcg5009\Week7 smoke control_files\slide0066_image054.jpg --> df13.dot5hosting.com /public_html/tafe/bcg5009/Week7 smoke control_files slide0066_image054.jpg
2007.09.10 20:56 B E:\dot5hosting\tafe\bcg5009\Week7 smoke control_files\slide0066_image055.jpg --> df13.dot5hosting.com /public_html/tafe/bcg5009/Week7 smoke control_files slide0066_image055.jpg
2007.09.10 20:56 B E:\dot5hosting\tafe\bcg5009\Week7 smoke control_files\slide0066_image056.jpg --> df13.dot5hosting.com /public_html/tafe/bcg5009/Week7 smoke control_files slide0066_image056.jpg
2007.09.10 20:56 B E:\dot5hosting\tafe\bcg5009\Week7 smoke control_files\slide0066_image057.jpg --> df13.dot5hosting.com /public_html/tafe/bcg5009/Week7 smoke control_files slide0066_image057.jpg
2007.09.10 20:57 B E:\dot5hosting\tafe\bcg5009\Week7 smoke control_files\slide0068.htm --> df13.dot5hosting.com /public_html/tafe/bcg5009/Week7 smoke control_files slide0068.htm
2007.09.10 20:57 B E:\dot5hosting\tafe\bcg5009\Week7 smoke control_files\slide0068_image001.jpg --> df13.dot5hosting.com /public_html/tafe/bcg5009/Week7 smoke control_files slide0068_image001.jpg
2007.09.10 20:57 B E:\dot5hosting\tafe\bcg5009\Week7 smoke control_files\slide0068_image002.jpg --> df13.dot5hosting.com /public_html/tafe/bcg5009/Week7 smoke control_files slide0068_image002.jpg
2007.09.10 20:57 B E:\dot5hosting\tafe\bcg5009\Week7 smoke control_files\slide0069.htm --> df13.dot5hosting.com /public_html/tafe/bcg5009/Week7 smoke control_files slide0069.htm
2007.09.10 20:57 B E:\dot5hosting\tafe\bcg5009\Week7 smoke control_files\slide0071.htm --> df13.dot5hosting.com /public_html/tafe/bcg5009/Week7 smoke control_files slide0071.htm
2007.09.10 20:57 B E:\dot5hosting\tafe\bcg5009\Week7 smoke control_files\slide0071_image058.wmz --> df13.dot5hosting.com /public_html/tafe/bcg5009/Week7 smoke control_files slide0071_image058.wmz
2007.09.10 20:57 B E:\dot5hosting\tafe\bcg5009\Week7 smoke control_files\slide0071_image059.gif --> df13.dot5hosting.com /public_html/tafe/bcg5009/Week7 smoke control_files slide0071_image059.gif
2007.09.10 20:57 B E:\dot5hosting\tafe\bcg5009\Week7 smoke control_files\slide0072.htm --> df13.dot5hosting.com /public_html/tafe/bcg5009/Week7 smoke control_files slide0072.htm
2007.09.10 20:57 B E:\dot5hosting\tafe\bcg5009\Week7 smoke control_files\slide0072_image060.png --> df13.dot5hosting.com /public_html/tafe/bcg5009/Week7 smoke control_files slide0072_image060.png
2007.09.10 20:57 B E:\dot5hosting\tafe\bcg5009\Week7 smoke control_files\slide0072_image061.jpg --> df13.dot5hosting.com /public_html/tafe/bcg5009/Week7 smoke control_files slide0072_image061.jpg
2007.09.10 20:57 B E:\dot5hosting\tafe\bcg5009\Week7 smoke control_files\slide0073.htm --> df13.dot5hosting.com /public_html/tafe/bcg5009/Week7 smoke control_files slide0073.htm
2007.09.10 20:57 B E:\dot5hosting\tafe\bcg5009\Week7 smoke control_files\slide0074.htm --> df13.dot5hosting.com /public_html/tafe/bcg5009/Week7 smoke control_files slide0074.htm
2007.09.10 20:57 B E:\dot5hosting\tafe\bcg5009\Week7 smoke control_files\slide0075.htm --> df13.dot5hosting.com /public_html/tafe/bcg5009/Week7 smoke control_files slide0075.htm
2007.09.10 20:57 B E:\dot5hosting\tafe\bcg5009\Week7 smoke control_files\slide0075_image065.png --> df13.dot5hosting.com /public_html/tafe/bcg5009/Week7 smoke control_files slide0075_image065.png
2007.09.10 20:57 B E:\dot5hosting\tafe\bcg5009\Week7 smoke control_files\slide0075_image066.gif --> df13.dot5hosting.com /public_html/tafe/bcg5009/Week7 smoke control_files slide0075_image066.gif
2007.09.10 20:57 B E:\dot5hosting\tafe\bcg5009\Week7 smoke control_files\slide0076.htm --> df13.dot5hosting.com /public_html/tafe/bcg5009/Week7 smoke control_files slide0076.htm
2007.09.10 20:57 B E:\dot5hosting\tafe\bcg5009\Week7 smoke control_files\slide0076_image067.png --> df13.dot5hosting.com /public_html/tafe/bcg5009/Week7 smoke control_files slide0076_image067.png
2007.09.10 20:57 B E:\dot5hosting\tafe\bcg5009\Week7 smoke control_files\slide0076_image068.gif --> df13.dot5hosting.com /public_html/tafe/bcg5009/Week7 smoke control_files slide0076_image068.gif
2007.09.10 20:57 B E:\dot5hosting\tafe\bcg5009\Week7 smoke control_files\slide0077.htm --> df13.dot5hosting.com /public_html/tafe/bcg5009/Week7 smoke control_files slide0077.htm
2007.09.10 20:57 B E:\dot5hosting\tafe\bcg5009\Week7 smoke control_files\slide0077_image069.png --> df13.dot5hosting.com /public_html/tafe/bcg5009/Week7 smoke control_files slide0077_image069.png
2007.09.10 20:57 B E:\dot5hosting\tafe\bcg5009\Week7 smoke control_files\slide0077_image070.gif --> df13.dot5hosting.com /public_html/tafe/bcg5009/Week7 smoke control_files slide0077_image070.gif
2007.09.10 20:57 B E:\dot5hosting\tafe\bcg5009\Week7 smoke control_files\slide0077_image071.gif --> df13.dot5hosting.com /public_html/tafe/bcg5009/Week7 smoke control_files slide0077_image071.gif
2007.09.10 20:57 B E:\dot5hosting\tafe\bcg5009\Week7 smoke control_files\slide0078.htm --> df13.dot5hosting.com /public_html/tafe/bcg5009/Week7 smoke control_files slide0078.htm
2007.09.10 20:57 B E:\dot5hosting\tafe\bcg5009\Week7 smoke control_files\slide0078_image062.png --> df13.dot5hosting.com /public_html/tafe/bcg5009/Week7 smoke control_files slide0078_image062.png
2007.09.10 20:57 B E:\dot5hosting\tafe\bcg5009\Week7 smoke control_files\slide0078_image063.gif --> df13.dot5hosting.com /public_html/tafe/bcg5009/Week7 smoke control_files slide0078_image063.gif
2007.09.10 20:57 B E:\dot5hosting\tafe\bcg5009\Week7 smoke control_files\slide0078_image064.gif --> df13.dot5hosting.com /public_html/tafe/bcg5009/Week7 smoke control_files slide0078_image064.gif
2007.09.10 20:57 B E:\dot5hosting\tafe\bcg5009\Week7 smoke control_files\slide0079.htm --> df13.dot5hosting.com /public_html/tafe/bcg5009/Week7 smoke control_files slide0079.htm
2007.09.10 20:58 B E:\dot5hosting\tafe\bcg5009\Week7 smoke control_files\slide0080.htm --> df13.dot5hosting.com /public_html/tafe/bcg5009/Week7 smoke control_files slide0080.htm
2007.09.10 20:58 B E:\dot5hosting\tafe\bcg5009\Week7 smoke control_files\buttons.gif --> df13.dot5hosting.com /public_html/tafe/bcg5009/Week7 smoke control_files buttons.gif
2007.09.10 20:58 B E:\dot5hosting\tafe\bcg5009\Week7 smoke control_files\filelist.xml --> df13.dot5hosting.com /public_html/tafe/bcg5009/Week7 smoke control_files filelist.xml
2007.09.10 20:58 B E:\dot5hosting\tafe\bcg5009\Week7 smoke control_files\frame.htm --> df13.dot5hosting.com /public_html/tafe/bcg5009/Week7 smoke control_files frame.htm
2007.09.10 20:58 B E:\dot5hosting\tafe\bcg5009\Week7 smoke control_files\fullscreen.htm --> df13.dot5hosting.com /public_html/tafe/bcg5009/Week7 smoke control_files fullscreen.htm
2007.09.10 20:58 B E:\dot5hosting\tafe\bcg5009\Week7 smoke control_files\master01.htm --> df13.dot5hosting.com /public_html/tafe/bcg5009/Week7 smoke control_files master01.htm
2007.09.10 20:58 B E:\dot5hosting\tafe\bcg5009\Week7 smoke control_files\master03.htm --> df13.dot5hosting.com /public_html/tafe/bcg5009/Week7 smoke control_files master03.htm
2007.09.10 20:58 B E:\dot5hosting\tafe\bcg5009\Week7 smoke control_files\master03.xml --> df13.dot5hosting.com /public_html/tafe/bcg5009/Week7 smoke control_files master03.xml
2007.09.10 20:58 B E:\dot5hosting\tafe\bcg5009\Week7 smoke control_files\master03_background.gif --> df13.dot5hosting.com /public_html/tafe/bcg5009/Week7 smoke control_files master03_background.gif
2007.09.10 20:58 B E:\dot5hosting\tafe\bcg5009\Week7 smoke control_files\master03_stylesheet.css --> df13.dot5hosting.com /public_html/tafe/bcg5009/Week7 smoke control_files master03_stylesheet.css
2007.09.10 20:58 B E:\dot5hosting\tafe\bcg5009\Week7 smoke control_files\notes_flag.gif --> df13.dot5hosting.com /public_html/tafe/bcg5009/Week7 smoke control_files notes_flag.gif
2007.09.10 20:58 B E:\dot5hosting\tafe\bcg5009\Week7 smoke control_files\outline.htm --> df13.dot5hosting.com /public_html/tafe/bcg5009/Week7 smoke control_files outline.htm
2007.09.10 20:58 B E:\dot5hosting\tafe\bcg5009\Week7 smoke control_files\pres.xml --> df13.dot5hosting.com /public_html/tafe/bcg5009/Week7 smoke control_files pres.xml
2007.09.10 20:58 B E:\dot5hosting\tafe\bcg5009\Week7 smoke control_files\preview.wmf --> df13.dot5hosting.com /public_html/tafe/bcg5009/Week7 smoke control_files preview.wmf
2007.09.10 20:58 B E:\dot5hosting\tafe\bcg5009\Week7 smoke control_files\script.js --> df13.dot5hosting.com /public_html/tafe/bcg5009/Week7 smoke control_files script.js
2007.09.10 20:58 B E:\dot5hosting\tafe\bcg5009\Week7 smoke control_files\slide0001.htm --> df13.dot5hosting.com /public_html/tafe/bcg5009/Week7 smoke control_files slide0001.htm
2007.09.10 20:58 B E:\dot5hosting\tafe\bcg5009\Week7 smoke control_files\slide0001_image042.jpg --> df13.dot5hosting.com /public_html/tafe/bcg5009/Week7 smoke control_files slide0001_image042.jpg
2007.09.10 20:58 B E:\dot5hosting\tafe\bcg5009\Week7 smoke control_files\slide0001_image043.jpg --> df13.dot5hosting.com /public_html/tafe/bcg5009/Week7 smoke control_files slide0001_image043.jpg
2007.09.10 20:58 B E:\dot5hosting\tafe\bcg5009\Week7 smoke control_files\slide0002.htm --> df13.dot5hosting.com /public_html/tafe/bcg5009/Week7 smoke control_files slide0002.htm
2007.09.10 20:58 B E:\dot5hosting\tafe\bcg5009\Week7 smoke control_files\slide0003.htm --> df13.dot5hosting.com /public_html/tafe/bcg5009/Week7 smoke control_files slide0003.htm
2007.09.10 20:59 B E:\dot5hosting\tafe\bcg5009\Week7 smoke control_files\slide0003_image038.wmz --> df13.dot5hosting.com /public_html/tafe/bcg5009/Week7 smoke control_files slide0003_image038.wmz
2007.09.10 20:59 B E:\dot5hosting\tafe\bcg5009\Week7 smoke control_files\slide0003_image039.gif --> df13.dot5hosting.com /public_html/tafe/bcg5009/Week7 smoke control_files slide0003_image039.gif
2007.09.10 21:00 B E:\dot5hosting\tafe\bcg5009\Week7 smoke control_files\slide0003_image040.wmz --> df13.dot5hosting.com /public_html/tafe/bcg5009/Week7 smoke control_files slide0003_image040.wmz
2007.09.10 21:00 B E:\dot5hosting\tafe\bcg5009\Week7 smoke control_files\slide0003_image041.gif --> df13.dot5hosting.com /public_html/tafe/bcg5009/Week7 smoke control_files slide0003_image041.gif
2007.09.10 21:00 B E:\dot5hosting\tafe\bcg5009\Week7 smoke control_files\slide0004.htm --> df13.dot5hosting.com /public_html/tafe/bcg5009/Week7 smoke control_files slide0004.htm
2007.09.10 21:00 B E:\dot5hosting\tafe\bcg5009\Week7 smoke control_files\slide0005.htm --> df13.dot5hosting.com /public_html/tafe/bcg5009/Week7 smoke control_files slide0005.htm
2007.09.10 21:00 B E:\dot5hosting\tafe\bcg5009\Week7 smoke control_files\slide0007.htm --> df13.dot5hosting.com /public_html/tafe/bcg5009/Week7 smoke control_files slide0007.htm
2007.09.10 21:00 B E:\dot5hosting\tafe\bcg5009\Week7 smoke control_files\slide0008.htm --> df13.dot5hosting.com /public_html/tafe/bcg5009/Week7 smoke control_files slide0008.htm
2007.09.10 21:00 B E:\dot5hosting\tafe\bcg5009\Week7 smoke control_files\slide0008_image044.jpg --> df13.dot5hosting.com /public_html/tafe/bcg5009/Week7 smoke control_files slide0008_image044.jpg
2007.09.10 21:00 B E:\dot5hosting\tafe\bcg5009\Week7 smoke control_files\slide0008_image045.jpg --> df13.dot5hosting.com /public_html/tafe/bcg5009/Week7 smoke control_files slide0008_image045.jpg
2007.09.10 21:00 B E:\dot5hosting\tafe\bcg5009\Week7 smoke control_files\slide0009.htm --> df13.dot5hosting.com /public_html/tafe/bcg5009/Week7 smoke control_files slide0009.htm
2007.09.10 21:00 B E:\dot5hosting\tafe\bcg5009\Week7 smoke control_files\slide0010.htm --> df13.dot5hosting.com /public_html/tafe/bcg5009/Week7 smoke control_files slide0010.htm
2007.09.10 21:00 B E:\dot5hosting\tafe\bcg5009\Week7 smoke control_files\slide0011.htm --> df13.dot5hosting.com /public_html/tafe/bcg5009/Week7 smoke control_files slide0011.htm
2007.09.10 21:00 B E:\dot5hosting\tafe\bcg5009\Week7 smoke control_files\slide0012.htm --> df13.dot5hosting.com /public_html/tafe/bcg5009/Week7 smoke control_files slide0012.htm
2007.09.10 21:00 B E:\dot5hosting\tafe\bcg5009\Week7 smoke control_files\slide0012.xml --> df13.dot5hosting.com /public_html/tafe/bcg5009/Week7 smoke control_files slide0012.xml
2007.09.10 21:00 B E:\dot5hosting\tafe\bcg5009\Week7 smoke control_files\slide0012_image025.gif --> df13.dot5hosting.com /public_html/tafe/bcg5009/Week7 smoke control_files slide0012_image025.gif
2007.09.10 21:00 B E:\dot5hosting\tafe\bcg5009\Week7 smoke control_files\slide0013.htm --> df13.dot5hosting.com /public_html/tafe/bcg5009/Week7 smoke control_files slide0013.htm
2007.09.10 21:00 B E:\dot5hosting\tafe\bcg5009\Week7 smoke control_files\slide0014.htm --> df13.dot5hosting.com /public_html/tafe/bcg5009/Week7 smoke control_files slide0014.htm
2007.09.10 21:00 B E:\dot5hosting\tafe\bcg5009\Week7 smoke control_files\slide0015.htm --> df13.dot5hosting.com /public_html/tafe/bcg5009/Week7 smoke control_files slide0015.htm
2007.09.10 21:00 B E:\dot5hosting\tafe\bcg5009\Week7 smoke control_files\slide0016.htm --> df13.dot5hosting.com /public_html/tafe/bcg5009/Week7 smoke control_files slide0016.htm
2007.09.10 21:00 B E:\dot5hosting\tafe\bcg5009\Week7 smoke control_files\slide0017.htm --> df13.dot5hosting.com /public_html/tafe/bcg5009/Week7 smoke control_files slide0017.htm
2007.09.10 21:00 B E:\dot5hosting\tafe\bcg5009\Week7 smoke control_files\slide0020.htm --> df13.dot5hosting.com /public_html/tafe/bcg5009/Week7 smoke control_files slide0020.htm
2007.09.10 21:00 B E:\dot5hosting\tafe\bcg5009\Week7 smoke control_files\slide0021.htm --> df13.dot5hosting.com /public_html/tafe/bcg5009/Week7 smoke control_files slide0021.htm
2007.09.10 21:00 B E:\dot5hosting\tafe\bcg5009\Week7 smoke control_files\slide0022.htm --> df13.dot5hosting.com /public_html/tafe/bcg5009/Week7 smoke control_files slide0022.htm
2007.09.10 21:00 B E:\dot5hosting\tafe\bcg5009\Week7 smoke control_files\slide0023.htm --> df13.dot5hosting.com /public_html/tafe/bcg5009/Week7 smoke control_files slide0023.htm
2007.09.10 21:00 B E:\dot5hosting\tafe\bcg5009\Week7 smoke control_files\slide0024.htm --> df13.dot5hosting.com /public_html/tafe/bcg5009/Week7 smoke control_files slide0024.htm
2007.09.10 21:00 B E:\dot5hosting\tafe\bcg5009\Week7 smoke control_files\slide0025.htm --> df13.dot5hosting.com /public_html/tafe/bcg5009/Week7 smoke control_files slide0025.htm
2007.09.10 21:00 B E:\dot5hosting\tafe\bcg5009\Week7 smoke control_files\slide0026.htm --> df13.dot5hosting.com /public_html/tafe/bcg5009/Week7 smoke control_files slide0026.htm
2007.09.10 21:00 B E:\dot5hosting\tafe\bcg5009\Week7 smoke control_files\slide0027.htm --> df13.dot5hosting.com /public_html/tafe/bcg5009/Week7 smoke control_files slide0027.htm
2007.09.10 21:00 B E:\dot5hosting\tafe\bcg5009\Week7 smoke control_files\slide0028.htm --> df13.dot5hosting.com /public_html/tafe/bcg5009/Week7 smoke control_files slide0028.htm
2007.09.10 21:01 B E:\dot5hosting\tafe\bcg5009\Week7 smoke control_files\slide0029.htm --> df13.dot5hosting.com /public_html/tafe/bcg5009/Week7 smoke control_files slide0029.htm
2007.09.10 21:01 B E:\dot5hosting\tafe\bcg5009\Week7 smoke control_files\slide0030.htm --> df13.dot5hosting.com /public_html/tafe/bcg5009/Week7 smoke control_files slide0030.htm
2007.09.10 21:01 B E:\dot5hosting\tafe\bcg5009\Week7 smoke control_files\slide0031.htm --> df13.dot5hosting.com /public_html/tafe/bcg5009/Week7 smoke control_files slide0031.htm
2007.09.10 21:01 B E:\dot5hosting\tafe\bcg5009\Week7 smoke control_files\slide0033.htm --> df13.dot5hosting.com /public_html/tafe/bcg5009/Week7 smoke control_files slide0033.htm
2007.09.10 21:01 B E:\dot5hosting\tafe\bcg5009\Week7 smoke control_files\slide0034.htm --> df13.dot5hosting.com /public_html/tafe/bcg5009/Week7 smoke control_files slide0034.htm
2007.09.10 21:01 B E:\dot5hosting\tafe\bcg5009\Week7 smoke control_files\slide0035.htm --> df13.dot5hosting.com /public_html/tafe/bcg5009/Week7 smoke control_files slide0035.htm
2007.09.10 21:01 B E:\dot5hosting\tafe\bcg5009\Week7 smoke control_files\slide0038.htm --> df13.dot5hosting.com /public_html/tafe/bcg5009/Week7 smoke control_files slide0038.htm
2007.09.10 21:01 B E:\dot5hosting\tafe\bcg5009\Week7 smoke control_files\slide0044.htm --> df13.dot5hosting.com /public_html/tafe/bcg5009/Week7 smoke control_files slide0044.htm
2007.09.10 21:01 B E:\dot5hosting\tafe\bcg5009\Week7 smoke control_files\slide0045.htm --> df13.dot5hosting.com /public_html/tafe/bcg5009/Week7 smoke control_files slide0045.htm
2007.09.10 21:01 B E:\dot5hosting\tafe\bcg5009\Week7 smoke control_files\slide0050.htm --> df13.dot5hosting.com /public_html/tafe/bcg5009/Week7 smoke control_files slide0050.htm
2007.09.10 21:01 B E:\dot5hosting\tafe\bcg5009\Week7 smoke control_files\slide0051.htm --> df13.dot5hosting.com /public_html/tafe/bcg5009/Week7 smoke control_files slide0051.htm
2007.09.10 21:01 B E:\dot5hosting\tafe\bcg5009\Week7 smoke control_files\slide0051_image003.wmz --> df13.dot5hosting.com /public_html/tafe/bcg5009/Week7 smoke control_files slide0051_image003.wmz
2007.09.10 21:01 B E:\dot5hosting\tafe\bcg5009\Week7 smoke control_files\slide0051_image004.gif --> df13.dot5hosting.com /public_html/tafe/bcg5009/Week7 smoke control_files slide0051_image004.gif
2007.09.10 21:01 B E:\dot5hosting\tafe\bcg5009\Week7 smoke control_files\slide0051_image005.gif --> df13.dot5hosting.com /public_html/tafe/bcg5009/Week7 smoke control_files slide0051_image005.gif
2007.09.10 21:01 B E:\dot5hosting\tafe\bcg5009\Week7 smoke control_files\slide0051_image006.gif --> df13.dot5hosting.com /public_html/tafe/bcg5009/Week7 smoke control_files slide0051_image006.gif
2007.09.10 21:01 B E:\dot5hosting\tafe\bcg5009\Week7 smoke control_files\slide0051_image007.gif --> df13.dot5hosting.com /public_html/tafe/bcg5009/Week7 smoke control_files slide0051_image007.gif
2007.09.10 21:01 B E:\dot5hosting\tafe\bcg5009\Week7 smoke control_files\slide0051_image008.gif --> df13.dot5hosting.com /public_html/tafe/bcg5009/Week7 smoke control_files slide0051_image008.gif
2007.09.10 21:01 B E:\dot5hosting\tafe\bcg5009\Week7 smoke control_files\slide0051_image009.gif --> df13.dot5hosting.com /public_html/tafe/bcg5009/Week7 smoke control_files slide0051_image009.gif
2007.09.10 21:01 B E:\dot5hosting\tafe\bcg5009\Week7 smoke control_files\slide0051_image010.gif --> df13.dot5hosting.com /public_html/tafe/bcg5009/Week7 smoke control_files slide0051_image010.gif
2007.09.10 21:01 B E:\dot5hosting\tafe\bcg5009\Week7 smoke control_files\slide0052.htm --> df13.dot5hosting.com /public_html/tafe/bcg5009/Week7 smoke control_files slide0052.htm
2007.09.10 21:01 B E:\dot5hosting\tafe\bcg5009\Week7 smoke control_files\slide0053.htm --> df13.dot5hosting.com /public_html/tafe/bcg5009/Week7 smoke control_files slide0053.htm
2007.09.10 21:01 B E:\dot5hosting\tafe\bcg5009\Week7 smoke control_files\slide0054.htm --> df13.dot5hosting.com /public_html/tafe/bcg5009/Week7 smoke control_files slide0054.htm
2007.09.10 21:01 B E:\dot5hosting\tafe\bcg5009\Week7 smoke control_files\slide0054_image019.png --> df13.dot5hosting.com /public_html/tafe/bcg5009/Week7 smoke control_files slide0054_image019.png
2007.09.10 21:01 B E:\dot5hosting\tafe\bcg5009\Week7 smoke control_files\slide0054_image020.jpg --> df13.dot5hosting.com /public_html/tafe/bcg5009/Week7 smoke control_files slide0054_image020.jpg
2007.09.10 21:01 B E:\dot5hosting\tafe\bcg5009\Week7 smoke control_files\slide0054_image021.jpg --> df13.dot5hosting.com /public_html/tafe/bcg5009/Week7 smoke control_files slide0054_image021.jpg
2007.09.10 21:01 B E:\dot5hosting\tafe\bcg5009\Week7 smoke control_files\slide0054_image022.jpg --> df13.dot5hosting.com /public_html/tafe/bcg5009/Week7 smoke control_files slide0054_image022.jpg
2007.09.10 21:01 B E:\dot5hosting\tafe\bcg5009\Week7 smoke control_files\slide0055.htm --> df13.dot5hosting.com /public_html/tafe/bcg5009/Week7 smoke control_files slide0055.htm
2007.09.10 21:01 B E:\dot5hosting\tafe\bcg5009\Week7 smoke control_files\slide0055_image023.jpg --> df13.dot5hosting.com /public_html/tafe/bcg5009/Week7 smoke control_files slide0055_image023.jpg
2007.09.10 21:01 B E:\dot5hosting\tafe\bcg5009\Week7 smoke control_files\slide0055_image024.jpg --> df13.dot5hosting.com /public_html/tafe/bcg5009/Week7 smoke control_files slide0055_image024.jpg
2007.09.10 21:01 B E:\dot5hosting\tafe\bcg5009\Week7 smoke control_files\slide0056.htm --> df13.dot5hosting.com /public_html/tafe/bcg5009/Week7 smoke control_files slide0056.htm
2007.09.10 21:02 B E:\dot5hosting\tafe\bcg5009\Week7 smoke control_files\slide0056_image026.jpg --> df13.dot5hosting.com /public_html/tafe/bcg5009/Week7 smoke control_files slide0056_image026.jpg
2007.09.10 21:02 B E:\dot5hosting\tafe\bcg5009\Week7 smoke control_files\slide0056_image027.jpg --> df13.dot5hosting.com /public_html/tafe/bcg5009/Week7 smoke control_files slide0056_image027.jpg
2007.09.10 21:02 B E:\dot5hosting\tafe\bcg5009\Week7 smoke control_files\slide0057.htm --> df13.dot5hosting.com /public_html/tafe/bcg5009/Week7 smoke control_files slide0057.htm
2007.09.10 21:04 B E:\dot5hosting\tafe\bcg5009\Week7 smoke control_files\slide0057_image028.wmz --> df13.dot5hosting.com /public_html/tafe/bcg5009/Week7 smoke control_files slide0057_image028.wmz
2007.09.10 21:04 B E:\dot5hosting\tafe\bcg5009\Week7 smoke control_files\slide0057_image029.gif --> df13.dot5hosting.com /public_html/tafe/bcg5009/Week7 smoke control_files slide0057_image029.gif
2007.09.10 21:04 B E:\dot5hosting\tafe\bcg5009\Week7 smoke control_files\slide0057_image030.wmz --> df13.dot5hosting.com /public_html/tafe/bcg5009/Week7 smoke control_files slide0057_image030.wmz
2007.09.10 21:04 B E:\dot5hosting\tafe\bcg5009\Week7 smoke control_files\slide0057_image031.gif --> df13.dot5hosting.com /public_html/tafe/bcg5009/Week7 smoke control_files slide0057_image031.gif
2007.09.10 21:04 B E:\dot5hosting\tafe\bcg5009\Week7 smoke control_files\slide0058.htm --> df13.dot5hosting.com /public_html/tafe/bcg5009/Week7 smoke control_files slide0058.htm
2007.09.10 21:04 B E:\dot5hosting\tafe\bcg5009\Week7 smoke control_files\slide0058_image032.jpg --> df13.dot5hosting.com /public_html/tafe/bcg5009/Week7 smoke control_files slide0058_image032.jpg
2007.09.10 21:04 B E:\dot5hosting\tafe\bcg5009\Week7 smoke control_files\slide0058_image033.gif --> df13.dot5hosting.com /public_html/tafe/bcg5009/Week7 smoke control_files slide0058_image033.gif
2007.09.10 21:04 B E:\dot5hosting\tafe\bcg5009\Week7 smoke control_files\slide0058_image034.gif --> df13.dot5hosting.com /public_html/tafe/bcg5009/Week7 smoke control_files slide0058_image034.gif
2007.09.10 21:04 B E:\dot5hosting\tafe\bcg5009\Week7 smoke control_files\slide0058_image035.gif --> df13.dot5hosting.com /public_html/tafe/bcg5009/Week7 smoke control_files slide0058_image035.gif
2007.09.10 21:04 B E:\dot5hosting\tafe\bcg5009\Week7 smoke control_files\slide0058_image036.gif --> df13.dot5hosting.com /public_html/tafe/bcg5009/Week7 smoke control_files slide0058_image036.gif
2007.09.10 21:04 B E:\dot5hosting\tafe\bcg5009\Week7 smoke control_files\slide0058_image037.gif --> df13.dot5hosting.com /public_html/tafe/bcg5009/Week7 smoke control_files slide0058_image037.gif
2007.09.10 21:04 B E:\dot5hosting\tafe\bcg5009\Week7 smoke control_files\slide0059.htm --> df13.dot5hosting.com /public_html/tafe/bcg5009/Week7 smoke control_files slide0059.htm
2007.09.10 21:04 B E:\dot5hosting\tafe\bcg5009\Week7 smoke control_files\slide0059_image046.jpg --> df13.dot5hosting.com /public_html/tafe/bcg5009/Week7 smoke control_files slide0059_image046.jpg
2007.09.10 21:04 B E:\dot5hosting\tafe\bcg5009\Week7 smoke control_files\slide0059_image047.jpg --> df13.dot5hosting.com /public_html/tafe/bcg5009/Week7 smoke control_files slide0059_image047.jpg
2007.09.10 21:04 B E:\dot5hosting\tafe\bcg5009\Week7 smoke control_files\slide0061.htm --> df13.dot5hosting.com /public_html/tafe/bcg5009/Week7 smoke control_files slide0061.htm
2007.09.10 21:05 B E:\dot5hosting\tafe\bcg5009\Week7 smoke control_files\slide0061_image050.jpg --> df13.dot5hosting.com /public_html/tafe/bcg5009/Week7 smoke control_files slide0061_image050.jpg
2007.09.10 21:05 B E:\dot5hosting\tafe\bcg5009\Week7 smoke control_files\slide0061_image051.jpg --> df13.dot5hosting.com /public_html/tafe/bcg5009/Week7 smoke control_files slide0061_image051.jpg
2007.09.10 21:05 B E:\dot5hosting\tafe\bcg5009\Week7 smoke control_files\slide0062.htm --> df13.dot5hosting.com /public_html/tafe/bcg5009/Week7 smoke control_files slide0062.htm
2007.09.10 21:05 B E:\dot5hosting\tafe\bcg5009\Week7 smoke control_files\slide0062_image048.jpg --> df13.dot5hosting.com /public_html/tafe/bcg5009/Week7 smoke control_files slide0062_image048.jpg
2007.09.10 21:05 B E:\dot5hosting\tafe\bcg5009\Week7 smoke control_files\slide0062_image049.jpg --> df13.dot5hosting.com /public_html/tafe/bcg5009/Week7 smoke control_files slide0062_image049.jpg
2007.09.10 21:05 B E:\dot5hosting\tafe\bcg5009\Week7 smoke control_files\slide0064.htm --> df13.dot5hosting.com /public_html/tafe/bcg5009/Week7 smoke control_files slide0064.htm
2007.09.10 21:05 B E:\dot5hosting\tafe\bcg5009\Week7 smoke control_files\slide0064_image011.png --> df13.dot5hosting.com /public_html/tafe/bcg5009/Week7 smoke control_files slide0064_image011.png
2007.09.10 21:05 B E:\dot5hosting\tafe\bcg5009\Week7 smoke control_files\slide0064_image012.gif --> df13.dot5hosting.com /public_html/tafe/bcg5009/Week7 smoke control_files slide0064_image012.gif
2007.09.10 21:05 B E:\dot5hosting\tafe\bcg5009\Week7 smoke control_files\slide0064_image013.png --> df13.dot5hosting.com /public_html/tafe/bcg5009/Week7 smoke control_files slide0064_image013.png
2007.09.10 21:05 B E:\dot5hosting\tafe\bcg5009\Week7 smoke control_files\slide0064_image014.gif --> df13.dot5hosting.com /public_html/tafe/bcg5009/Week7 smoke control_files slide0064_image014.gif
2007.09.10 21:05 B E:\dot5hosting\tafe\bcg5009\Week7 smoke control_files\slide0064_image015.png --> df13.dot5hosting.com /public_html/tafe/bcg5009/Week7 smoke control_files slide0064_image015.png
2007.09.10 21:05 B E:\dot5hosting\tafe\bcg5009\Week7 smoke control_files\slide0064_image016.gif --> df13.dot5hosting.com /public_html/tafe/bcg5009/Week7 smoke control_files slide0064_image016.gif
2007.09.10 21:05 B E:\dot5hosting\tafe\bcg5009\Week7 smoke control_files\slide0064_image017.png --> df13.dot5hosting.com /public_html/tafe/bcg5009/Week7 smoke control_files slide0064_image017.png
2007.09.10 21:05 B E:\dot5hosting\tafe\bcg5009\Week7 smoke control_files\slide0064_image018.gif --> df13.dot5hosting.com /public_html/tafe/bcg5009/Week7 smoke control_files slide0064_image018.gif
2007.09.10 21:05 B E:\dot5hosting\tafe\bcg5009\Week7 smoke control_files\slide0065.htm --> df13.dot5hosting.com /public_html/tafe/bcg5009/Week7 smoke control_files slide0065.htm
2007.09.10 21:05 B E:\dot5hosting\tafe\bcg5009\Week7 smoke control_files\slide0065_image052.jpg --> df13.dot5hosting.com /public_html/tafe/bcg5009/Week7 smoke control_files slide0065_image052.jpg
2007.09.10 21:06 B E:\dot5hosting\tafe\bcg5009\Week7 smoke control_files\slide0065_image053.jpg --> df13.dot5hosting.com /public_html/tafe/bcg5009/Week7 smoke control_files slide0065_image053.jpg
2007.09.10 21:06 B E:\dot5hosting\tafe\bcg5009\Week7 smoke control_files\slide0066.htm --> df13.dot5hosting.com /public_html/tafe/bcg5009/Week7 smoke control_files slide0066.htm
2007.09.10 21:06 B E:\dot5hosting\tafe\bcg5009\Week7 smoke control_files\slide0066_image054.jpg --> df13.dot5hosting.com /public_html/tafe/bcg5009/Week7 smoke control_files slide0066_image054.jpg
2007.09.10 21:06 B E:\dot5hosting\tafe\bcg5009\Week7 smoke control_files\slide0066_image055.jpg --> df13.dot5hosting.com /public_html/tafe/bcg5009/Week7 smoke control_files slide0066_image055.jpg
2007.09.10 21:06 B E:\dot5hosting\tafe\bcg5009\Week7 smoke control_files\slide0066_image056.jpg --> df13.dot5hosting.com /public_html/tafe/bcg5009/Week7 smoke control_files slide0066_image056.jpg
2007.09.10 21:06 B E:\dot5hosting\tafe\bcg5009\Week7 smoke control_files\slide0066_image057.jpg --> df13.dot5hosting.com /public_html/tafe/bcg5009/Week7 smoke control_files slide0066_image057.jpg
2007.09.10 21:06 B E:\dot5hosting\tafe\bcg5009\Week7 smoke control_files\slide0068.htm --> df13.dot5hosting.com /public_html/tafe/bcg5009/Week7 smoke control_files slide0068.htm
2007.09.10 21:06 B E:\dot5hosting\tafe\bcg5009\Week7 smoke control_files\slide0068_image001.jpg --> df13.dot5hosting.com /public_html/tafe/bcg5009/Week7 smoke control_files slide0068_image001.jpg
2007.09.10 21:06 B E:\dot5hosting\tafe\bcg5009\Week7 smoke control_files\slide0068_image002.jpg --> df13.dot5hosting.com /public_html/tafe/bcg5009/Week7 smoke control_files slide0068_image002.jpg
2007.09.10 21:06 B E:\dot5hosting\tafe\bcg5009\Week7 smoke control_files\slide0069.htm --> df13.dot5hosting.com /public_html/tafe/bcg5009/Week7 smoke control_files slide0069.htm
2007.09.10 21:06 B E:\dot5hosting\tafe\bcg5009\Week7 smoke control_files\slide0071.htm --> df13.dot5hosting.com /public_html/tafe/bcg5009/Week7 smoke control_files slide0071.htm
2007.09.10 21:06 B E:\dot5hosting\tafe\bcg5009\Week7 smoke control_files\slide0071_image058.wmz --> df13.dot5hosting.com /public_html/tafe/bcg5009/Week7 smoke control_files slide0071_image058.wmz
2007.09.10 21:06 B E:\dot5hosting\tafe\bcg5009\Week7 smoke control_files\slide0071_image059.gif --> df13.dot5hosting.com /public_html/tafe/bcg5009/Week7 smoke control_files slide0071_image059.gif
2007.09.10 21:06 B E:\dot5hosting\tafe\bcg5009\Week7 smoke control_files\slide0072.htm --> df13.dot5hosting.com /public_html/tafe/bcg5009/Week7 smoke control_files slide0072.htm
2007.09.10 21:06 B E:\dot5hosting\tafe\bcg5009\Week7 smoke control_files\slide0072_image060.png --> df13.dot5hosting.com /public_html/tafe/bcg5009/Week7 smoke control_files slide0072_image060.png
2007.09.10 21:06 B E:\dot5hosting\tafe\bcg5009\Week7 smoke control_files\slide0072_image061.jpg --> df13.dot5hosting.com /public_html/tafe/bcg5009/Week7 smoke control_files slide0072_image061.jpg
2007.09.10 21:06 B E:\dot5hosting\tafe\bcg5009\Week7 smoke control_files\slide0073.htm --> df13.dot5hosting.com /public_html/tafe/bcg5009/Week7 smoke control_files slide0073.htm
2007.09.10 21:06 B E:\dot5hosting\tafe\bcg5009\Week7 smoke control_files\slide0074.htm --> df13.dot5hosting.com /public_html/tafe/bcg5009/Week7 smoke control_files slide0074.htm
2007.09.10 21:06 B E:\dot5hosting\tafe\bcg5009\Week7 smoke control_files\slide0075.htm --> df13.dot5hosting.com /public_html/tafe/bcg5009/Week7 smoke control_files slide0075.htm
2007.09.10 21:06 B E:\dot5hosting\tafe\bcg5009\Week7 smoke control_files\slide0075_image065.png --> df13.dot5hosting.com /public_html/tafe/bcg5009/Week7 smoke control_files slide0075_image065.png
2007.09.10 21:06 B E:\dot5hosting\tafe\bcg5009\Week7 smoke control_files\slide0075_image066.gif --> df13.dot5hosting.com /public_html/tafe/bcg5009/Week7 smoke control_files slide0075_image066.gif
2007.09.10 21:06 B E:\dot5hosting\tafe\bcg5009\Week7 smoke control_files\slide0076.htm --> df13.dot5hosting.com /public_html/tafe/bcg5009/Week7 smoke control_files slide0076.htm
2007.09.10 21:06 B E:\dot5hosting\tafe\bcg5009\Week7 smoke control_files\slide0076_image067.png --> df13.dot5hosting.com /public_html/tafe/bcg5009/Week7 smoke control_files slide0076_image067.png
2007.09.10 21:06 B E:\dot5hosting\tafe\bcg5009\Week7 smoke control_files\slide0076_image068.gif --> df13.dot5hosting.com /public_html/tafe/bcg5009/Week7 smoke control_files slide0076_image068.gif
2007.09.10 21:06 B E:\dot5hosting\tafe\bcg5009\Week7 smoke control_files\slide0077.htm --> df13.dot5hosting.com /public_html/tafe/bcg5009/Week7 smoke control_files slide0077.htm
2007.09.10 21:06 B E:\dot5hosting\tafe\bcg5009\Week7 smoke control_files\slide0077_image069.png --> df13.dot5hosting.com /public_html/tafe/bcg5009/Week7 smoke control_files slide0077_image069.png
2007.09.10 21:06 B E:\dot5hosting\tafe\bcg5009\Week7 smoke control_files\slide0077_image070.gif --> df13.dot5hosting.com /public_html/tafe/bcg5009/Week7 smoke control_files slide0077_image070.gif
2007.09.10 21:06 B E:\dot5hosting\tafe\bcg5009\Week7 smoke control_files\slide0077_image071.gif --> df13.dot5hosting.com /public_html/tafe/bcg5009/Week7 smoke control_files slide0077_image071.gif
2007.09.10 21:06 B E:\dot5hosting\tafe\bcg5009\Week7 smoke control_files\slide0078.htm --> df13.dot5hosting.com /public_html/tafe/bcg5009/Week7 smoke control_files slide0078.htm
2007.09.10 21:06 B E:\dot5hosting\tafe\bcg5009\Week7 smoke control_files\slide0078_image062.png --> df13.dot5hosting.com /public_html/tafe/bcg5009/Week7 smoke control_files slide0078_image062.png
2007.09.10 21:07 B E:\dot5hosting\tafe\bcg5009\Week7 smoke control_files\slide0078_image063.gif --> df13.dot5hosting.com /public_html/tafe/bcg5009/Week7 smoke control_files slide0078_image063.gif
2007.09.10 21:07 B E:\dot5hosting\tafe\bcg5009\Week7 smoke control_files\slide0078_image064.gif --> df13.dot5hosting.com /public_html/tafe/bcg5009/Week7 smoke control_files slide0078_image064.gif
2007.09.10 21:07 B E:\dot5hosting\tafe\bcg5009\Week7 smoke control_files\slide0079.htm --> df13.dot5hosting.com /public_html/tafe/bcg5009/Week7 smoke control_files slide0079.htm
2007.09.10 21:07 B E:\dot5hosting\tafe\bcg5009\Week7 smoke control_files\slide0080.htm --> df13.dot5hosting.com /public_html/tafe/bcg5009/Week7 smoke control_files slide0080.htm
