2005.08.28 12:52 B E:\dot5hosting\tafe\5005A.htm <-- boeingconsult /tafe 5005A.htm
2005.08.28 12:52 B E:\dot5hosting\tafe\5008A.htm <-- boeingconsult /tafe 5008A.htm
2005.08.28 12:52 B E:\dot5hosting\tafe\5009A.htm <-- boeingconsult /tafe 5009A.htm
2005.08.28 12:52 B E:\dot5hosting\tafe\5011A.htm <-- boeingconsult /tafe 5011A.htm
2005.08.28 12:52 B E:\dot5hosting\tafe\5012A.htm <-- boeingconsult /tafe 5012A.htm
2005.08.28 12:52 B E:\dot5hosting\tafe\5013A.htm <-- boeingconsult /tafe 5013A.htm
2005.08.28 12:52 B E:\dot5hosting\tafe\5015A.htm <-- boeingconsult /tafe 5015A.htm
2005.08.28 12:52 B E:\dot5hosting\tafe\56bk-mm.htm <-- boeingconsult /tafe 56bk-mm.htm
2005.08.28 12:52 B E:\dot5hosting\tafe\abc001.htm <-- boeingconsult /tafe abc001.htm
2005.08.28 12:53 B E:\dot5hosting\tafe\abc002.htm <-- boeingconsult /tafe abc002.htm
2005.08.28 12:53 B E:\dot5hosting\tafe\abc003.htm <-- boeingconsult /tafe abc003.htm
2005.08.28 12:53 B E:\dot5hosting\tafe\abc004.htm <-- boeingconsult /tafe abc004.htm
2005.08.28 12:53 B E:\dot5hosting\tafe\abc005.htm <-- boeingconsult /tafe abc005.htm
2005.08.28 12:52 B E:\dot5hosting\tafe\abc006.htm <-- boeingconsult /tafe abc006.htm
2005.08.28 12:52 B E:\dot5hosting\tafe\abc007.htm <-- boeingconsult /tafe abc007.htm
2005.08.28 12:52 B E:\dot5hosting\tafe\abc059.htm <-- boeingconsult /tafe abc059.htm
2005.08.28 12:52 B E:\dot5hosting\tafe\abc061.htm <-- boeingconsult /tafe abc061.htm
2005.08.28 12:52 B E:\dot5hosting\tafe\abc062.htm <-- boeingconsult /tafe abc062.htm
2005.08.28 12:52 B E:\dot5hosting\tafe\abc063.htm <-- boeingconsult /tafe abc063.htm
2005.08.28 12:52 B E:\dot5hosting\tafe\abc064.htm <-- boeingconsult /tafe abc064.htm
2005.08.28 12:52 B E:\dot5hosting\tafe\abc067.htm <-- boeingconsult /tafe abc067.htm
2005.08.28 12:52 B E:\dot5hosting\tafe\abc068.htm <-- boeingconsult /tafe abc068.htm
2005.08.28 12:52 B E:\dot5hosting\tafe\abc069.htm <-- boeingconsult /tafe abc069.htm
2005.08.28 12:52 B E:\dot5hosting\tafe\abc070.htm <-- boeingconsult /tafe abc070.htm
2005.08.28 12:53 B E:\dot5hosting\tafe\abc073.htm <-- boeingconsult /tafe abc073.htm
2005.08.28 12:53 B E:\dot5hosting\tafe\abc074.htm <-- boeingconsult /tafe abc074.htm
2005.08.28 12:53 B E:\dot5hosting\tafe\abc076.htm <-- boeingconsult /tafe abc076.htm
2005.08.28 12:53 B E:\dot5hosting\tafe\abc077.htm <-- boeingconsult /tafe abc077.htm
2005.08.28 12:53 B E:\dot5hosting\tafe\abc078.htm <-- boeingconsult /tafe abc078.htm
2005.08.28 12:53 B E:\dot5hosting\tafe\abc079.htm <-- boeingconsult /tafe abc079.htm
2005.08.28 12:53 B E:\dot5hosting\tafe\abc082.htm <-- boeingconsult /tafe abc082.htm
2005.08.28 12:53 B E:\dot5hosting\tafe\abc083.htm <-- boeingconsult /tafe abc083.htm
2005.08.28 12:53 B E:\dot5hosting\tafe\abc084.htm <-- boeingconsult /tafe abc084.htm
2005.08.28 12:53 B E:\dot5hosting\tafe\abc085.htm <-- boeingconsult /tafe abc085.htm
2005.08.28 12:53 B E:\dot5hosting\tafe\abc087.doc <-- boeingconsult /tafe abc087.doc
2005.08.28 12:53 B E:\dot5hosting\tafe\abc087.htm <-- boeingconsult /tafe abc087.htm
2005.08.28 12:53 B E:\dot5hosting\tafe\abc088.htm <-- boeingconsult /tafe abc088.htm
2005.08.28 12:54 B E:\dot5hosting\tafe\abc089.htm <-- boeingconsult /tafe abc089.htm
2005.08.28 12:54 B E:\dot5hosting\tafe\abc091.htm <-- boeingconsult /tafe abc091.htm
2005.08.28 12:54 B E:\dot5hosting\tafe\abc092.htm <-- boeingconsult /tafe abc092.htm
2005.08.28 12:54 B E:\dot5hosting\tafe\abc095.htm <-- boeingconsult /tafe abc095.htm
2005.08.28 12:54 B E:\dot5hosting\tafe\abc096.htm <-- boeingconsult /tafe abc096.htm
2005.08.28 12:54 B E:\dot5hosting\tafe\abc102.htm <-- boeingconsult /tafe abc102.htm
2005.08.28 12:54 B E:\dot5hosting\tafe\abc105.htm <-- boeingconsult /tafe abc105.htm
2005.08.28 12:54 B E:\dot5hosting\tafe\abc107.htm <-- boeingconsult /tafe abc107.htm
2005.08.28 12:54 B E:\dot5hosting\tafe\abc109.htm <-- boeingconsult /tafe abc109.htm
2005.08.28 12:54 B E:\dot5hosting\tafe\abc115.htm <-- boeingconsult /tafe abc115.htm
2005.08.28 12:54 B E:\dot5hosting\tafe\abc116.htm <-- boeingconsult /tafe abc116.htm
2005.08.28 12:54 B E:\dot5hosting\tafe\acts,regs&resp.htm <-- boeingconsult /tafe acts,regs&resp.htm
2005.08.28 12:54 B E:\dot5hosting\tafe\aqf3.htm <-- boeingconsult /tafe aqf3.htm
2005.08.28 12:54 B E:\dot5hosting\tafe\back.gif <-- boeingconsult /tafe back.gif
2005.08.28 12:55 B E:\dot5hosting\tafe\bg7048ad.htm <-- boeingconsult /tafe bg7048ad.htm
2005.08.28 12:55 B E:\dot5hosting\tafe\bldg-stud.htm <-- boeingconsult /tafe bldg-stud.htm
2005.08.28 12:55 B E:\dot5hosting\tafe\bldgcourses.htm <-- boeingconsult /tafe bldgcourses.htm
2005.08.28 12:55 B E:\dot5hosting\tafe\class-blur.jpg <-- boeingconsult /tafe class-blur.jpg
2005.08.28 12:55 B E:\dot5hosting\tafe\d&c-b.gif <-- boeingconsult /tafe d&c-b.gif
2005.08.28 12:55 B E:\dot5hosting\tafe\fontsize.css <-- boeingconsult /tafe fontsize.css
2005.08.28 12:55 B E:\dot5hosting\tafe\JSPASS.HTM <-- boeingconsult /tafe JSPASS.HTM
2005.08.28 12:55 B E:\dot5hosting\tafe\jspwtest.htm <-- boeingconsult /tafe jspwtest.htm
2005.08.28 12:55 B E:\dot5hosting\tafe\karl-class.GIF <-- boeingconsult /tafe karl-class.GIF
2005.08.28 12:55 B E:\dot5hosting\tafe\key-comp.htm <-- boeingconsult /tafe key-comp.htm
2005.08.28 12:55 B E:\dot5hosting\tafe\login.htm <-- boeingconsult /tafe login.htm
2005.08.28 12:55 B E:\dot5hosting\tafe\new.gif <-- boeingconsult /tafe new.gif
2005.08.28 12:55 B E:\dot5hosting\tafe\pi.lc.gif <-- boeingconsult /tafe pi.lc.gif
2005.08.28 12:55 B E:\dot5hosting\tafe\result-ani.gif <-- boeingconsult /tafe result-ani.gif
2005.08.28 12:55 B E:\dot5hosting\tafe\results.htm <-- boeingconsult /tafe results.htm
2005.08.28 12:55 B E:\dot5hosting\tafe\studnotes.gif <-- boeingconsult /tafe studnotes.gif
2005.08.28 12:55 B E:\dot5hosting\tafe\sub-info.gif <-- boeingconsult /tafe sub-info.gif
2005.08.28 12:55 B E:\dot5hosting\tafe\tafeframes.htm <-- boeingconsult /tafe tafeframes.htm
2005.08.28 12:55 B E:\dot5hosting\tafe\tafewa2.gif <-- boeingconsult /tafe tafewa2.gif
2005.08.28 12:55 B E:\dot5hosting\tafe\WDA02SLR.GIF <-- boeingconsult /tafe WDA02SLR.GIF
2005.08.30 23:48 B E:\dot5hosting\tafe\5005A.htm --> df13.dot5hosting.com /public_html/tafe 5005A.htm
2005.08.30 23:48 B E:\dot5hosting\tafe\5008A.htm --> df13.dot5hosting.com /public_html/tafe 5008A.htm
2005.08.30 23:48 B E:\dot5hosting\tafe\5009A.htm --> df13.dot5hosting.com /public_html/tafe 5009A.htm
2005.08.30 23:48 B E:\dot5hosting\tafe\5011A.htm --> df13.dot5hosting.com /public_html/tafe 5011A.htm
2005.08.30 23:49 B E:\dot5hosting\tafe\5012A.htm --> df13.dot5hosting.com /public_html/tafe 5012A.htm
2005.08.30 23:49 B E:\dot5hosting\tafe\5013A.htm --> df13.dot5hosting.com /public_html/tafe 5013A.htm
2005.08.30 23:50 B E:\dot5hosting\tafe\5015A.htm --> df13.dot5hosting.com /public_html/tafe 5015A.htm
2005.08.30 23:50 B E:\dot5hosting\tafe\56bk-mm.htm --> df13.dot5hosting.com /public_html/tafe 56bk-mm.htm
2005.08.30 23:50 B E:\dot5hosting\tafe\abc001.htm --> df13.dot5hosting.com /public_html/tafe abc001.htm
2005.08.30 23:51 B E:\dot5hosting\tafe\abc002.htm --> df13.dot5hosting.com /public_html/tafe abc002.htm
2005.08.30 23:51 B E:\dot5hosting\tafe\abc003.htm --> df13.dot5hosting.com /public_html/tafe abc003.htm
2005.08.30 23:52 B E:\dot5hosting\tafe\abc004.htm --> df13.dot5hosting.com /public_html/tafe abc004.htm
2005.08.30 23:52 B E:\dot5hosting\tafe\abc005.htm --> df13.dot5hosting.com /public_html/tafe abc005.htm
2005.08.30 23:52 B E:\dot5hosting\tafe\abc006.htm --> df13.dot5hosting.com /public_html/tafe abc006.htm
2005.08.30 23:53 B E:\dot5hosting\tafe\abc007.htm --> df13.dot5hosting.com /public_html/tafe abc007.htm
2005.08.30 23:53 B E:\dot5hosting\tafe\abc059.htm --> df13.dot5hosting.com /public_html/tafe abc059.htm
2005.08.30 23:53 B E:\dot5hosting\tafe\abc061.htm --> df13.dot5hosting.com /public_html/tafe abc061.htm
2005.08.30 23:53 B E:\dot5hosting\tafe\abc062.htm --> df13.dot5hosting.com /public_html/tafe abc062.htm
2005.08.30 23:54 B E:\dot5hosting\tafe\abc063.htm --> df13.dot5hosting.com /public_html/tafe abc063.htm
2005.08.30 23:54 B E:\dot5hosting\tafe\abc064.htm --> df13.dot5hosting.com /public_html/tafe abc064.htm
2005.08.30 23:54 B E:\dot5hosting\tafe\abc067.htm --> df13.dot5hosting.com /public_html/tafe abc067.htm
2005.08.30 23:55 B E:\dot5hosting\tafe\abc068.htm --> df13.dot5hosting.com /public_html/tafe abc068.htm
2005.08.30 23:55 B E:\dot5hosting\tafe\abc069.htm --> df13.dot5hosting.com /public_html/tafe abc069.htm
2005.08.30 23:55 B E:\dot5hosting\tafe\abc070.htm --> df13.dot5hosting.com /public_html/tafe abc070.htm
2005.08.30 23:56 B E:\dot5hosting\tafe\abc073.htm --> df13.dot5hosting.com /public_html/tafe abc073.htm
2005.08.30 23:56 B E:\dot5hosting\tafe\abc074.htm --> df13.dot5hosting.com /public_html/tafe abc074.htm
2005.08.30 23:56 B E:\dot5hosting\tafe\abc076.htm --> df13.dot5hosting.com /public_html/tafe abc076.htm
2005.08.30 23:56 B E:\dot5hosting\tafe\abc077.htm --> df13.dot5hosting.com /public_html/tafe abc077.htm
2005.08.30 23:57 B E:\dot5hosting\tafe\abc078.htm --> df13.dot5hosting.com /public_html/tafe abc078.htm
2005.08.30 23:57 B E:\dot5hosting\tafe\abc079.htm --> df13.dot5hosting.com /public_html/tafe abc079.htm
2005.08.30 23:57 B E:\dot5hosting\tafe\abc082.htm --> df13.dot5hosting.com /public_html/tafe abc082.htm
2005.08.30 23:57 B E:\dot5hosting\tafe\abc083.htm --> df13.dot5hosting.com /public_html/tafe abc083.htm
2005.08.30 23:58 B E:\dot5hosting\tafe\abc084.htm --> df13.dot5hosting.com /public_html/tafe abc084.htm
2005.08.30 23:58 B E:\dot5hosting\tafe\abc085.htm --> df13.dot5hosting.com /public_html/tafe abc085.htm
2005.08.30 23:58 B E:\dot5hosting\tafe\abc086.htm --> df13.dot5hosting.com /public_html/tafe abc086.htm
2005.08.30 23:58 B E:\dot5hosting\tafe\abc087.doc --> df13.dot5hosting.com /public_html/tafe abc087.doc
2005.08.30 23:59 B E:\dot5hosting\tafe\abc087.htm --> df13.dot5hosting.com /public_html/tafe abc087.htm
2005.08.30 23:59 B E:\dot5hosting\tafe\abc088.htm --> df13.dot5hosting.com /public_html/tafe abc088.htm
2005.08.30 23:59 B E:\dot5hosting\tafe\abc089.htm --> df13.dot5hosting.com /public_html/tafe abc089.htm
2005.08.31 00:00 B E:\dot5hosting\tafe\abc091.htm --> df13.dot5hosting.com /public_html/tafe abc091.htm
2005.08.31 00:00 B E:\dot5hosting\tafe\abc092.htm --> df13.dot5hosting.com /public_html/tafe abc092.htm
2005.08.31 00:00 B E:\dot5hosting\tafe\abc095.htm --> df13.dot5hosting.com /public_html/tafe abc095.htm
2005.08.31 00:01 B E:\dot5hosting\tafe\abc096.htm --> df13.dot5hosting.com /public_html/tafe abc096.htm
2005.08.31 00:01 B E:\dot5hosting\tafe\abc102.htm --> df13.dot5hosting.com /public_html/tafe abc102.htm
2005.08.31 00:02 B E:\dot5hosting\tafe\abc105.htm --> df13.dot5hosting.com /public_html/tafe abc105.htm
2005.08.31 00:02 B E:\dot5hosting\tafe\abc107.htm --> df13.dot5hosting.com /public_html/tafe abc107.htm
2005.08.31 00:02 B E:\dot5hosting\tafe\abc109.htm --> df13.dot5hosting.com /public_html/tafe abc109.htm
2005.08.31 00:02 B E:\dot5hosting\tafe\abc115.htm --> df13.dot5hosting.com /public_html/tafe abc115.htm
2005.08.31 00:02 B E:\dot5hosting\tafe\abc116.htm --> df13.dot5hosting.com /public_html/tafe abc116.htm
2005.08.31 00:03 B E:\dot5hosting\tafe\acts,regs&resp.htm --> df13.dot5hosting.com /public_html/tafe acts,regs&resp.htm
2005.08.31 00:03 B E:\dot5hosting\tafe\aqf3.htm --> df13.dot5hosting.com /public_html/tafe aqf3.htm
2005.08.31 00:03 B E:\dot5hosting\tafe\back.gif --> df13.dot5hosting.com /public_html/tafe back.gif
2005.08.31 00:03 B E:\dot5hosting\tafe\bg7048ad.htm --> df13.dot5hosting.com /public_html/tafe bg7048ad.htm
2005.08.31 00:03 B E:\dot5hosting\tafe\bldg-stud.htm --> df13.dot5hosting.com /public_html/tafe bldg-stud.htm
2005.08.31 00:03 B E:\dot5hosting\tafe\bldgcourses.htm --> df13.dot5hosting.com /public_html/tafe bldgcourses.htm
2005.08.31 00:04 B E:\dot5hosting\tafe\class-blur.jpg --> df13.dot5hosting.com /public_html/tafe class-blur.jpg
2005.08.31 00:04 B E:\dot5hosting\tafe\d&c-b.gif --> df13.dot5hosting.com /public_html/tafe d&c-b.gif
2005.08.31 00:04 B E:\dot5hosting\tafe\fontsize.css --> df13.dot5hosting.com /public_html/tafe fontsize.css
2005.08.31 00:04 B E:\dot5hosting\tafe\JSPASS.HTM --> df13.dot5hosting.com /public_html/tafe JSPASS.HTM
2005.08.31 00:04 B E:\dot5hosting\tafe\jspwtest.htm --> df13.dot5hosting.com /public_html/tafe jspwtest.htm
2005.08.31 00:05 B E:\dot5hosting\tafe\karl-class.GIF --> df13.dot5hosting.com /public_html/tafe karl-class.GIF
2005.08.31 00:05 B E:\dot5hosting\tafe\key-comp.htm --> df13.dot5hosting.com /public_html/tafe key-comp.htm
2005.08.31 00:05 B E:\dot5hosting\tafe\login.htm --> df13.dot5hosting.com /public_html/tafe login.htm
2005.08.31 00:05 B E:\dot5hosting\tafe\new.gif --> df13.dot5hosting.com /public_html/tafe new.gif
2005.08.31 00:05 B E:\dot5hosting\tafe\pi.lc.gif --> df13.dot5hosting.com /public_html/tafe pi.lc.gif
2005.08.31 00:06 B E:\dot5hosting\tafe\result-ani.gif --> df13.dot5hosting.com /public_html/tafe result-ani.gif
2005.08.31 00:06 B E:\dot5hosting\tafe\results.htm --> df13.dot5hosting.com /public_html/tafe results.htm
2005.08.31 00:06 B E:\dot5hosting\tafe\studnotes.gif --> df13.dot5hosting.com /public_html/tafe studnotes.gif
2005.08.31 00:06 B E:\dot5hosting\tafe\sub-info.gif --> df13.dot5hosting.com /public_html/tafe sub-info.gif
2005.08.31 00:06 B E:\dot5hosting\tafe\tafeframes.htm --> df13.dot5hosting.com /public_html/tafe tafeframes.htm
2005.08.31 00:06 B E:\dot5hosting\tafe\tafewa2.gif --> df13.dot5hosting.com /public_html/tafe tafewa2.gif
2005.08.31 00:06 B E:\dot5hosting\tafe\WDA02SLR.GIF --> df13.dot5hosting.com /public_html/tafe WDA02SLR.GIF
