2005.08.28 12:39 B E:\dot5hosting\tafe\general\bending-stress.gif <-- boeingconsult /tafe/general bending-stress.gif
2005.08.28 12:39 B E:\dot5hosting\tafe\general\BHP-sections.htm <-- boeingconsult /tafe/general BHP-sections.htm
2005.08.28 12:39 B E:\dot5hosting\tafe\general\Brick-chart.htm <-- boeingconsult /tafe/general Brick-chart.htm
2005.08.28 12:39 B E:\dot5hosting\tafe\general\course-chart450.gif <-- boeingconsult /tafe/general course-chart450.gif
2005.08.28 12:39 B E:\dot5hosting\tafe\general\e.gif <-- boeingconsult /tafe/general e.gif
2005.08.28 12:39 B E:\dot5hosting\tafe\general\ea-bhp.gif <-- boeingconsult /tafe/general ea-bhp.gif
2005.08.28 12:39 B E:\dot5hosting\tafe\general\ea.gif <-- boeingconsult /tafe/general ea.gif
2005.08.28 12:39 B E:\dot5hosting\tafe\general\formula-f&g.gif <-- boeingconsult /tafe/general formula-f&g.gif
2005.08.28 12:39 B E:\dot5hosting\tafe\general\formulae.htm <-- boeingconsult /tafe/general formulae.htm
2005.08.28 12:39 B E:\dot5hosting\tafe\general\info.htm <-- boeingconsult /tafe/general info.htm
2005.08.28 12:39 B E:\dot5hosting\tafe\general\math-transposition.htm <-- boeingconsult /tafe/general math-transposition.htm
2005.08.28 12:39 B E:\dot5hosting\tafe\general\Mesh-reo.htm <-- boeingconsult /tafe/general Mesh-reo.htm
2005.08.28 12:39 B E:\dot5hosting\tafe\general\mod-elasticity.gif <-- boeingconsult /tafe/general mod-elasticity.gif
2005.08.28 12:39 B E:\dot5hosting\tafe\general\mom-inertia.gif <-- boeingconsult /tafe/general mom-inertia.gif
2005.08.28 12:40 B E:\dot5hosting\tafe\general\oral-present.htm <-- boeingconsult /tafe/general oral-present.htm
2005.08.28 12:40 B E:\dot5hosting\tafe\general\pf.gif <-- boeingconsult /tafe/general pf.gif
2005.08.28 12:40 B E:\dot5hosting\tafe\general\pfc-bhp.gif <-- boeingconsult /tafe/general pfc-bhp.gif
2005.08.28 12:40 B E:\dot5hosting\tafe\general\pfc.gif <-- boeingconsult /tafe/general pfc.gif
2005.08.28 12:40 B E:\dot5hosting\tafe\general\plusminsqrb.gif <-- boeingconsult /tafe/general plusminsqrb.gif
2005.08.28 12:40 B E:\dot5hosting\tafe\general\plusminsqrl.gif <-- boeingconsult /tafe/general plusminsqrl.gif
2005.08.28 12:40 B E:\dot5hosting\tafe\general\referencing.htm <-- boeingconsult /tafe/general referencing.htm
2005.08.28 12:40 B E:\dot5hosting\tafe\general\section-mod.gif <-- boeingconsult /tafe/general section-mod.gif
2005.08.28 12:40 B E:\dot5hosting\tafe\general\sqrt.gif <-- boeingconsult /tafe/general sqrt.gif
2005.08.28 12:40 B E:\dot5hosting\tafe\general\strain.gif <-- boeingconsult /tafe/general strain.gif
2005.08.28 12:40 B E:\dot5hosting\tafe\general\stress-bloc.gif <-- boeingconsult /tafe/general stress-bloc.gif
2005.08.28 12:40 B E:\dot5hosting\tafe\general\stress.gif <-- boeingconsult /tafe/general stress.gif
2005.08.28 12:40 B E:\dot5hosting\tafe\general\transpose.gif <-- boeingconsult /tafe/general transpose.gif
2005.08.28 12:40 B E:\dot5hosting\tafe\general\ua-bhp.gif <-- boeingconsult /tafe/general ua-bhp.gif
2005.08.28 12:40 B E:\dot5hosting\tafe\general\ua.gif <-- boeingconsult /tafe/general ua.gif
2005.08.28 12:40 B E:\dot5hosting\tafe\general\ub-bhp.gif <-- boeingconsult /tafe/general ub-bhp.gif
2005.08.28 12:40 B E:\dot5hosting\tafe\general\ub.gif <-- boeingconsult /tafe/general ub.gif
2005.08.28 12:40 B E:\dot5hosting\tafe\general\uc-bhp.gif <-- boeingconsult /tafe/general uc-bhp.gif
2005.08.28 12:40 B E:\dot5hosting\tafe\general\uc.gif <-- boeingconsult /tafe/general uc.gif
2005.08.28 12:40 B E:\dot5hosting\tafe\general\undo.gif <-- boeingconsult /tafe/general undo.gif
2005.08.28 12:40 B E:\dot5hosting\tafe\general\zfromi.gif <-- boeingconsult /tafe/general zfromi.gif
2005.08.30 23:21 B E:\dot5hosting\tafe\general\bending-stress.gif --> df13.dot5hosting.com /public_html/tafe/general bending-stress.gif
2005.08.30 23:21 B E:\dot5hosting\tafe\general\BHP-sections.htm --> df13.dot5hosting.com /public_html/tafe/general BHP-sections.htm
2005.08.30 23:21 B E:\dot5hosting\tafe\general\Brick-chart.htm --> df13.dot5hosting.com /public_html/tafe/general Brick-chart.htm
2005.08.30 23:22 B E:\dot5hosting\tafe\general\course-chart450.gif --> df13.dot5hosting.com /public_html/tafe/general course-chart450.gif
2005.08.30 23:22 B E:\dot5hosting\tafe\general\e.gif --> df13.dot5hosting.com /public_html/tafe/general e.gif
2005.08.30 23:22 B E:\dot5hosting\tafe\general\ea-bhp.gif --> df13.dot5hosting.com /public_html/tafe/general ea-bhp.gif
2005.08.30 23:22 B E:\dot5hosting\tafe\general\ea.gif --> df13.dot5hosting.com /public_html/tafe/general ea.gif
2005.08.30 23:22 B E:\dot5hosting\tafe\general\formula-f&g.gif --> df13.dot5hosting.com /public_html/tafe/general formula-f&g.gif
2005.08.30 23:22 B E:\dot5hosting\tafe\general\formulae.htm --> df13.dot5hosting.com /public_html/tafe/general formulae.htm
2005.08.30 23:22 B E:\dot5hosting\tafe\general\info.htm --> df13.dot5hosting.com /public_html/tafe/general info.htm
2005.08.30 23:22 B E:\dot5hosting\tafe\general\math-transposition.htm --> df13.dot5hosting.com /public_html/tafe/general math-transposition.htm
2005.08.30 23:22 B E:\dot5hosting\tafe\general\Mesh-reo.htm --> df13.dot5hosting.com /public_html/tafe/general Mesh-reo.htm
2005.08.30 23:22 B E:\dot5hosting\tafe\general\mod-elasticity.gif --> df13.dot5hosting.com /public_html/tafe/general mod-elasticity.gif
2005.08.30 23:22 B E:\dot5hosting\tafe\general\mom-inertia.gif --> df13.dot5hosting.com /public_html/tafe/general mom-inertia.gif
2005.08.30 23:22 B E:\dot5hosting\tafe\general\oral-present.htm --> df13.dot5hosting.com /public_html/tafe/general oral-present.htm
2005.08.30 23:22 B E:\dot5hosting\tafe\general\pf.gif --> df13.dot5hosting.com /public_html/tafe/general pf.gif
2005.08.30 23:22 B E:\dot5hosting\tafe\general\pfc-bhp.gif --> df13.dot5hosting.com /public_html/tafe/general pfc-bhp.gif
2005.08.30 23:22 B E:\dot5hosting\tafe\general\pfc.gif --> df13.dot5hosting.com /public_html/tafe/general pfc.gif
2005.08.30 23:22 B E:\dot5hosting\tafe\general\plusminsqrb.gif --> df13.dot5hosting.com /public_html/tafe/general plusminsqrb.gif
2005.08.30 23:22 B E:\dot5hosting\tafe\general\plusminsqrl.gif --> df13.dot5hosting.com /public_html/tafe/general plusminsqrl.gif
2005.08.30 23:22 B E:\dot5hosting\tafe\general\referencing.htm --> df13.dot5hosting.com /public_html/tafe/general referencing.htm
2005.08.30 23:22 B E:\dot5hosting\tafe\general\section-mod.gif --> df13.dot5hosting.com /public_html/tafe/general section-mod.gif
2005.08.30 23:22 B E:\dot5hosting\tafe\general\sqrt.gif --> df13.dot5hosting.com /public_html/tafe/general sqrt.gif
2005.08.30 23:22 B E:\dot5hosting\tafe\general\strain.gif --> df13.dot5hosting.com /public_html/tafe/general strain.gif
2005.08.30 23:22 B E:\dot5hosting\tafe\general\stress-bloc.gif --> df13.dot5hosting.com /public_html/tafe/general stress-bloc.gif
2005.08.30 23:22 B E:\dot5hosting\tafe\general\stress.gif --> df13.dot5hosting.com /public_html/tafe/general stress.gif
2005.08.30 23:22 B E:\dot5hosting\tafe\general\transpose.gif --> df13.dot5hosting.com /public_html/tafe/general transpose.gif
2005.08.30 23:23 B E:\dot5hosting\tafe\general\ua-bhp.gif --> df13.dot5hosting.com /public_html/tafe/general ua-bhp.gif
2005.08.30 23:23 B E:\dot5hosting\tafe\general\ua.gif --> df13.dot5hosting.com /public_html/tafe/general ua.gif
2005.08.30 23:23 B E:\dot5hosting\tafe\general\ub-bhp.gif --> df13.dot5hosting.com /public_html/tafe/general ub-bhp.gif
2005.08.30 23:23 B E:\dot5hosting\tafe\general\ub.gif --> df13.dot5hosting.com /public_html/tafe/general ub.gif
2005.08.30 23:23 B E:\dot5hosting\tafe\general\uc-bhp.gif --> df13.dot5hosting.com /public_html/tafe/general uc-bhp.gif
2005.08.30 23:23 B E:\dot5hosting\tafe\general\uc.gif --> df13.dot5hosting.com /public_html/tafe/general uc.gif
2005.08.30 23:23 B E:\dot5hosting\tafe\general\undo.gif --> df13.dot5hosting.com /public_html/tafe/general undo.gif
