2005.08.28 12:48 B E:\dot5hosting\tafe\structures\struct1\assign\7-1.gif <-- boeingconsult /tafe/structures/struct1/assign 7-1.gif
2005.08.28 12:48 B E:\dot5hosting\tafe\structures\struct1\assign\7-2.gif <-- boeingconsult /tafe/structures/struct1/assign 7-2.gif
2005.08.28 12:48 B E:\dot5hosting\tafe\structures\struct1\assign\7.3.gif <-- boeingconsult /tafe/structures/struct1/assign 7.3.gif
2005.08.28 12:48 B E:\dot5hosting\tafe\structures\struct1\assign\ass-topi.htm <-- boeingconsult /tafe/structures/struct1/assign ass-topi.htm
2005.08.28 12:48 B E:\dot5hosting\tafe\structures\struct1\assign\ex1.htm <-- boeingconsult /tafe/structures/struct1/assign ex1.htm
2005.08.28 12:48 B E:\dot5hosting\tafe\structures\struct1\assign\ex2.htm <-- boeingconsult /tafe/structures/struct1/assign ex2.htm
2005.08.28 12:48 B E:\dot5hosting\tafe\structures\struct1\assign\ex3.htm <-- boeingconsult /tafe/structures/struct1/assign ex3.htm
2005.08.28 12:48 B E:\dot5hosting\tafe\structures\struct1\assign\ex4.htm <-- boeingconsult /tafe/structures/struct1/assign ex4.htm
2005.08.28 12:48 B E:\dot5hosting\tafe\structures\struct1\assign\ex5.htm <-- boeingconsult /tafe/structures/struct1/assign ex5.htm
2005.08.28 12:48 B E:\dot5hosting\tafe\structures\struct1\assign\ex6.htm <-- boeingconsult /tafe/structures/struct1/assign ex6.htm
2005.08.28 12:48 B E:\dot5hosting\tafe\structures\struct1\assign\ex7.htm <-- boeingconsult /tafe/structures/struct1/assign ex7.htm
2005.08.28 12:48 B E:\dot5hosting\tafe\structures\struct1\assign\ex8.htm <-- boeingconsult /tafe/structures/struct1/assign ex8.htm
2005.08.28 12:48 B E:\dot5hosting\tafe\structures\struct1\assign\ex9.htm <-- boeingconsult /tafe/structures/struct1/assign ex9.htm
2005.08.28 12:48 B E:\dot5hosting\tafe\structures\struct1\assign\fig1.gif <-- boeingconsult /tafe/structures/struct1/assign fig1.gif
2005.08.28 12:48 B E:\dot5hosting\tafe\structures\struct1\assign\fig1m.gif <-- boeingconsult /tafe/structures/struct1/assign fig1m.gif
2005.08.28 12:48 B E:\dot5hosting\tafe\structures\struct1\assign\fig2.gif <-- boeingconsult /tafe/structures/struct1/assign fig2.gif
2005.08.28 12:48 B E:\dot5hosting\tafe\structures\struct1\assign\fig2m.gif <-- boeingconsult /tafe/structures/struct1/assign fig2m.gif
2005.08.28 12:48 B E:\dot5hosting\tafe\structures\struct1\assign\fig3.gif <-- boeingconsult /tafe/structures/struct1/assign fig3.gif
2005.08.28 12:48 B E:\dot5hosting\tafe\structures\struct1\assign\fig3m.gif <-- boeingconsult /tafe/structures/struct1/assign fig3m.gif
2005.08.28 12:48 B E:\dot5hosting\tafe\structures\struct1\assign\fig4-1.gif <-- boeingconsult /tafe/structures/struct1/assign fig4-1.gif
2005.08.28 12:48 B E:\dot5hosting\tafe\structures\struct1\assign\fig4-2.gif <-- boeingconsult /tafe/structures/struct1/assign fig4-2.gif
2005.08.28 12:48 B E:\dot5hosting\tafe\structures\struct1\assign\fig4.gif <-- boeingconsult /tafe/structures/struct1/assign fig4.gif
2005.08.28 12:48 B E:\dot5hosting\tafe\structures\struct1\assign\fig4m.gif <-- boeingconsult /tafe/structures/struct1/assign fig4m.gif
2005.08.28 12:48 B E:\dot5hosting\tafe\structures\struct1\assign\fig5-1.gif <-- boeingconsult /tafe/structures/struct1/assign fig5-1.gif
2005.08.28 12:48 B E:\dot5hosting\tafe\structures\struct1\assign\fig5m.gif <-- boeingconsult /tafe/structures/struct1/assign fig5m.gif
2005.08.28 12:48 B E:\dot5hosting\tafe\structures\struct1\assign\fig6-1.gif <-- boeingconsult /tafe/structures/struct1/assign fig6-1.gif
2005.08.28 12:48 B E:\dot5hosting\tafe\structures\struct1\assign\fig6m.gif <-- boeingconsult /tafe/structures/struct1/assign fig6m.gif
2005.08.28 12:49 B E:\dot5hosting\tafe\structures\struct1\assign\shear-bm.gif <-- boeingconsult /tafe/structures/struct1/assign shear-bm.gif
2005.08.30 23:37 B E:\dot5hosting\tafe\structures\struct1\assign\7-1.gif --> df13.dot5hosting.com /public_html/tafe/structures/struct1/assign 7-1.gif
2005.08.30 23:37 B E:\dot5hosting\tafe\structures\struct1\assign\7-2.gif --> df13.dot5hosting.com /public_html/tafe/structures/struct1/assign 7-2.gif
2005.08.30 23:37 B E:\dot5hosting\tafe\structures\struct1\assign\7.3.gif --> df13.dot5hosting.com /public_html/tafe/structures/struct1/assign 7.3.gif
2005.08.30 23:37 B E:\dot5hosting\tafe\structures\struct1\assign\ass-topi.htm --> df13.dot5hosting.com /public_html/tafe/structures/struct1/assign ass-topi.htm
2005.08.30 23:37 B E:\dot5hosting\tafe\structures\struct1\assign\ex1.htm --> df13.dot5hosting.com /public_html/tafe/structures/struct1/assign ex1.htm
2005.08.30 23:37 B E:\dot5hosting\tafe\structures\struct1\assign\ex2.htm --> df13.dot5hosting.com /public_html/tafe/structures/struct1/assign ex2.htm
2005.08.30 23:37 B E:\dot5hosting\tafe\structures\struct1\assign\ex3.htm --> df13.dot5hosting.com /public_html/tafe/structures/struct1/assign ex3.htm
2005.08.30 23:38 B E:\dot5hosting\tafe\structures\struct1\assign\ex4.htm --> df13.dot5hosting.com /public_html/tafe/structures/struct1/assign ex4.htm
2005.08.30 23:38 B E:\dot5hosting\tafe\structures\struct1\assign\ex5.htm --> df13.dot5hosting.com /public_html/tafe/structures/struct1/assign ex5.htm
2005.08.30 23:38 B E:\dot5hosting\tafe\structures\struct1\assign\ex6.htm --> df13.dot5hosting.com /public_html/tafe/structures/struct1/assign ex6.htm
2005.08.30 23:38 B E:\dot5hosting\tafe\structures\struct1\assign\ex7.htm --> df13.dot5hosting.com /public_html/tafe/structures/struct1/assign ex7.htm
2005.08.30 23:38 B E:\dot5hosting\tafe\structures\struct1\assign\ex8.htm --> df13.dot5hosting.com /public_html/tafe/structures/struct1/assign ex8.htm
2005.08.30 23:38 B E:\dot5hosting\tafe\structures\struct1\assign\ex9.htm --> df13.dot5hosting.com /public_html/tafe/structures/struct1/assign ex9.htm
2005.08.30 23:38 B E:\dot5hosting\tafe\structures\struct1\assign\fig1.gif --> df13.dot5hosting.com /public_html/tafe/structures/struct1/assign fig1.gif
2005.08.30 23:38 B E:\dot5hosting\tafe\structures\struct1\assign\fig1m.gif --> df13.dot5hosting.com /public_html/tafe/structures/struct1/assign fig1m.gif
2005.08.30 23:38 B E:\dot5hosting\tafe\structures\struct1\assign\fig2.gif --> df13.dot5hosting.com /public_html/tafe/structures/struct1/assign fig2.gif
2005.08.30 23:38 B E:\dot5hosting\tafe\structures\struct1\assign\fig2m.gif --> df13.dot5hosting.com /public_html/tafe/structures/struct1/assign fig2m.gif
2005.08.30 23:38 B E:\dot5hosting\tafe\structures\struct1\assign\fig3.gif --> df13.dot5hosting.com /public_html/tafe/structures/struct1/assign fig3.gif
2005.08.30 23:38 B E:\dot5hosting\tafe\structures\struct1\assign\fig3m.gif --> df13.dot5hosting.com /public_html/tafe/structures/struct1/assign fig3m.gif
2005.08.30 23:38 B E:\dot5hosting\tafe\structures\struct1\assign\fig4-1.gif --> df13.dot5hosting.com /public_html/tafe/structures/struct1/assign fig4-1.gif
2005.08.30 23:38 B E:\dot5hosting\tafe\structures\struct1\assign\fig4-2.gif --> df13.dot5hosting.com /public_html/tafe/structures/struct1/assign fig4-2.gif
2005.08.30 23:38 B E:\dot5hosting\tafe\structures\struct1\assign\fig4.gif --> df13.dot5hosting.com /public_html/tafe/structures/struct1/assign fig4.gif
2005.08.30 23:38 B E:\dot5hosting\tafe\structures\struct1\assign\fig4m.gif --> df13.dot5hosting.com /public_html/tafe/structures/struct1/assign fig4m.gif
2005.08.30 23:38 B E:\dot5hosting\tafe\structures\struct1\assign\fig5-1.gif --> df13.dot5hosting.com /public_html/tafe/structures/struct1/assign fig5-1.gif
2005.08.30 23:38 B E:\dot5hosting\tafe\structures\struct1\assign\fig5m.gif --> df13.dot5hosting.com /public_html/tafe/structures/struct1/assign fig5m.gif
2005.08.30 23:38 B E:\dot5hosting\tafe\structures\struct1\assign\fig6-1.gif --> df13.dot5hosting.com /public_html/tafe/structures/struct1/assign fig6-1.gif
2005.08.30 23:39 B E:\dot5hosting\tafe\structures\struct1\assign\fig6m.gif --> df13.dot5hosting.com /public_html/tafe/structures/struct1/assign fig6m.gif
2005.08.30 23:39 B E:\dot5hosting\tafe\structures\struct1\assign\shear-bm.gif --> df13.dot5hosting.com /public_html/tafe/structures/struct1/assign shear-bm.gif
