2005.08.28 12:43 B E:\dot5hosting\tafe\ss&so\survey1\abc083.htm <-- boeingconsult /tafe/ss&so/survey1 abc083.htm
2005.08.28 12:43 B E:\dot5hosting\tafe\ss&so\survey1\Area-volume-calc.xls <-- boeingconsult /tafe/ss&so/survey1 Area-volume-calc.xls
2005.08.28 12:43 B E:\dot5hosting\tafe\ss&so\survey1\contouringa.gif <-- boeingconsult /tafe/ss&so/survey1 contouringa.gif
2005.08.28 12:43 B E:\dot5hosting\tafe\ss&so\survey1\geq.gif <-- boeingconsult /tafe/ss&so/survey1 geq.gif
2005.08.28 12:43 B E:\dot5hosting\tafe\ss&so\survey1\iso12-9.gif <-- boeingconsult /tafe/ss&so/survey1 iso12-9.gif
2005.08.28 12:43 B E:\dot5hosting\tafe\ss&so\survey1\leq.gif <-- boeingconsult /tafe/ss&so/survey1 leq.gif
2005.08.28 12:43 B E:\dot5hosting\tafe\ss&so\survey1\leqat1.gif <-- boeingconsult /tafe/ss&so/survey1 leqat1.gif
2005.08.28 12:43 B E:\dot5hosting\tafe\ss&so\survey1\leqat2.gif <-- boeingconsult /tafe/ss&so/survey1 leqat2.gif
2005.08.28 12:43 B E:\dot5hosting\tafe\ss&so\survey1\leqat3.gif <-- boeingconsult /tafe/ss&so/survey1 leqat3.gif
2005.08.28 12:43 B E:\dot5hosting\tafe\ss&so\survey1\leqat4.gif <-- boeingconsult /tafe/ss&so/survey1 leqat4.gif
2005.08.28 12:43 B E:\dot5hosting\tafe\ss&so\survey1\prog2-05.htm <-- boeingconsult /tafe/ss&so/survey1 prog2-05.htm
2005.08.28 12:43 B E:\dot5hosting\tafe\ss&so\survey1\project1.gif <-- boeingconsult /tafe/ss&so/survey1 project1.gif
2005.08.28 12:43 B E:\dot5hosting\tafe\ss&so\survey1\project2.gif <-- boeingconsult /tafe/ss&so/survey1 project2.gif
2005.08.28 12:43 B E:\dot5hosting\tafe\ss&so\survey1\project3.gif <-- boeingconsult /tafe/ss&so/survey1 project3.gif
2005.08.28 12:43 B E:\dot5hosting\tafe\ss&so\survey1\project4.gif <-- boeingconsult /tafe/ss&so/survey1 project4.gif
2005.08.28 12:44 B E:\dot5hosting\tafe\ss&so\survey1\project5.gif <-- boeingconsult /tafe/ss&so/survey1 project5.gif
2005.08.28 12:44 B E:\dot5hosting\tafe\ss&so\survey1\sim-tri.gif <-- boeingconsult /tafe/ss&so/survey1 sim-tri.gif
2005.08.28 12:44 B E:\dot5hosting\tafe\ss&so\survey1\spot-level.gif <-- boeingconsult /tafe/ss&so/survey1 spot-level.gif
2005.08.28 12:44 B E:\dot5hosting\tafe\ss&so\survey1\Ss&s1Delsched.htm <-- boeingconsult /tafe/ss&so/survey1 Ss&s1Delsched.htm
2005.08.28 12:44 B E:\dot5hosting\tafe\ss&so\survey1\Table1.gif <-- boeingconsult /tafe/ss&so/survey1 Table1.gif
2005.08.28 12:44 B E:\dot5hosting\tafe\ss&so\survey1\test-gridvol.htm <-- boeingconsult /tafe/ss&so/survey1 test-gridvol.htm
2005.08.28 12:44 B E:\dot5hosting\tafe\ss&so\survey1\w1-ex1-4.jpg <-- boeingconsult /tafe/ss&so/survey1 w1-ex1-4.jpg
2005.08.28 12:44 B E:\dot5hosting\tafe\ss&so\survey1\worksheet1.htm <-- boeingconsult /tafe/ss&so/survey1 worksheet1.htm
2005.08.30 23:26 B E:\dot5hosting\tafe\ss&so\survey1\abc083.htm --> df13.dot5hosting.com /public_html/tafe/ss&so/survey1 abc083.htm
2005.08.30 23:27 B E:\dot5hosting\tafe\ss&so\survey1\Area-volume-calc.xls --> df13.dot5hosting.com /public_html/tafe/ss&so/survey1 Area-volume-calc.xls
2005.08.30 23:27 B E:\dot5hosting\tafe\ss&so\survey1\contouringa.gif --> df13.dot5hosting.com /public_html/tafe/ss&so/survey1 contouringa.gif
2005.08.30 23:27 B E:\dot5hosting\tafe\ss&so\survey1\geq.gif --> df13.dot5hosting.com /public_html/tafe/ss&so/survey1 geq.gif
2005.08.30 23:27 B E:\dot5hosting\tafe\ss&so\survey1\iso12-9.gif --> df13.dot5hosting.com /public_html/tafe/ss&so/survey1 iso12-9.gif
2005.08.30 23:27 B E:\dot5hosting\tafe\ss&so\survey1\leq.gif --> df13.dot5hosting.com /public_html/tafe/ss&so/survey1 leq.gif
2005.08.30 23:27 B E:\dot5hosting\tafe\ss&so\survey1\leqat1.gif --> df13.dot5hosting.com /public_html/tafe/ss&so/survey1 leqat1.gif
2005.08.30 23:27 B E:\dot5hosting\tafe\ss&so\survey1\leqat2.gif --> df13.dot5hosting.com /public_html/tafe/ss&so/survey1 leqat2.gif
2005.08.30 23:27 B E:\dot5hosting\tafe\ss&so\survey1\leqat3.gif --> df13.dot5hosting.com /public_html/tafe/ss&so/survey1 leqat3.gif
2005.08.30 23:27 B E:\dot5hosting\tafe\ss&so\survey1\leqat4.gif --> df13.dot5hosting.com /public_html/tafe/ss&so/survey1 leqat4.gif
2005.08.30 23:27 B E:\dot5hosting\tafe\ss&so\survey1\prog2-05.htm --> df13.dot5hosting.com /public_html/tafe/ss&so/survey1 prog2-05.htm
2005.08.30 23:27 B E:\dot5hosting\tafe\ss&so\survey1\project1.gif --> df13.dot5hosting.com /public_html/tafe/ss&so/survey1 project1.gif
2005.08.30 23:27 B E:\dot5hosting\tafe\ss&so\survey1\project2.gif --> df13.dot5hosting.com /public_html/tafe/ss&so/survey1 project2.gif
2005.08.30 23:27 B E:\dot5hosting\tafe\ss&so\survey1\project3.gif --> df13.dot5hosting.com /public_html/tafe/ss&so/survey1 project3.gif
2005.08.30 23:27 B E:\dot5hosting\tafe\ss&so\survey1\project4.gif --> df13.dot5hosting.com /public_html/tafe/ss&so/survey1 project4.gif
2005.08.30 23:27 B E:\dot5hosting\tafe\ss&so\survey1\project5.gif --> df13.dot5hosting.com /public_html/tafe/ss&so/survey1 project5.gif
2005.08.30 23:27 B E:\dot5hosting\tafe\ss&so\survey1\sim-tri.gif --> df13.dot5hosting.com /public_html/tafe/ss&so/survey1 sim-tri.gif
2005.08.30 23:27 B E:\dot5hosting\tafe\ss&so\survey1\spot-level.gif --> df13.dot5hosting.com /public_html/tafe/ss&so/survey1 spot-level.gif
2005.08.30 23:27 B E:\dot5hosting\tafe\ss&so\survey1\Ss&s1Delsched.htm --> df13.dot5hosting.com /public_html/tafe/ss&so/survey1 Ss&s1Delsched.htm
2005.08.30 23:27 B E:\dot5hosting\tafe\ss&so\survey1\Table1.gif --> df13.dot5hosting.com /public_html/tafe/ss&so/survey1 Table1.gif
2005.08.30 23:27 B E:\dot5hosting\tafe\ss&so\survey1\test-gridvol.htm --> df13.dot5hosting.com /public_html/tafe/ss&so/survey1 test-gridvol.htm
2005.08.30 23:27 B E:\dot5hosting\tafe\ss&so\survey1\w1-ex1-4.jpg --> df13.dot5hosting.com /public_html/tafe/ss&so/survey1 w1-ex1-4.jpg
2005.08.30 23:27 B E:\dot5hosting\tafe\ss&so\survey1\worksheet1.htm --> df13.dot5hosting.com /public_html/tafe/ss&so/survey1 worksheet1.htm
