2005.08.28 12:24 B E:\dot5hosting\tafe\as1684\calc\alpha.lc.gif <-- boeingconsult /tafe/as1684/calc alpha.lc.gif
2005.08.28 12:24 B E:\dot5hosting\tafe\as1684\calc\calc-tim.htm <-- boeingconsult /tafe/as1684/calc calc-tim.htm
2005.08.28 12:24 B E:\dot5hosting\tafe\as1684\calc\Calculation outlay.pdf <-- boeingconsult /tafe/as1684/calc Calculation outlay.pdf
2005.08.28 12:24 B E:\dot5hosting\tafe\as1684\calc\equat-u_p.gif <-- boeingconsult /tafe/as1684/calc equat-u_p.gif
2005.08.28 12:24 B E:\dot5hosting\tafe\as1684\calc\equat1-04.gif <-- boeingconsult /tafe/as1684/calc equat1-04.gif
2005.08.28 12:24 B E:\dot5hosting\tafe\as1684\calc\equat2-10.gif <-- boeingconsult /tafe/as1684/calc equat2-10.gif
2005.08.28 12:24 B E:\dot5hosting\tafe\as1684\calc\equat3-18.gif <-- boeingconsult /tafe/as1684/calc equat3-18.gif
2005.08.28 12:24 B E:\dot5hosting\tafe\as1684\calc\equat4-20.gif <-- boeingconsult /tafe/as1684/calc equat4-20.gif
2005.08.28 12:24 B E:\dot5hosting\tafe\as1684\calc\equat5-22.gif <-- boeingconsult /tafe/as1684/calc equat5-22.gif
2005.08.28 12:24 B E:\dot5hosting\tafe\as1684\calc\equat6.gif <-- boeingconsult /tafe/as1684/calc equat6.gif
2005.08.28 12:24 B E:\dot5hosting\tafe\as1684\calc\equattan.gif <-- boeingconsult /tafe/as1684/calc equattan.gif
2005.08.28 12:24 B E:\dot5hosting\tafe\as1684\calc\fig-tan.gif <-- boeingconsult /tafe/as1684/calc fig-tan.gif
2005.08.28 12:25 B E:\dot5hosting\tafe\as1684\calc\fig-tan1.gif <-- boeingconsult /tafe/as1684/calc fig-tan1.gif
2005.08.28 12:25 B E:\dot5hosting\tafe\as1684\calc\fig1-02.gif <-- boeingconsult /tafe/as1684/calc fig1-02.gif
2005.08.28 12:25 B E:\dot5hosting\tafe\as1684\calc\fig2-06.gif <-- boeingconsult /tafe/as1684/calc fig2-06.gif
2005.08.28 12:25 B E:\dot5hosting\tafe\as1684\calc\fig3-08.gif <-- boeingconsult /tafe/as1684/calc fig3-08.gif
2005.08.28 12:25 B E:\dot5hosting\tafe\as1684\calc\fig4-12.gif <-- boeingconsult /tafe/as1684/calc fig4-12.gif
2005.08.28 12:25 B E:\dot5hosting\tafe\as1684\calc\fig5-14.gif <-- boeingconsult /tafe/as1684/calc fig5-14.gif
2005.08.28 12:25 B E:\dot5hosting\tafe\as1684\calc\fig6-26.gif <-- boeingconsult /tafe/as1684/calc fig6-26.gif
2005.08.28 12:25 B E:\dot5hosting\tafe\as1684\calc\fig7.gif <-- boeingconsult /tafe/as1684/calc fig7.gif
2005.08.28 12:25 B E:\dot5hosting\tafe\as1684\calc\figfanstrut.gif <-- boeingconsult /tafe/as1684/calc figfanstrut.gif
2005.08.28 12:25 B E:\dot5hosting\tafe\as1684\calc\Span-spacing.gif <-- boeingconsult /tafe/as1684/calc Span-spacing.gif
2005.08.28 12:25 B E:\dot5hosting\tafe\as1684\calc\strut918.gif <-- boeingconsult /tafe/as1684/calc strut918.gif
2005.08.28 12:25 B E:\dot5hosting\tafe\as1684\calc\theta.uc.gif <-- boeingconsult /tafe/as1684/calc theta.uc.gif
2005.08.28 12:25 B E:\dot5hosting\tafe\as1684\calc\underpurlin.gif <-- boeingconsult /tafe/as1684/calc underpurlin.gif
2005.08.30 22:58 B E:\dot5hosting\tafe\as1684\calc\alpha.lc.gif --> df13.dot5hosting.com /public_html/tafe/as1684/calc alpha.lc.gif
2005.08.30 22:58 B E:\dot5hosting\tafe\as1684\calc\calc-tim.htm --> df13.dot5hosting.com /public_html/tafe/as1684/calc calc-tim.htm
2005.08.30 22:59 B E:\dot5hosting\tafe\as1684\calc\Calculation outlay.pdf --> df13.dot5hosting.com /public_html/tafe/as1684/calc Calculation outlay.pdf
2005.08.30 22:59 B E:\dot5hosting\tafe\as1684\calc\equat-u_p.gif --> df13.dot5hosting.com /public_html/tafe/as1684/calc equat-u_p.gif
2005.08.30 22:59 B E:\dot5hosting\tafe\as1684\calc\equat1-04.gif --> df13.dot5hosting.com /public_html/tafe/as1684/calc equat1-04.gif
2005.08.30 22:59 B E:\dot5hosting\tafe\as1684\calc\equat2-10.gif --> df13.dot5hosting.com /public_html/tafe/as1684/calc equat2-10.gif
2005.08.30 22:59 B E:\dot5hosting\tafe\as1684\calc\equat3-18.gif --> df13.dot5hosting.com /public_html/tafe/as1684/calc equat3-18.gif
2005.08.30 22:59 B E:\dot5hosting\tafe\as1684\calc\equat4-20.gif --> df13.dot5hosting.com /public_html/tafe/as1684/calc equat4-20.gif
2005.08.30 22:59 B E:\dot5hosting\tafe\as1684\calc\equat5-22.gif --> df13.dot5hosting.com /public_html/tafe/as1684/calc equat5-22.gif
2005.08.30 22:59 B E:\dot5hosting\tafe\as1684\calc\equat6.gif --> df13.dot5hosting.com /public_html/tafe/as1684/calc equat6.gif
2005.08.30 22:59 B E:\dot5hosting\tafe\as1684\calc\equattan.gif --> df13.dot5hosting.com /public_html/tafe/as1684/calc equattan.gif
2005.08.30 22:59 B E:\dot5hosting\tafe\as1684\calc\fig-tan.gif --> df13.dot5hosting.com /public_html/tafe/as1684/calc fig-tan.gif
2005.08.30 22:59 B E:\dot5hosting\tafe\as1684\calc\fig-tan1.gif --> df13.dot5hosting.com /public_html/tafe/as1684/calc fig-tan1.gif
2005.08.30 22:59 B E:\dot5hosting\tafe\as1684\calc\fig1-02.gif --> df13.dot5hosting.com /public_html/tafe/as1684/calc fig1-02.gif
2005.08.30 22:59 B E:\dot5hosting\tafe\as1684\calc\fig2-06.gif --> df13.dot5hosting.com /public_html/tafe/as1684/calc fig2-06.gif
2005.08.30 22:59 B E:\dot5hosting\tafe\as1684\calc\fig3-08.gif --> df13.dot5hosting.com /public_html/tafe/as1684/calc fig3-08.gif
2005.08.30 22:59 B E:\dot5hosting\tafe\as1684\calc\fig4-12.gif --> df13.dot5hosting.com /public_html/tafe/as1684/calc fig4-12.gif
2005.08.30 22:59 B E:\dot5hosting\tafe\as1684\calc\fig5-14.gif --> df13.dot5hosting.com /public_html/tafe/as1684/calc fig5-14.gif
2005.08.30 22:59 B E:\dot5hosting\tafe\as1684\calc\fig6-26.gif --> df13.dot5hosting.com /public_html/tafe/as1684/calc fig6-26.gif
2005.08.30 22:59 B E:\dot5hosting\tafe\as1684\calc\fig7.gif --> df13.dot5hosting.com /public_html/tafe/as1684/calc fig7.gif
2005.08.30 22:59 B E:\dot5hosting\tafe\as1684\calc\figfanstrut.gif --> df13.dot5hosting.com /public_html/tafe/as1684/calc figfanstrut.gif
2005.08.30 22:59 B E:\dot5hosting\tafe\as1684\calc\Span-spacing.gif --> df13.dot5hosting.com /public_html/tafe/as1684/calc Span-spacing.gif
2005.08.30 22:59 B E:\dot5hosting\tafe\as1684\calc\strut918.gif --> df13.dot5hosting.com /public_html/tafe/as1684/calc strut918.gif
2005.08.30 22:59 B E:\dot5hosting\tafe\as1684\calc\theta.uc.gif --> df13.dot5hosting.com /public_html/tafe/as1684/calc theta.uc.gif
2005.08.30 22:59 B E:\dot5hosting\tafe\as1684\calc\underpurlin.gif --> df13.dot5hosting.com /public_html/tafe/as1684/calc underpurlin.gif
