2005.08.28 12:39 B E:\dot5hosting\tafe\general\trig\alpha.lc.gif <-- boeingconsult /tafe/general/trig alpha.lc.gif
2005.08.28 12:39 B E:\dot5hosting\tafe\general\trig\beta.lc.gif <-- boeingconsult /tafe/general/trig beta.lc.gif
2005.08.28 12:39 B E:\dot5hosting\tafe\general\trig\gamma.lc.gif <-- boeingconsult /tafe/general/trig gamma.lc.gif
2005.08.28 12:39 B E:\dot5hosting\tafe\general\trig\sin-cos-value.gif <-- boeingconsult /tafe/general/trig sin-cos-value.gif
2005.08.28 12:39 B E:\dot5hosting\tafe\general\trig\tan-formula.gif <-- boeingconsult /tafe/general/trig tan-formula.gif
2005.08.28 12:39 B E:\dot5hosting\tafe\general\trig\tri-equat1.gif <-- boeingconsult /tafe/general/trig tri-equat1.gif
2005.08.28 12:39 B E:\dot5hosting\tafe\general\trig\tri-s-c-t-v.gif <-- boeingconsult /tafe/general/trig tri-s-c-t-v.gif
2005.08.28 12:39 B E:\dot5hosting\tafe\general\trig\Tri-sin.gif <-- boeingconsult /tafe/general/trig Tri-sin.gif
2005.08.28 12:39 B E:\dot5hosting\tafe\general\trig\tri-tan.gif <-- boeingconsult /tafe/general/trig tri-tan.gif
2005.08.28 12:39 B E:\dot5hosting\tafe\general\trig\tri-theta-uc.gif <-- boeingconsult /tafe/general/trig tri-theta-uc.gif
2005.08.28 12:39 B E:\dot5hosting\tafe\general\trig\trig-formula.gif <-- boeingconsult /tafe/general/trig trig-formula.gif
2005.08.28 12:39 B E:\dot5hosting\tafe\general\trig\trigonometry.htm <-- boeingconsult /tafe/general/trig trigonometry.htm
2005.08.28 12:39 B E:\dot5hosting\tafe\general\trig\trinangle.gif <-- boeingconsult /tafe/general/trig trinangle.gif
2005.08.28 12:39 B E:\dot5hosting\tafe\general\trig\uc-sincos.gif <-- boeingconsult /tafe/general/trig uc-sincos.gif
2005.08.28 12:39 B E:\dot5hosting\tafe\general\trig\uc-tan.gif <-- boeingconsult /tafe/general/trig uc-tan.gif
2005.08.30 23:21 B E:\dot5hosting\tafe\general\trig\alpha.lc.gif --> df13.dot5hosting.com /public_html/tafe/general/trig alpha.lc.gif
2005.08.30 23:21 B E:\dot5hosting\tafe\general\trig\beta.lc.gif --> df13.dot5hosting.com /public_html/tafe/general/trig beta.lc.gif
2005.08.30 23:21 B E:\dot5hosting\tafe\general\trig\gamma.lc.gif --> df13.dot5hosting.com /public_html/tafe/general/trig gamma.lc.gif
2005.08.30 23:21 B E:\dot5hosting\tafe\general\trig\sin-cos-value.gif --> df13.dot5hosting.com /public_html/tafe/general/trig sin-cos-value.gif
2005.08.30 23:21 B E:\dot5hosting\tafe\general\trig\tan-formula.gif --> df13.dot5hosting.com /public_html/tafe/general/trig tan-formula.gif
2005.08.30 23:21 B E:\dot5hosting\tafe\general\trig\tri-equat1.gif --> df13.dot5hosting.com /public_html/tafe/general/trig tri-equat1.gif
2005.08.30 23:21 B E:\dot5hosting\tafe\general\trig\tri-s-c-t-v.gif --> df13.dot5hosting.com /public_html/tafe/general/trig tri-s-c-t-v.gif
2005.08.30 23:21 B E:\dot5hosting\tafe\general\trig\Tri-sin.gif --> df13.dot5hosting.com /public_html/tafe/general/trig Tri-sin.gif
2005.08.30 23:21 B E:\dot5hosting\tafe\general\trig\tri-tan.gif --> df13.dot5hosting.com /public_html/tafe/general/trig tri-tan.gif
2005.08.30 23:21 B E:\dot5hosting\tafe\general\trig\tri-theta-uc.gif --> df13.dot5hosting.com /public_html/tafe/general/trig tri-theta-uc.gif
2005.08.30 23:21 B E:\dot5hosting\tafe\general\trig\trig-formula.gif --> df13.dot5hosting.com /public_html/tafe/general/trig trig-formula.gif
2005.08.30 23:21 B E:\dot5hosting\tafe\general\trig\trigonometry.htm --> df13.dot5hosting.com /public_html/tafe/general/trig trigonometry.htm
2005.08.30 23:21 B E:\dot5hosting\tafe\general\trig\trinangle.gif --> df13.dot5hosting.com /public_html/tafe/general/trig trinangle.gif
2005.08.30 23:21 B E:\dot5hosting\tafe\general\trig\uc-sincos.gif --> df13.dot5hosting.com /public_html/tafe/general/trig uc-sincos.gif
2005.08.30 23:21 B E:\dot5hosting\tafe\general\trig\uc-tan.gif --> df13.dot5hosting.com /public_html/tafe/general/trig uc-tan.gif
