2005.08.28 12:34 B E:\dot5hosting\tafe\dwg\dwg3\abc063.htm <-- boeingconsult /tafe/dwg/dwg3 abc063.htm
2005.08.28 12:34 B E:\dot5hosting\tafe\dwg\dwg3\ass-require.htm <-- boeingconsult /tafe/dwg/dwg3 ass-require.htm
2005.08.28 12:34 B E:\dot5hosting\tafe\dwg\dwg3\assess1.htm <-- boeingconsult /tafe/dwg/dwg3 assess1.htm
2005.08.28 12:34 B E:\dot5hosting\tafe\dwg\dwg3\dwg3-assess1.gif <-- boeingconsult /tafe/dwg/dwg3 dwg3-assess1.gif
2005.08.28 12:34 B E:\dot5hosting\tafe\dwg\dwg3\dwg3-assess1a.gif <-- boeingconsult /tafe/dwg/dwg3 dwg3-assess1a.gif
2005.08.28 12:34 B E:\dot5hosting\tafe\dwg\dwg3\ellipse-part.gif <-- boeingconsult /tafe/dwg/dwg3 ellipse-part.gif
2005.08.28 12:34 B E:\dot5hosting\tafe\dwg\dwg3\expert.gif <-- boeingconsult /tafe/dwg/dwg3 expert.gif
2005.08.28 12:34 B E:\dot5hosting\tafe\dwg\dwg3\Journal requirements.htm <-- boeingconsult /tafe/dwg/dwg3 Journal requirements.htm
2005.08.28 12:34 B E:\dot5hosting\tafe\dwg\dwg3\outline3.htm <-- boeingconsult /tafe/dwg/dwg3 outline3.htm
2005.08.28 12:34 B E:\dot5hosting\tafe\dwg\dwg3\prog3-02.htm <-- boeingconsult /tafe/dwg/dwg3 prog3-02.htm
2005.08.28 12:35 B E:\dot5hosting\tafe\dwg\dwg3\project2-04-a.gif <-- boeingconsult /tafe/dwg/dwg3 project2-04-a.gif
2005.08.28 12:35 B E:\dot5hosting\tafe\dwg\dwg3\project2-04-b.gif <-- boeingconsult /tafe/dwg/dwg3 project2-04-b.gif
2005.08.30 23:16 B E:\dot5hosting\tafe\dwg\dwg3\abc063.htm --> df13.dot5hosting.com /public_html/tafe/dwg/dwg3 abc063.htm
2005.08.30 23:16 B E:\dot5hosting\tafe\dwg\dwg3\ass-require.htm --> df13.dot5hosting.com /public_html/tafe/dwg/dwg3 ass-require.htm
2005.08.30 23:16 B E:\dot5hosting\tafe\dwg\dwg3\assess1.htm --> df13.dot5hosting.com /public_html/tafe/dwg/dwg3 assess1.htm
2005.08.30 23:16 B E:\dot5hosting\tafe\dwg\dwg3\dwg3-assess1.gif --> df13.dot5hosting.com /public_html/tafe/dwg/dwg3 dwg3-assess1.gif
2005.08.30 23:16 B E:\dot5hosting\tafe\dwg\dwg3\dwg3-assess1a.gif --> df13.dot5hosting.com /public_html/tafe/dwg/dwg3 dwg3-assess1a.gif
2005.08.30 23:16 B E:\dot5hosting\tafe\dwg\dwg3\ellipse-part.gif --> df13.dot5hosting.com /public_html/tafe/dwg/dwg3 ellipse-part.gif
2005.08.30 23:16 B E:\dot5hosting\tafe\dwg\dwg3\expert.gif --> df13.dot5hosting.com /public_html/tafe/dwg/dwg3 expert.gif
2005.08.30 23:16 B E:\dot5hosting\tafe\dwg\dwg3\Journal requirements.htm --> df13.dot5hosting.com /public_html/tafe/dwg/dwg3 Journal requirements.htm
2005.08.30 23:16 B E:\dot5hosting\tafe\dwg\dwg3\outline3.htm --> df13.dot5hosting.com /public_html/tafe/dwg/dwg3 outline3.htm
2005.08.30 23:16 B E:\dot5hosting\tafe\dwg\dwg3\prog3-02.htm --> df13.dot5hosting.com /public_html/tafe/dwg/dwg3 prog3-02.htm
2005.08.30 23:16 B E:\dot5hosting\tafe\dwg\dwg3\project2-04-a.gif --> df13.dot5hosting.com /public_html/tafe/dwg/dwg3 project2-04-a.gif
2005.08.30 23:16 B E:\dot5hosting\tafe\dwg\dwg3\project2-04-b.gif --> df13.dot5hosting.com /public_html/tafe/dwg/dwg3 project2-04-b.gif
