2005.08.28 12:40 B E:\dot5hosting\tafe\mat\compression.gif <-- boeingconsult /tafe/mat compression.gif
2005.08.28 12:40 B E:\dot5hosting\tafe\mat\equa-stress.gif <-- boeingconsult /tafe/mat equa-stress.gif
2005.08.28 12:40 B E:\dot5hosting\tafe\mat\equat-tress.gif <-- boeingconsult /tafe/mat equat-tress.gif
2005.08.28 12:40 B E:\dot5hosting\tafe\mat\f-e-diagram.gif <-- boeingconsult /tafe/mat f-e-diagram.gif
2005.08.28 12:40 B E:\dot5hosting\tafe\mat\f-e-diagram2-3.gif <-- boeingconsult /tafe/mat f-e-diagram2-3.gif
2005.08.28 12:41 B E:\dot5hosting\tafe\mat\Folio.htm <-- boeingconsult /tafe/mat Folio.htm
2005.08.28 12:41 B E:\dot5hosting\tafe\mat\mat.htm <-- boeingconsult /tafe/mat mat.htm
2005.08.28 12:41 B E:\dot5hosting\tafe\mat\notes-mat.htm <-- boeingconsult /tafe/mat notes-mat.htm
2005.08.28 12:41 B E:\dot5hosting\tafe\mat\PM1-S102.htm <-- boeingconsult /tafe/mat PM1-S102.htm
2005.08.28 12:41 B E:\dot5hosting\tafe\mat\properties.gif <-- boeingconsult /tafe/mat properties.gif
2005.08.28 12:41 B E:\dot5hosting\tafe\mat\stress-strain.htm <-- boeingconsult /tafe/mat stress-strain.htm
2005.08.28 12:41 B E:\dot5hosting\tafe\mat\tension.gif <-- boeingconsult /tafe/mat tension.gif
2005.08.30 23:23 B E:\dot5hosting\tafe\mat\compression.gif --> df13.dot5hosting.com /public_html/tafe/mat compression.gif
2005.08.30 23:23 B E:\dot5hosting\tafe\mat\equa-stress.gif --> df13.dot5hosting.com /public_html/tafe/mat equa-stress.gif
2005.08.30 23:23 B E:\dot5hosting\tafe\mat\equat-tress.gif --> df13.dot5hosting.com /public_html/tafe/mat equat-tress.gif
2005.08.30 23:23 B E:\dot5hosting\tafe\mat\f-e-diagram.gif --> df13.dot5hosting.com /public_html/tafe/mat f-e-diagram.gif
2005.08.30 23:23 B E:\dot5hosting\tafe\mat\f-e-diagram2-3.gif --> df13.dot5hosting.com /public_html/tafe/mat f-e-diagram2-3.gif
2005.08.30 23:23 B E:\dot5hosting\tafe\mat\Folio.htm --> df13.dot5hosting.com /public_html/tafe/mat Folio.htm
2005.08.30 23:23 B E:\dot5hosting\tafe\mat\mat.htm --> df13.dot5hosting.com /public_html/tafe/mat mat.htm
2005.08.30 23:23 B E:\dot5hosting\tafe\mat\notes-mat.htm --> df13.dot5hosting.com /public_html/tafe/mat notes-mat.htm
2005.08.30 23:23 B E:\dot5hosting\tafe\mat\PM1-S102.htm --> df13.dot5hosting.com /public_html/tafe/mat PM1-S102.htm
2005.08.30 23:23 B E:\dot5hosting\tafe\mat\properties.gif --> df13.dot5hosting.com /public_html/tafe/mat properties.gif
2005.08.30 23:24 B E:\dot5hosting\tafe\mat\stress-strain.htm --> df13.dot5hosting.com /public_html/tafe/mat stress-strain.htm
2005.08.30 23:24 B E:\dot5hosting\tafe\mat\tension.gif --> df13.dot5hosting.com /public_html/tafe/mat tension.gif
