2005.08.28 12:42 B E:\dot5hosting\tafe\ss&so\survey1\level\2pegtest1.gif <-- boeingconsult /tafe/ss&so/survey1/level 2pegtest1.gif
2005.08.28 12:42 B E:\dot5hosting\tafe\ss&so\survey1\level\2pegtest2.gif <-- boeingconsult /tafe/ss&so/survey1/level 2pegtest2.gif
2005.08.28 12:42 B E:\dot5hosting\tafe\ss&so\survey1\level\appeq.gif <-- boeingconsult /tafe/ss&so/survey1/level appeq.gif
2005.08.28 12:42 B E:\dot5hosting\tafe\ss&so\survey1\level\contour.gif <-- boeingconsult /tafe/ss&so/survey1/level contour.gif
2005.08.28 12:42 B E:\dot5hosting\tafe\ss&so\survey1\level\contouringa.gif <-- boeingconsult /tafe/ss&so/survey1/level contouringa.gif
2005.08.28 12:42 B E:\dot5hosting\tafe\ss&so\survey1\level\equilateral.gif <-- boeingconsult /tafe/ss&so/survey1/level equilateral.gif
2005.08.28 12:42 B E:\dot5hosting\tafe\ss&so\survey1\level\geq.gif <-- boeingconsult /tafe/ss&so/survey1/level geq.gif
2005.08.28 12:42 B E:\dot5hosting\tafe\ss&so\survey1\level\leq.gif <-- boeingconsult /tafe/ss&so/survey1/level leq.gif
2005.08.28 12:43 B E:\dot5hosting\tafe\ss&so\survey1\level\levelling.GIF <-- boeingconsult /tafe/ss&so/survey1/level levelling.GIF
2005.08.28 12:43 B E:\dot5hosting\tafe\ss&so\survey1\level\notes-sur1.htm <-- boeingconsult /tafe/ss&so/survey1/level notes-sur1.htm
2005.08.28 12:43 B E:\dot5hosting\tafe\ss&so\survey1\level\o&c-traverse.gif <-- boeingconsult /tafe/ss&so/survey1/level o&c-traverse.gif
2005.08.28 12:43 B E:\dot5hosting\tafe\ss&so\survey1\level\paral-trapez.gif <-- boeingconsult /tafe/ss&so/survey1/level paral-trapez.gif
2005.08.28 12:43 B E:\dot5hosting\tafe\ss&so\survey1\level\prismoid.gif <-- boeingconsult /tafe/ss&so/survey1/level prismoid.gif
2005.08.28 12:43 B E:\dot5hosting\tafe\ss&so\survey1\level\rectangle-area.gif <-- boeingconsult /tafe/ss&so/survey1/level rectangle-area.gif
2005.08.28 12:43 B E:\dot5hosting\tafe\ss&so\survey1\level\spot-levels.gif <-- boeingconsult /tafe/ss&so/survey1/level spot-levels.gif
2005.08.28 12:43 B E:\dot5hosting\tafe\ss&so\survey1\level\test-gridvol.htm <-- boeingconsult /tafe/ss&so/survey1/level test-gridvol.htm
2005.08.28 12:43 B E:\dot5hosting\tafe\ss&so\survey1\level\triangle.gif <-- boeingconsult /tafe/ss&so/survey1/level triangle.gif
2005.08.28 12:43 B E:\dot5hosting\tafe\ss&so\survey1\level\trunc-pyr.gif <-- boeingconsult /tafe/ss&so/survey1/level trunc-pyr.gif
2005.08.28 12:43 B E:\dot5hosting\tafe\ss&so\survey1\level\vol-rec-pyr.gif <-- boeingconsult /tafe/ss&so/survey1/level vol-rec-pyr.gif
2005.08.30 23:26 B E:\dot5hosting\tafe\ss&so\survey1\level\2pegtest1.gif --> df13.dot5hosting.com /public_html/tafe/ss&so/survey1/level 2pegtest1.gif
2005.08.30 23:26 B E:\dot5hosting\tafe\ss&so\survey1\level\2pegtest2.gif --> df13.dot5hosting.com /public_html/tafe/ss&so/survey1/level 2pegtest2.gif
2005.08.30 23:26 B E:\dot5hosting\tafe\ss&so\survey1\level\appeq.gif --> df13.dot5hosting.com /public_html/tafe/ss&so/survey1/level appeq.gif
2005.08.30 23:26 B E:\dot5hosting\tafe\ss&so\survey1\level\contour.gif --> df13.dot5hosting.com /public_html/tafe/ss&so/survey1/level contour.gif
2005.08.30 23:26 B E:\dot5hosting\tafe\ss&so\survey1\level\contouringa.gif --> df13.dot5hosting.com /public_html/tafe/ss&so/survey1/level contouringa.gif
2005.08.30 23:26 B E:\dot5hosting\tafe\ss&so\survey1\level\equilateral.gif --> df13.dot5hosting.com /public_html/tafe/ss&so/survey1/level equilateral.gif
2005.08.30 23:26 B E:\dot5hosting\tafe\ss&so\survey1\level\geq.gif --> df13.dot5hosting.com /public_html/tafe/ss&so/survey1/level geq.gif
2005.08.30 23:26 B E:\dot5hosting\tafe\ss&so\survey1\level\leq.gif --> df13.dot5hosting.com /public_html/tafe/ss&so/survey1/level leq.gif
2005.08.30 23:26 B E:\dot5hosting\tafe\ss&so\survey1\level\levelling.GIF --> df13.dot5hosting.com /public_html/tafe/ss&so/survey1/level levelling.GIF
2005.08.30 23:26 B E:\dot5hosting\tafe\ss&so\survey1\level\notes-sur1.htm --> df13.dot5hosting.com /public_html/tafe/ss&so/survey1/level notes-sur1.htm
2005.08.30 23:26 B E:\dot5hosting\tafe\ss&so\survey1\level\o&c-traverse.gif --> df13.dot5hosting.com /public_html/tafe/ss&so/survey1/level o&c-traverse.gif
2005.08.30 23:26 B E:\dot5hosting\tafe\ss&so\survey1\level\paral-trapez.gif --> df13.dot5hosting.com /public_html/tafe/ss&so/survey1/level paral-trapez.gif
2005.08.30 23:26 B E:\dot5hosting\tafe\ss&so\survey1\level\prismoid.gif --> df13.dot5hosting.com /public_html/tafe/ss&so/survey1/level prismoid.gif
2005.08.30 23:26 B E:\dot5hosting\tafe\ss&so\survey1\level\rectangle-area.gif --> df13.dot5hosting.com /public_html/tafe/ss&so/survey1/level rectangle-area.gif
2005.08.30 23:26 B E:\dot5hosting\tafe\ss&so\survey1\level\spot-levels.gif --> df13.dot5hosting.com /public_html/tafe/ss&so/survey1/level spot-levels.gif
2005.08.30 23:26 B E:\dot5hosting\tafe\ss&so\survey1\level\test-gridvol.htm --> df13.dot5hosting.com /public_html/tafe/ss&so/survey1/level test-gridvol.htm
2005.08.30 23:26 B E:\dot5hosting\tafe\ss&so\survey1\level\triangle.gif --> df13.dot5hosting.com /public_html/tafe/ss&so/survey1/level triangle.gif
2005.08.30 23:26 B E:\dot5hosting\tafe\ss&so\survey1\level\trunc-pyr.gif --> df13.dot5hosting.com /public_html/tafe/ss&so/survey1/level trunc-pyr.gif
2005.08.30 23:26 B E:\dot5hosting\tafe\ss&so\survey1\level\vol-rec-pyr.gif --> df13.dot5hosting.com /public_html/tafe/ss&so/survey1/level vol-rec-pyr.gif
2005.08.30 23:26 B E:\dot5hosting\tafe\ss&so\survey1\level\WS_FTP.LOG --> df13.dot5hosting.com /public_html/tafe/ss&so/survey1/level WS_FTP.LOG
2005.10.07 20:29 B E:\dot5hosting\tafe\ss&so\survey1\level\test-gridvol.htm --> df13.dot5hosting.com /public_html/tafe/ss&so/survey1/level test-gridvol.htm
2005.10.07 20:29 B E:\dot5hosting\tafe\ss&so\survey1\level\Excel-spredsh.jpg --> df13.dot5hosting.com /public_html/tafe/ss&so/survey1/level Excel-spredsh.jpg
2005.10.07 20:33 B E:\dot5hosting\tafe\ss&so\survey1\level\excel-calc.gif --> df13.dot5hosting.com /public_html/tafe/ss&so/survey1/level excel-calc.gif
2005.10.07 20:40 B E:\dot5hosting\tafe\ss&so\survey1\level\test-gridvol.htm --> df13.dot5hosting.com /public_html/tafe/ss&so/survey1/level test-gridvol.htm
2005.10.08 13:30 B E:\dot5hosting\tafe\ss&so\survey1\level\notes-sur1.htm --> df13.dot5hosting.com /public_html/tafe/ss&so/survey1/level notes-sur1.htm
2005.10.08 13:51 B E:\dot5hosting\tafe\ss&so\survey1\level\test-gridvol.htm --> df13.dot5hosting.com /public_html/tafe/ss&so/survey1/level test-gridvol.htm
2006.02.18 20:26 B E:\dot5hosting\tafe\ss&so\survey1\level\test-gridvol.htm --> df13.dot5hosting.com /public_html/tafe/ss&so/survey1/level test-gridvol.htm
2006.02.18 20:28 B E:\dot5hosting\tafe\ss&so\survey1\level\triangular-method.gif --> df13.dot5hosting.com /public_html/tafe/ss&so/survey1/level triangular-method.gif
2006.03.23 10:40 B E:\dot5hosting\tafe\ss&so\survey1\level\approx.gif --> df13.dot5hosting.com /public_html/tafe/ss&so/survey1/level approx.gif
2006.05.08 16:41 B E:\dot5hosting\tafe\ss&so\survey1\level\notes-sur1.htm --> df13.dot5hosting.com /public_html/tafe/ss&so/survey1/level notes-sur1.htm
2006.05.08 16:41 B E:\dot5hosting\tafe\ss&so\survey1\level\test-gridvol.htm --> df13.dot5hosting.com /public_html/tafe/ss&so/survey1/level test-gridvol.htm
2006.05.08 16:48 B E:\dot5hosting\tafe\ss&so\survey1\level\notes-sur1.htm --> df13.dot5hosting.com /public_html/tafe/ss&so/survey1/level notes-sur1.htm
2006.05.08 16:48 B E:\dot5hosting\tafe\ss&so\survey1\level\test-gridvol.htm --> df13.dot5hosting.com /public_html/tafe/ss&so/survey1/level test-gridvol.htm
2008.09.26 12:05 B E:\dot5hosting\tafe\ss&so\survey1\level\test-gridvol.htm --> boeingco.dot5hosting.com /public_html/tafe/ss&so/survey1/level test-gridvol.htm
2008.09.30 13:14 B E:\dot5hosting\tafe\ss&so\survey1\level\contour.htm --> boeingco.dot5hosting.com /public_html/tafe/ss&so/survey1/level contour.htm
2008.09.30 13:14 B E:\dot5hosting\tafe\ss&so\survey1\level\test-gridvol.htm --> boeingco.dot5hosting.com /public_html/tafe/ss&so/survey1/level test-gridvol.htm
2008.09.30 13:28 B E:\dot5hosting\tafe\ss&so\survey1\level\contour.htm --> boeingco.dot5hosting.com /public_html/tafe/ss&so/survey1/level contour.htm
2008.09.30 13:36 B E:\dot5hosting\tafe\ss&so\survey1\level\contour.htm --> boeingco.dot5hosting.com /public_html/tafe/ss&so/survey1/level contour.htm
2008.09.30 14:08 B E:\dot5hosting\tafe\ss&so\survey1\level\test-gridvol.htm --> boeingco.dot5hosting.com /public_html/tafe/ss&so/survey1/level test-gridvol.htm
2008.09.30 14:13 B E:\dot5hosting\tafe\ss&so\survey1\level\test-gridvol.htm --> boeingco.dot5hosting.com /public_html/tafe/ss&so/survey1/level test-gridvol.htm
2008.09.30 14:15 B E:\dot5hosting\tafe\ss&so\survey1\level\test-gridvol.htm --> boeingco.dot5hosting.com /public_html/tafe/ss&so/survey1/level test-gridvol.htm
2008.09.30 14:16 B E:\dot5hosting\tafe\ss&so\survey1\level\test-gridvol.htm --> boeingco.dot5hosting.com /public_html/tafe/ss&so/survey1/level test-gridvol.htm
2008.09.30 14:17 B E:\dot5hosting\tafe\ss&so\survey1\level\test-gridvol.htm --> boeingco.dot5hosting.com /public_html/tafe/ss&so/survey1/level test-gridvol.htm
2008.10.07 19:38 B E:\dot5hosting\tafe\ss&so\survey1\level\test-gridvol.htm --> boeingco.dot5hosting.com /public_html/tafe/ss&so/survey1/level test-gridvol.htm
