2005.08.28 12:35 B E:\dot5hosting\tafe\f&g\img\100_3-5.gif <-- boeingconsult /tafe/f&g/img 100_3-5.gif
2005.08.28 12:35 B E:\dot5hosting\tafe\f&g\img\30_1-8.gif <-- boeingconsult /tafe/f&g/img 30_1-8.gif
2005.08.28 12:35 B E:\dot5hosting\tafe\f&g\img\40_3-5.gif <-- boeingconsult /tafe/f&g/img 40_3-5.gif
2005.08.28 12:35 B E:\dot5hosting\tafe\f&g\img\bearing-2.gif <-- boeingconsult /tafe/f&g/img bearing-2.gif
2005.08.28 12:35 B E:\dot5hosting\tafe\f&g\img\bearing-eqat1.gif <-- boeingconsult /tafe/f&g/img bearing-eqat1.gif
2005.08.28 12:35 B E:\dot5hosting\tafe\f&g\img\bearing-eqat2.gif <-- boeingconsult /tafe/f&g/img bearing-eqat2.gif
2005.08.28 12:35 B E:\dot5hosting\tafe\f&g\img\bearing-eqat3.gif <-- boeingconsult /tafe/f&g/img bearing-eqat3.gif
2005.08.28 12:35 B E:\dot5hosting\tafe\f&g\img\bearing-eqat4.gif <-- boeingconsult /tafe/f&g/img bearing-eqat4.gif
2005.08.28 12:35 B E:\dot5hosting\tafe\f&g\img\c-of-g.gif <-- boeingconsult /tafe/f&g/img c-of-g.gif
2005.08.28 12:35 B E:\dot5hosting\tafe\f&g\img\class-triangle.gif <-- boeingconsult /tafe/f&g/img class-triangle.gif
2005.08.28 12:35 B E:\dot5hosting\tafe\f&g\img\earth-retained.gif <-- boeingconsult /tafe/f&g/img earth-retained.gif
2005.08.28 12:35 B E:\dot5hosting\tafe\f&g\img\ex-calc.gif <-- boeingconsult /tafe/f&g/img ex-calc.gif
2005.08.28 12:35 B E:\dot5hosting\tafe\f&g\img\ex-calc1.gif <-- boeingconsult /tafe/f&g/img ex-calc1.gif
2005.08.28 12:35 B E:\dot5hosting\tafe\f&g\img\ex-calc2.gif <-- boeingconsult /tafe/f&g/img ex-calc2.gif
2005.08.28 12:35 B E:\dot5hosting\tafe\f&g\img\ex-calc3.gif <-- boeingconsult /tafe/f&g/img ex-calc3.gif
2005.08.28 12:35 B E:\dot5hosting\tafe\f&g\img\ex-calc4.gif <-- boeingconsult /tafe/f&g/img ex-calc4.gif
2005.08.28 12:36 B E:\dot5hosting\tafe\f&g\img\ex-calc5.gif <-- boeingconsult /tafe/f&g/img ex-calc5.gif
2005.08.28 12:36 B E:\dot5hosting\tafe\f&g\img\example-wa.gif <-- boeingconsult /tafe/f&g/img example-wa.gif
2005.08.28 12:36 B E:\dot5hosting\tafe\f&g\img\example2.gif <-- boeingconsult /tafe/f&g/img example2.gif
2005.08.28 12:36 B E:\dot5hosting\tafe\f&g\img\f&g-eqa1.gif <-- boeingconsult /tafe/f&g/img f&g-eqa1.gif
2005.08.28 12:36 B E:\dot5hosting\tafe\f&g\img\f&g-eqa10.gif <-- boeingconsult /tafe/f&g/img f&g-eqa10.gif
2005.08.28 12:36 B E:\dot5hosting\tafe\f&g\img\f&g-eqa11.gif <-- boeingconsult /tafe/f&g/img f&g-eqa11.gif
2005.08.28 12:36 B E:\dot5hosting\tafe\f&g\img\f&g-eqa11a.gif <-- boeingconsult /tafe/f&g/img f&g-eqa11a.gif
2005.08.28 12:36 B E:\dot5hosting\tafe\f&g\img\f&g-eqa12.gif <-- boeingconsult /tafe/f&g/img f&g-eqa12.gif
2005.08.28 12:36 B E:\dot5hosting\tafe\f&g\img\f&g-eqa13.gif <-- boeingconsult /tafe/f&g/img f&g-eqa13.gif
2005.08.28 12:36 B E:\dot5hosting\tafe\f&g\img\f&g-eqa14.gif <-- boeingconsult /tafe/f&g/img f&g-eqa14.gif
2005.08.28 12:36 B E:\dot5hosting\tafe\f&g\img\f&g-eqa15.gif <-- boeingconsult /tafe/f&g/img f&g-eqa15.gif
2005.08.28 12:36 B E:\dot5hosting\tafe\f&g\img\f&g-eqa2.gif <-- boeingconsult /tafe/f&g/img f&g-eqa2.gif
2005.08.28 12:36 B E:\dot5hosting\tafe\f&g\img\f&g-eqa3.gif <-- boeingconsult /tafe/f&g/img f&g-eqa3.gif
2005.08.28 12:36 B E:\dot5hosting\tafe\f&g\img\f&g-eqa4.gif <-- boeingconsult /tafe/f&g/img f&g-eqa4.gif
2005.08.28 12:36 B E:\dot5hosting\tafe\f&g\img\f&g-eqa41.gif <-- boeingconsult /tafe/f&g/img f&g-eqa41.gif
2005.08.28 12:36 B E:\dot5hosting\tafe\f&g\img\f&g-eqa5.gif <-- boeingconsult /tafe/f&g/img f&g-eqa5.gif
2005.08.28 12:36 B E:\dot5hosting\tafe\f&g\img\f&g-eqa6.gif <-- boeingconsult /tafe/f&g/img f&g-eqa6.gif
2005.08.28 12:36 B E:\dot5hosting\tafe\f&g\img\f&g-eqa61.gif <-- boeingconsult /tafe/f&g/img f&g-eqa61.gif
2005.08.28 12:36 B E:\dot5hosting\tafe\f&g\img\f&g-eqa62.gif <-- boeingconsult /tafe/f&g/img f&g-eqa62.gif
2005.08.28 12:36 B E:\dot5hosting\tafe\f&g\img\f&g-eqa7.gif <-- boeingconsult /tafe/f&g/img f&g-eqa7.gif
2005.08.28 12:36 B E:\dot5hosting\tafe\f&g\img\f&g-eqa8.gif <-- boeingconsult /tafe/f&g/img f&g-eqa8.gif
2005.08.28 12:36 B E:\dot5hosting\tafe\f&g\img\f&g-eqa9.gif <-- boeingconsult /tafe/f&g/img f&g-eqa9.gif
2005.08.28 12:36 B E:\dot5hosting\tafe\f&g\img\f&g-eqam.gif <-- boeingconsult /tafe/f&g/img f&g-eqam.gif
2005.08.28 12:36 B E:\dot5hosting\tafe\f&g\img\gamma.lc.gif <-- boeingconsult /tafe/f&g/img gamma.lc.gif
2005.08.28 12:36 B E:\dot5hosting\tafe\f&g\img\geo-h.gif <-- boeingconsult /tafe/f&g/img geo-h.gif
2005.08.28 12:36 B E:\dot5hosting\tafe\f&g\img\geo-m-300c.gif <-- boeingconsult /tafe/f&g/img geo-m-300c.gif
2005.08.28 12:36 B E:\dot5hosting\tafe\f&g\img\geq.gif <-- boeingconsult /tafe/f&g/img geq.gif
2005.08.28 12:36 B E:\dot5hosting\tafe\f&g\img\jar-test.gif <-- boeingconsult /tafe/f&g/img jar-test.gif
2005.08.28 12:36 B E:\dot5hosting\tafe\f&g\img\ko-element.gif <-- boeingconsult /tafe/f&g/img ko-element.gif
2005.08.28 12:36 B E:\dot5hosting\tafe\f&g\img\lab-stud.jpg <-- boeingconsult /tafe/f&g/img lab-stud.jpg
2005.08.28 12:37 B E:\dot5hosting\tafe\f&g\img\leq.gif <-- boeingconsult /tafe/f&g/img leq.gif
2005.08.28 12:37 B E:\dot5hosting\tafe\f&g\img\mas-vol.gif <-- boeingconsult /tafe/f&g/img mas-vol.gif
2005.08.28 12:37 B E:\dot5hosting\tafe\f&g\img\part-distri.gif <-- boeingconsult /tafe/f&g/img part-distri.gif
2005.08.28 12:37 B E:\dot5hosting\tafe\f&g\img\phi.lc.gif <-- boeingconsult /tafe/f&g/img phi.lc.gif
2005.08.28 12:37 B E:\dot5hosting\tafe\f&g\img\pl-ll.gif <-- boeingconsult /tafe/f&g/img pl-ll.gif
2005.08.28 12:37 B E:\dot5hosting\tafe\f&g\img\pressure.gif <-- boeingconsult /tafe/f&g/img pressure.gif
2005.08.28 12:37 B E:\dot5hosting\tafe\f&g\img\retain-water.gif <-- boeingconsult /tafe/f&g/img retain-water.gif
2005.08.28 12:37 B E:\dot5hosting\tafe\f&g\img\rho.lc.gif <-- boeingconsult /tafe/f&g/img rho.lc.gif
2005.08.28 12:37 B E:\dot5hosting\tafe\f&g\img\ridge-fold.gif <-- boeingconsult /tafe/f&g/img ridge-fold.gif
2005.08.28 12:37 B E:\dot5hosting\tafe\f&g\img\ridge-valley.gif <-- boeingconsult /tafe/f&g/img ridge-valley.gif
2005.08.28 12:37 B E:\dot5hosting\tafe\f&g\img\sectmap350.gif <-- boeingconsult /tafe/f&g/img sectmap350.gif
2005.08.28 12:37 B E:\dot5hosting\tafe\f&g\img\sigma-lc14.gif <-- boeingconsult /tafe/f&g/img sigma-lc14.gif
2005.08.28 12:37 B E:\dot5hosting\tafe\f&g\img\slip-circle.gif <-- boeingconsult /tafe/f&g/img slip-circle.gif
2005.08.28 12:37 B E:\dot5hosting\tafe\f&g\img\soil-flow.gif <-- boeingconsult /tafe/f&g/img soil-flow.gif
2005.08.28 12:37 B E:\dot5hosting\tafe\f&g\img\soil-prop.gif <-- boeingconsult /tafe/f&g/img soil-prop.gif
2005.08.28 12:37 B E:\dot5hosting\tafe\f&g\img\soil-prop2.gif <-- boeingconsult /tafe/f&g/img soil-prop2.gif
2005.08.28 12:37 B E:\dot5hosting\tafe\f&g\img\topo-m-300.gif <-- boeingconsult /tafe/f&g/img topo-m-300.gif
2005.08.30 23:17 B E:\dot5hosting\tafe\f&g\img\100_3-5.gif --> df13.dot5hosting.com /public_html/tafe/f&g/img 100_3-5.gif
2005.08.30 23:17 B E:\dot5hosting\tafe\f&g\img\30_1-8.gif --> df13.dot5hosting.com /public_html/tafe/f&g/img 30_1-8.gif
2005.08.30 23:17 B E:\dot5hosting\tafe\f&g\img\40_3-5.gif --> df13.dot5hosting.com /public_html/tafe/f&g/img 40_3-5.gif
2005.08.30 23:17 B E:\dot5hosting\tafe\f&g\img\bearing-2.gif --> df13.dot5hosting.com /public_html/tafe/f&g/img bearing-2.gif
2005.08.30 23:17 B E:\dot5hosting\tafe\f&g\img\bearing-eqat1.gif --> df13.dot5hosting.com /public_html/tafe/f&g/img bearing-eqat1.gif
2005.08.30 23:17 B E:\dot5hosting\tafe\f&g\img\bearing-eqat2.gif --> df13.dot5hosting.com /public_html/tafe/f&g/img bearing-eqat2.gif
2005.08.30 23:17 B E:\dot5hosting\tafe\f&g\img\bearing-eqat3.gif --> df13.dot5hosting.com /public_html/tafe/f&g/img bearing-eqat3.gif
2005.08.30 23:17 B E:\dot5hosting\tafe\f&g\img\bearing-eqat4.gif --> df13.dot5hosting.com /public_html/tafe/f&g/img bearing-eqat4.gif
2005.08.30 23:17 B E:\dot5hosting\tafe\f&g\img\c-of-g.gif --> df13.dot5hosting.com /public_html/tafe/f&g/img c-of-g.gif
2005.08.30 23:17 B E:\dot5hosting\tafe\f&g\img\class-triangle.gif --> df13.dot5hosting.com /public_html/tafe/f&g/img class-triangle.gif
2005.08.30 23:17 B E:\dot5hosting\tafe\f&g\img\earth-retained.gif --> df13.dot5hosting.com /public_html/tafe/f&g/img earth-retained.gif
2005.08.30 23:17 B E:\dot5hosting\tafe\f&g\img\ex-calc.gif --> df13.dot5hosting.com /public_html/tafe/f&g/img ex-calc.gif
2005.08.30 23:17 B E:\dot5hosting\tafe\f&g\img\ex-calc1.gif --> df13.dot5hosting.com /public_html/tafe/f&g/img ex-calc1.gif
2005.08.30 23:17 B E:\dot5hosting\tafe\f&g\img\ex-calc2.gif --> df13.dot5hosting.com /public_html/tafe/f&g/img ex-calc2.gif
2005.08.30 23:17 B E:\dot5hosting\tafe\f&g\img\ex-calc3.gif --> df13.dot5hosting.com /public_html/tafe/f&g/img ex-calc3.gif
2005.08.30 23:17 B E:\dot5hosting\tafe\f&g\img\ex-calc4.gif --> df13.dot5hosting.com /public_html/tafe/f&g/img ex-calc4.gif
2005.08.30 23:17 B E:\dot5hosting\tafe\f&g\img\ex-calc5.gif --> df13.dot5hosting.com /public_html/tafe/f&g/img ex-calc5.gif
2005.08.30 23:17 B E:\dot5hosting\tafe\f&g\img\example-wa.gif --> df13.dot5hosting.com /public_html/tafe/f&g/img example-wa.gif
2005.08.30 23:17 B E:\dot5hosting\tafe\f&g\img\example2.gif --> df13.dot5hosting.com /public_html/tafe/f&g/img example2.gif
2005.08.30 23:17 B E:\dot5hosting\tafe\f&g\img\f&g-eqa1.gif --> df13.dot5hosting.com /public_html/tafe/f&g/img f&g-eqa1.gif
2005.08.30 23:17 B E:\dot5hosting\tafe\f&g\img\f&g-eqa10.gif --> df13.dot5hosting.com /public_html/tafe/f&g/img f&g-eqa10.gif
2005.08.30 23:17 B E:\dot5hosting\tafe\f&g\img\f&g-eqa11.gif --> df13.dot5hosting.com /public_html/tafe/f&g/img f&g-eqa11.gif
2005.08.30 23:17 B E:\dot5hosting\tafe\f&g\img\f&g-eqa11a.gif --> df13.dot5hosting.com /public_html/tafe/f&g/img f&g-eqa11a.gif
2005.08.30 23:17 B E:\dot5hosting\tafe\f&g\img\f&g-eqa12.gif --> df13.dot5hosting.com /public_html/tafe/f&g/img f&g-eqa12.gif
2005.08.30 23:17 B E:\dot5hosting\tafe\f&g\img\f&g-eqa13.gif --> df13.dot5hosting.com /public_html/tafe/f&g/img f&g-eqa13.gif
2005.08.30 23:18 B E:\dot5hosting\tafe\f&g\img\f&g-eqa14.gif --> df13.dot5hosting.com /public_html/tafe/f&g/img f&g-eqa14.gif
2005.08.30 23:18 B E:\dot5hosting\tafe\f&g\img\f&g-eqa15.gif --> df13.dot5hosting.com /public_html/tafe/f&g/img f&g-eqa15.gif
2005.08.30 23:18 B E:\dot5hosting\tafe\f&g\img\f&g-eqa2.gif --> df13.dot5hosting.com /public_html/tafe/f&g/img f&g-eqa2.gif
2005.08.30 23:18 B E:\dot5hosting\tafe\f&g\img\f&g-eqa3.gif --> df13.dot5hosting.com /public_html/tafe/f&g/img f&g-eqa3.gif
2005.08.30 23:18 B E:\dot5hosting\tafe\f&g\img\f&g-eqa4.gif --> df13.dot5hosting.com /public_html/tafe/f&g/img f&g-eqa4.gif
2005.08.30 23:18 B E:\dot5hosting\tafe\f&g\img\f&g-eqa41.gif --> df13.dot5hosting.com /public_html/tafe/f&g/img f&g-eqa41.gif
2005.08.30 23:18 B E:\dot5hosting\tafe\f&g\img\f&g-eqa5.gif --> df13.dot5hosting.com /public_html/tafe/f&g/img f&g-eqa5.gif
2005.08.30 23:18 B E:\dot5hosting\tafe\f&g\img\f&g-eqa6.gif --> df13.dot5hosting.com /public_html/tafe/f&g/img f&g-eqa6.gif
2005.08.30 23:18 B E:\dot5hosting\tafe\f&g\img\f&g-eqa61.gif --> df13.dot5hosting.com /public_html/tafe/f&g/img f&g-eqa61.gif
2005.08.30 23:18 B E:\dot5hosting\tafe\f&g\img\f&g-eqa62.gif --> df13.dot5hosting.com /public_html/tafe/f&g/img f&g-eqa62.gif
2005.08.30 23:18 B E:\dot5hosting\tafe\f&g\img\f&g-eqa7.gif --> df13.dot5hosting.com /public_html/tafe/f&g/img f&g-eqa7.gif
2005.08.30 23:18 B E:\dot5hosting\tafe\f&g\img\f&g-eqa8.gif --> df13.dot5hosting.com /public_html/tafe/f&g/img f&g-eqa8.gif
2005.08.30 23:18 B E:\dot5hosting\tafe\f&g\img\f&g-eqa9.gif --> df13.dot5hosting.com /public_html/tafe/f&g/img f&g-eqa9.gif
2005.08.30 23:18 B E:\dot5hosting\tafe\f&g\img\f&g-eqam.gif --> df13.dot5hosting.com /public_html/tafe/f&g/img f&g-eqam.gif
2005.08.30 23:18 B E:\dot5hosting\tafe\f&g\img\gamma.lc.gif --> df13.dot5hosting.com /public_html/tafe/f&g/img gamma.lc.gif
2005.08.30 23:18 B E:\dot5hosting\tafe\f&g\img\geo-h.gif --> df13.dot5hosting.com /public_html/tafe/f&g/img geo-h.gif
2005.08.30 23:18 B E:\dot5hosting\tafe\f&g\img\geo-m-300c.gif --> df13.dot5hosting.com /public_html/tafe/f&g/img geo-m-300c.gif
2005.08.30 23:18 B E:\dot5hosting\tafe\f&g\img\geq.gif --> df13.dot5hosting.com /public_html/tafe/f&g/img geq.gif
2005.08.30 23:18 B E:\dot5hosting\tafe\f&g\img\jar-test.gif --> df13.dot5hosting.com /public_html/tafe/f&g/img jar-test.gif
2005.08.30 23:18 B E:\dot5hosting\tafe\f&g\img\ko-element.gif --> df13.dot5hosting.com /public_html/tafe/f&g/img ko-element.gif
2005.08.30 23:18 B E:\dot5hosting\tafe\f&g\img\lab-stud.jpg --> df13.dot5hosting.com /public_html/tafe/f&g/img lab-stud.jpg
2005.08.30 23:18 B E:\dot5hosting\tafe\f&g\img\leq.gif --> df13.dot5hosting.com /public_html/tafe/f&g/img leq.gif
2005.08.30 23:18 B E:\dot5hosting\tafe\f&g\img\mas-vol.gif --> df13.dot5hosting.com /public_html/tafe/f&g/img mas-vol.gif
2005.08.30 23:19 B E:\dot5hosting\tafe\f&g\img\part-distri.gif --> df13.dot5hosting.com /public_html/tafe/f&g/img part-distri.gif
2005.08.30 23:19 B E:\dot5hosting\tafe\f&g\img\phi.lc.gif --> df13.dot5hosting.com /public_html/tafe/f&g/img phi.lc.gif
2005.08.30 23:19 B E:\dot5hosting\tafe\f&g\img\pl-ll.gif --> df13.dot5hosting.com /public_html/tafe/f&g/img pl-ll.gif
2005.08.30 23:19 B E:\dot5hosting\tafe\f&g\img\pressure.gif --> df13.dot5hosting.com /public_html/tafe/f&g/img pressure.gif
2005.08.30 23:19 B E:\dot5hosting\tafe\f&g\img\retain-water.gif --> df13.dot5hosting.com /public_html/tafe/f&g/img retain-water.gif
2005.08.30 23:19 B E:\dot5hosting\tafe\f&g\img\rho.lc.gif --> df13.dot5hosting.com /public_html/tafe/f&g/img rho.lc.gif
2005.08.30 23:19 B E:\dot5hosting\tafe\f&g\img\ridge-fold.gif --> df13.dot5hosting.com /public_html/tafe/f&g/img ridge-fold.gif
2005.08.30 23:19 B E:\dot5hosting\tafe\f&g\img\ridge-valley.gif --> df13.dot5hosting.com /public_html/tafe/f&g/img ridge-valley.gif
2005.08.30 23:19 B E:\dot5hosting\tafe\f&g\img\sectmap350.gif --> df13.dot5hosting.com /public_html/tafe/f&g/img sectmap350.gif
2005.08.30 23:19 B E:\dot5hosting\tafe\f&g\img\sigma-lc14.gif --> df13.dot5hosting.com /public_html/tafe/f&g/img sigma-lc14.gif
2005.08.30 23:19 B E:\dot5hosting\tafe\f&g\img\slip-circle.gif --> df13.dot5hosting.com /public_html/tafe/f&g/img slip-circle.gif
2005.08.30 23:19 B E:\dot5hosting\tafe\f&g\img\soil-flow.gif --> df13.dot5hosting.com /public_html/tafe/f&g/img soil-flow.gif
2005.08.30 23:19 B E:\dot5hosting\tafe\f&g\img\soil-prop.gif --> df13.dot5hosting.com /public_html/tafe/f&g/img soil-prop.gif
2005.08.30 23:19 B E:\dot5hosting\tafe\f&g\img\soil-prop2.gif --> df13.dot5hosting.com /public_html/tafe/f&g/img soil-prop2.gif
2005.08.30 23:19 B E:\dot5hosting\tafe\f&g\img\topo-m-300.gif --> df13.dot5hosting.com /public_html/tafe/f&g/img topo-m-300.gif
