2005.08.28 13:27 B E:\dot5hosting\StarRating\assessor.htm <-- boeingconsult /StarRating assessor.htm
2005.08.28 13:27 B E:\dot5hosting\StarRating\bc-energy.htm <-- boeingconsult /StarRating bc-energy.htm
2005.08.28 13:27 B E:\dot5hosting\StarRating\bca-links.htm <-- boeingconsult /StarRating bca-links.htm
2005.08.28 13:28 B E:\dot5hosting\StarRating\HES-Protocol_v2005-1.pdf <-- boeingconsult /StarRating HES-Protocol_v2005-1.pdf
2005.08.28 13:28 B E:\dot5hosting\StarRating\IntroHERS.htm <-- boeingconsult /StarRating IntroHERS.htm
2005.08.28 13:28 B E:\dot5hosting\StarRating\s-w-BCA.htm <-- boeingconsult /StarRating s-w-BCA.htm
2005.08.28 13:28 B E:\dot5hosting\StarRating\star-rating.gif <-- boeingconsult /StarRating star-rating.gif
2005.08.28 13:28 B E:\dot5hosting\StarRating\star110.gif <-- boeingconsult /StarRating star110.gif
2005.08.28 13:28 B E:\dot5hosting\StarRating\Thumbs.db <-- boeingconsult /StarRating Thumbs.db
2005.08.28 13:28 B E:\dot5hosting\StarRating\two-charts.gif <-- boeingconsult /StarRating two-charts.gif
2005.08.30 22:54 B E:\dot5hosting\StarRating\assessor.htm --> df13.dot5hosting.com /public_html/StarRating assessor.htm
2005.08.30 22:54 B E:\dot5hosting\StarRating\bc-energy.htm --> df13.dot5hosting.com /public_html/StarRating bc-energy.htm
2005.08.30 22:54 B E:\dot5hosting\StarRating\bca-links.htm --> df13.dot5hosting.com /public_html/StarRating bca-links.htm
2005.08.30 22:55 B E:\dot5hosting\StarRating\HES-Protocol_v2005-1.pdf --> df13.dot5hosting.com /public_html/StarRating HES-Protocol_v2005-1.pdf
2005.08.30 22:55 B E:\dot5hosting\StarRating\IntroHERS.htm --> df13.dot5hosting.com /public_html/StarRating IntroHERS.htm
2005.08.30 22:55 B E:\dot5hosting\StarRating\s-w-BCA.htm --> df13.dot5hosting.com /public_html/StarRating s-w-BCA.htm
2005.08.30 22:55 B E:\dot5hosting\StarRating\star-rating.gif --> df13.dot5hosting.com /public_html/StarRating star-rating.gif
2005.08.30 22:55 B E:\dot5hosting\StarRating\star110.gif --> df13.dot5hosting.com /public_html/StarRating star110.gif
2005.08.30 22:55 B E:\dot5hosting\StarRating\Thumbs.db --> df13.dot5hosting.com /public_html/StarRating Thumbs.db
2005.08.30 22:55 B E:\dot5hosting\StarRating\two-charts.gif --> df13.dot5hosting.com /public_html/StarRating two-charts.gif
2005.08.30 22:55 B E:\dot5hosting\StarRating\WS_FTP.LOG --> df13.dot5hosting.com /public_html/StarRating WS_FTP.LOG
2005.11.05 14:17 B E:\dot5hosting\StarRating\assessor.htm --> df13.dot5hosting.com /public_html assessor.htm
2005.11.05 14:17 B E:\dot5hosting\StarRating\bc-energy.htm --> df13.dot5hosting.com /public_html bc-energy.htm
2005.11.05 14:18 B E:\dot5hosting\StarRating\assessor.htm --> df13.dot5hosting.com /public_html/StarRating assessor.htm
2005.11.05 14:18 B E:\dot5hosting\StarRating\bc-energy.htm --> df13.dot5hosting.com /public_html/StarRating bc-energy.htm
2005.11.05 14:39 B E:\dot5hosting\StarRating\assessor.htm --> df13.dot5hosting.com /public_html/StarRating assessor.htm
2005.11.05 14:39 B E:\dot5hosting\StarRating\bc-energy.htm --> df13.dot5hosting.com /public_html/StarRating bc-energy.htm
2005.11.05 14:41 B E:\dot5hosting\StarRating\bc-energy.htm --> df13.dot5hosting.com /public_html/StarRating bc-energy.htm
2008.01.01 17:43 B E:\dot5hosting\StarRating\assessor.htm --> boeingco.dot5hosting.com /public_html/StarRating assessor.htm
2008.01.01 17:43 B E:\dot5hosting\StarRating\bc-energy.htm --> boeingco.dot5hosting.com /public_html/StarRating bc-energy.htm
2008.01.01 18:31 B E:\dot5hosting\StarRating\bca-links.htm --> boeingco.dot5hosting.com /public_html/StarRating bca-links.htm
2008.01.01 18:33 B E:\dot5hosting\StarRating\bca-links.htm --> boeingco.dot5hosting.com /public_html/StarRating bca-links.htm
2008.01.03 11:42 B E:\dot5hosting\StarRating\IntroHERS.htm --> boeingco.dot5hosting.com /public_html/StarRating IntroHERS.htm
2008.01.03 11:42 B E:\dot5hosting\StarRating\bc-energy.htm --> boeingco.dot5hosting.com /public_html/StarRating bc-energy.htm
2008.01.03 11:42 B E:\dot5hosting\StarRating\WS_FTP.LOG --> boeingco.dot5hosting.com /public_html/StarRating WS_FTP.LOG
2008.01.03 11:43 B E:\dot5hosting\StarRating\bca-links.htm --> boeingco.dot5hosting.com /public_html/StarRating bca-links.htm
2008.01.03 11:43 B E:\dot5hosting\StarRating\assessor.htm --> boeingco.dot5hosting.com /public_html/StarRating assessor.htm
2008.01.03 12:04 B E:\dot5hosting\StarRating\IntroHERS.htm --> boeingco.dot5hosting.com /public_html/StarRating IntroHERS.htm
2008.01.03 12:06 B E:\dot5hosting\StarRating\IntroHERS.htm --> boeingco.dot5hosting.com /public_html/StarRating IntroHERS.htm
2008.01.03 12:09 B E:\dot5hosting\StarRating\IntroHERS.htm --> boeingco.dot5hosting.com /public_html/StarRating IntroHERS.htm
2008.01.03 18:50 B E:\dot5hosting\StarRating\assessor.htm --> boeingco.dot5hosting.com /public_html/StarRating assessor.htm
2008.01.03 18:53 B E:\dot5hosting\StarRating\assessor.htm --> boeingco.dot5hosting.com /public_html/StarRating assessor.htm
2008.01.03 18:54 B E:\dot5hosting\StarRating\assessor.htm --> boeingco.dot5hosting.com /public_html/StarRating assessor.htm
2008.01.03 18:55 B E:\dot5hosting\StarRating\assessor.htm --> boeingco.dot5hosting.com /public_html/StarRating assessor.htm
2008.01.03 18:56 B E:\dot5hosting\StarRating\assessor.htm --> boeingco.dot5hosting.com /public_html/StarRating assessor.htm
2008.02.01 12:34 B E:\dot5hosting\StarRating\bc-energy.htm --> boeingco.dot5hosting.com /public_html/StarRating bc-energy.htm
2008.02.01 12:35 B E:\dot5hosting\StarRating\bc-energy.htm --> boeingco.dot5hosting.com /public_html/StarRating bc-energy.htm
2008.02.01 12:45 B E:\dot5hosting\StarRating\bc-energy.htm --> boeingco.dot5hosting.com /public_html/StarRating bc-energy.htm
