2005.08.28 12:51 B E:\dot5hosting\tafe\structures\delta.lc.gif <-- boeingconsult /tafe/structures delta.lc.gif
2005.08.28 12:51 B E:\dot5hosting\tafe\structures\delta.uc.gif <-- boeingconsult /tafe/structures delta.uc.gif
2005.08.28 12:51 B E:\dot5hosting\tafe\structures\lambda.lc.gif <-- boeingconsult /tafe/structures lambda.lc.gif
2005.08.28 12:51 B E:\dot5hosting\tafe\structures\pi.lc.gif <-- boeingconsult /tafe/structures pi.lc.gif
2005.08.28 12:52 B E:\dot5hosting\tafe\structures\rho2.lc.gif <-- boeingconsult /tafe/structures rho2.lc.gif
2005.08.28 12:52 B E:\dot5hosting\tafe\structures\sigma.lc.gif <-- boeingconsult /tafe/structures sigma.lc.gif
2005.08.28 12:52 B E:\dot5hosting\tafe\structures\sigma.uc.gif <-- boeingconsult /tafe/structures sigma.uc.gif
2005.08.28 12:52 B E:\dot5hosting\tafe\structures\sqrt.gif <-- boeingconsult /tafe/structures sqrt.gif
2005.08.28 12:52 B E:\dot5hosting\tafe\structures\struct.htm <-- boeingconsult /tafe/structures struct.htm
2005.08.28 12:52 B E:\dot5hosting\tafe\structures\tau.lc.gif <-- boeingconsult /tafe/structures tau.lc.gif
2005.08.30 23:47 B E:\dot5hosting\tafe\structures\delta.lc.gif --> df13.dot5hosting.com /public_html/tafe/structures delta.lc.gif
2005.08.30 23:47 B E:\dot5hosting\tafe\structures\delta.uc.gif --> df13.dot5hosting.com /public_html/tafe/structures delta.uc.gif
2005.08.30 23:47 B E:\dot5hosting\tafe\structures\lambda.lc.gif --> df13.dot5hosting.com /public_html/tafe/structures lambda.lc.gif
2005.08.30 23:47 B E:\dot5hosting\tafe\structures\pi.lc.gif --> df13.dot5hosting.com /public_html/tafe/structures pi.lc.gif
2005.08.30 23:47 B E:\dot5hosting\tafe\structures\rho2.lc.gif --> df13.dot5hosting.com /public_html/tafe/structures rho2.lc.gif
2005.08.30 23:47 B E:\dot5hosting\tafe\structures\sigma.lc.gif --> df13.dot5hosting.com /public_html/tafe/structures sigma.lc.gif
2005.08.30 23:47 B E:\dot5hosting\tafe\structures\sigma.uc.gif --> df13.dot5hosting.com /public_html/tafe/structures sigma.uc.gif
2005.08.30 23:47 B E:\dot5hosting\tafe\structures\sqrt.gif --> df13.dot5hosting.com /public_html/tafe/structures sqrt.gif
2005.08.30 23:47 B E:\dot5hosting\tafe\structures\struct.htm --> df13.dot5hosting.com /public_html/tafe/structures struct.htm
2005.08.30 23:47 B E:\dot5hosting\tafe\structures\tau.lc.gif --> df13.dot5hosting.com /public_html/tafe/structures tau.lc.gif
