2005.05.16 20:11 B E:\BC-web\BCA-Energy\BCA-home.htm --> www.boeingconsult.com /BCA-Energy BCA-home.htm
2005.05.16 20:11 B E:\BC-web\BCA-Energy\J1-to-J7.htm --> www.boeingconsult.com /BCA-Energy J1-to-J7.htm
2005.05.16 20:11 B E:\BC-web\BCA-Energy\fabric2.gif --> www.boeingconsult.com /BCA-Energy fabric2.gif
2005.05.16 20:11 B E:\BC-web\BCA-Energy\fabric1.gif --> www.boeingconsult.com /BCA-Energy fabric1.gif
2005.05.16 20:11 B E:\BC-web\BCA-Energy\BCA-energy.htm --> www.boeingconsult.com /BCA-Energy BCA-energy.htm
2005.05.16 20:11 B E:\BC-web\BCA-Energy\AltSolu.gif --> www.boeingconsult.com /BCA-Energy AltSolu.gif
2005.05.16 20:11 B E:\BC-web\BCA-Energy\Glazing calculator.xls --> www.boeingconsult.com /BCA-Energy Glazing calculator.xls
2005.05.19 19:11 B E:\BC-web\BCA-Energy\leakages.jpg --> www.boeingconsult.com /BCA-Energy leakages.jpg
2005.05.19 19:11 B E:\BC-web\BCA-Energy\breeze.jpg --> www.boeingconsult.com /BCA-Energy breeze.jpg
2005.05.19 19:11 B E:\BC-web\BCA-Energy\box yellow.gif --> www.boeingconsult.com /BCA-Energy box yellow.gif
2005.05.19 19:11 B E:\BC-web\BCA-Energy\J1-to-J7.htm --> www.boeingconsult.com /BCA-Energy J1-to-J7.htm
2005.05.21 12:35 B E:\BC-web\BCA-Energy\J1-to-J7.htm --> www.boeingconsult.com /BCA-Energy J1-to-J7.htm
2005.05.21 12:35 B E:\BC-web\BCA-Energy\BCA-home.htm --> www.boeingconsult.com /BCA-Energy BCA-home.htm
2005.05.21 12:51 B E:\BC-web\BCA-Energy\leakages.jpg --> www.boeingconsult.com /BCA-Energy leakages.jpg
2005.05.21 12:52 B E:\BC-web\BCA-Energy\J1-to-J7.htm --> www.boeingconsult.com /BCA-Energy J1-to-J7.htm
2005.05.22 21:32 B E:\BC-web\BCA-Energy\BCA-home.htm --> www.boeingconsult.com /BCA-Energy BCA-home.htm
2005.05.22 21:32 B E:\BC-web\BCA-Energy\3-12.htm --> www.boeingconsult.com /BCA-Energy 3-12.htm
2005.05.22 21:32 B E:\BC-web\BCA-Energy\shading.jpg --> www.boeingconsult.com /BCA-Energy shading.jpg
2005.05.22 21:54 B E:\BC-web\BCA-Energy\3-12.htm --> www.boeingconsult.com / 3-12.htm
2005.05.22 21:56 B E:\BC-web\BCA-Energy\3-12.htm --> www.boeingconsult.com /BCA-Energy 3-12.htm
2005.05.23 09:36 B E:\BC-web\BCA-Energy\3-12.htm --> www.boeingconsult.com /BCA-Energy 3-12.htm
2005.05.23 10:27 B E:\BC-web\BCA-Energy\3-12.htm --> www.boeingconsult.com /BCA-Energy 3-12.htm
2005.05.28 11:58 B E:\BC-web\BCA-Energy\BCA-home.htm --> www.boeingconsult.com /BCA-Energy BCA-home.htm
2005.05.28 11:58 B E:\BC-web\BCA-Energy\J1-to-J7.htm --> www.boeingconsult.com /BCA-Energy J1-to-J7.htm
2005.05.28 11:58 B E:\BC-web\BCA-Energy\BCA-energy.htm --> www.boeingconsult.com /BCA-Energy BCA-energy.htm
2005.05.28 12:29 B E:\BC-web\BCA-Energy\BCA-home.htm --> www.boeingconsult.com /BCA-Energy BCA-home.htm
2005.06.18 13:30 B E:\BC-web\BCA-Energy\BCA-energy.htm --> www.boeingconsult.com /BCA-Energy BCA-energy.htm
2005.06.18 13:33 B E:\BC-web\BCA-Energy\BCA-energy.htm --> www.boeingconsult.com /BCA-Energy BCA-energy.htm
