2005.08.28 12:51 B E:\dot5hosting\tafe\structures\struct2\equa1.gif <-- boeingconsult /tafe/structures/struct2 equa1.gif
2005.08.28 12:51 B E:\dot5hosting\tafe\structures\struct2\equa2.gif <-- boeingconsult /tafe/structures/struct2 equa2.gif
2005.08.28 12:51 B E:\dot5hosting\tafe\structures\struct2\equa3.gif <-- boeingconsult /tafe/structures/struct2 equa3.gif
2005.08.28 12:51 B E:\dot5hosting\tafe\structures\struct2\equa4.gif <-- boeingconsult /tafe/structures/struct2 equa4.gif
2005.08.28 12:51 B E:\dot5hosting\tafe\structures\struct2\equa6.gif <-- boeingconsult /tafe/structures/struct2 equa6.gif
2005.08.28 12:51 B E:\dot5hosting\tafe\structures\struct2\equa7.gif <-- boeingconsult /tafe/structures/struct2 equa7.gif
2005.08.28 12:51 B E:\dot5hosting\tafe\structures\struct2\equat5.gif <-- boeingconsult /tafe/structures/struct2 equat5.gif
2005.08.28 12:51 B E:\dot5hosting\tafe\structures\struct2\formulas.htm <-- boeingconsult /tafe/structures/struct2 formulas.htm
2005.08.28 12:51 B E:\dot5hosting\tafe\structures\struct2\intro.htm <-- boeingconsult /tafe/structures/struct2 intro.htm
2005.08.28 12:51 B E:\dot5hosting\tafe\structures\struct2\model.jpg <-- boeingconsult /tafe/structures/struct2 model.jpg
2005.08.28 12:51 B E:\dot5hosting\tafe\structures\struct2\program-struc2.htm <-- boeingconsult /tafe/structures/struct2 program-struc2.htm
2005.08.28 12:51 B E:\dot5hosting\tafe\structures\struct2\struc2.htm <-- boeingconsult /tafe/structures/struct2 struc2.htm
2005.08.30 23:45 B E:\dot5hosting\tafe\structures\struct2\equa1.gif --> df13.dot5hosting.com /public_html/tafe/structures/struct2 equa1.gif
2005.08.30 23:45 B E:\dot5hosting\tafe\structures\struct2\equa2.gif --> df13.dot5hosting.com /public_html/tafe/structures/struct2 equa2.gif
2005.08.30 23:45 B E:\dot5hosting\tafe\structures\struct2\equa3.gif --> df13.dot5hosting.com /public_html/tafe/structures/struct2 equa3.gif
2005.08.30 23:45 B E:\dot5hosting\tafe\structures\struct2\equa4.gif --> df13.dot5hosting.com /public_html/tafe/structures/struct2 equa4.gif
2005.08.30 23:45 B E:\dot5hosting\tafe\structures\struct2\equa6.gif --> df13.dot5hosting.com /public_html/tafe/structures/struct2 equa6.gif
2005.08.30 23:45 B E:\dot5hosting\tafe\structures\struct2\equa7.gif --> df13.dot5hosting.com /public_html/tafe/structures/struct2 equa7.gif
2005.08.30 23:46 B E:\dot5hosting\tafe\structures\struct2\equat5.gif --> df13.dot5hosting.com /public_html/tafe/structures/struct2 equat5.gif
2005.08.30 23:46 B E:\dot5hosting\tafe\structures\struct2\formulas.htm --> df13.dot5hosting.com /public_html/tafe/structures/struct2 formulas.htm
2005.08.30 23:46 B E:\dot5hosting\tafe\structures\struct2\intro.htm --> df13.dot5hosting.com /public_html/tafe/structures/struct2 intro.htm
2005.08.30 23:46 B E:\dot5hosting\tafe\structures\struct2\model.jpg --> df13.dot5hosting.com /public_html/tafe/structures/struct2 model.jpg
2005.08.30 23:46 B E:\dot5hosting\tafe\structures\struct2\program-struc2.htm --> df13.dot5hosting.com /public_html/tafe/structures/struct2 program-struc2.htm
2005.08.30 23:46 B E:\dot5hosting\tafe\structures\struct2\struc2.htm --> df13.dot5hosting.com /public_html/tafe/structures/struct2 struc2.htm
