2005.08.28 12:27 B E:\dot5hosting\tafe\bcg5013\5013-selection.htm <-- boeingconsult /tafe/bcg5013 5013-selection.htm
2005.08.28 12:27 B E:\dot5hosting\tafe\bcg5013\5013A-course.htm <-- boeingconsult /tafe/bcg5013 5013A-course.htm
2005.08.28 12:27 B E:\dot5hosting\tafe\bcg5013\5013prog-05.htm <-- boeingconsult /tafe/bcg5013 5013prog-05.htm
2005.08.28 12:27 B E:\dot5hosting\tafe\bcg5013\calc-sun-shade.gif <-- boeingconsult /tafe/bcg5013 calc-sun-shade.gif
2005.08.28 12:27 B E:\dot5hosting\tafe\bcg5013\climate bca.jpg <-- boeingconsult /tafe/bcg5013 climate bca.jpg
2005.08.28 12:27 B E:\dot5hosting\tafe\bcg5013\climate.htm <-- boeingconsult /tafe/bcg5013 climate.htm
2005.08.28 12:27 B E:\dot5hosting\tafe\bcg5013\climate1.jpg <-- boeingconsult /tafe/bcg5013 climate1.jpg
2005.08.28 12:27 B E:\dot5hosting\tafe\bcg5013\deg-rose.gif <-- boeingconsult /tafe/bcg5013 deg-rose.gif
2005.08.28 12:28 B E:\dot5hosting\tafe\bcg5013\EE-Class 2-4-0.ppt <-- boeingconsult /tafe/bcg5013 EE-Class 2-4-0.ppt
2005.08.28 12:28 B E:\dot5hosting\tafe\bcg5013\image002.jpg <-- boeingconsult /tafe/bcg5013 image002.jpg
2005.08.28 12:28 B E:\dot5hosting\tafe\bcg5013\image004.jpg <-- boeingconsult /tafe/bcg5013 image004.jpg
2005.08.28 12:28 B E:\dot5hosting\tafe\bcg5013\image006.jpg <-- boeingconsult /tafe/bcg5013 image006.jpg
2005.08.28 12:28 B E:\dot5hosting\tafe\bcg5013\image008.jpg <-- boeingconsult /tafe/bcg5013 image008.jpg
2005.08.28 12:28 B E:\dot5hosting\tafe\bcg5013\MacroMicroClimate.htm <-- boeingconsult /tafe/bcg5013 MacroMicroClimate.htm
2005.08.28 12:28 B E:\dot5hosting\tafe\bcg5013\polar-sun-chart-a.jpg <-- boeingconsult /tafe/bcg5013 polar-sun-chart-a.jpg
2005.08.28 12:28 B E:\dot5hosting\tafe\bcg5013\R-Code-p85.gif <-- boeingconsult /tafe/bcg5013 R-Code-p85.gif
2005.08.28 12:28 B E:\dot5hosting\tafe\bcg5013\R-code.htm <-- boeingconsult /tafe/bcg5013 R-code.htm
2005.08.28 12:28 B E:\dot5hosting\tafe\bcg5013\shade-angle.htm <-- boeingconsult /tafe/bcg5013 shade-angle.htm
2005.08.28 12:28 B E:\dot5hosting\tafe\bcg5013\shadow-cast.gif <-- boeingconsult /tafe/bcg5013 shadow-cast.gif
2005.08.28 12:28 B E:\dot5hosting\tafe\bcg5013\shadows.gif <-- boeingconsult /tafe/bcg5013 shadows.gif
2005.08.28 12:28 B E:\dot5hosting\tafe\bcg5013\shadows.jpg <-- boeingconsult /tafe/bcg5013 shadows.jpg
2005.08.28 12:28 B E:\dot5hosting\tafe\bcg5013\sun-chart-cylindrical.jpg <-- boeingconsult /tafe/bcg5013 sun-chart-cylindrical.jpg
2005.08.28 12:28 B E:\dot5hosting\tafe\bcg5013\sun-chart-step1-3.jpg <-- boeingconsult /tafe/bcg5013 sun-chart-step1-3.jpg
2005.08.28 12:28 B E:\dot5hosting\tafe\bcg5013\sun-path-perth.gif <-- boeingconsult /tafe/bcg5013 sun-path-perth.gif
2005.08.28 12:28 B E:\dot5hosting\tafe\bcg5013\sunchartStep4.jpg <-- boeingconsult /tafe/bcg5013 sunchartStep4.jpg
2005.08.28 12:29 B E:\dot5hosting\tafe\bcg5013\sunchartStep5.jpg <-- boeingconsult /tafe/bcg5013 sunchartStep5.jpg
2005.08.30 23:01 B E:\dot5hosting\tafe\bcg5013\5013-selection.htm --> df13.dot5hosting.com /public_html/tafe/bcg5013 5013-selection.htm
2005.08.30 23:01 B E:\dot5hosting\tafe\bcg5013\5013A-course.htm --> df13.dot5hosting.com /public_html/tafe/bcg5013 5013A-course.htm
2005.08.30 23:02 B E:\dot5hosting\tafe\bcg5013\5013prog-05.htm --> df13.dot5hosting.com /public_html/tafe/bcg5013 5013prog-05.htm
2005.08.30 23:02 B E:\dot5hosting\tafe\bcg5013\calc-sun-shade.gif --> df13.dot5hosting.com /public_html/tafe/bcg5013 calc-sun-shade.gif
2005.08.30 23:03 B E:\dot5hosting\tafe\bcg5013\climate bca.jpg --> df13.dot5hosting.com /public_html/tafe/bcg5013 climate bca.jpg
2005.08.30 23:03 B E:\dot5hosting\tafe\bcg5013\climate.htm --> df13.dot5hosting.com /public_html/tafe/bcg5013 climate.htm
2005.08.30 23:03 B E:\dot5hosting\tafe\bcg5013\climate1.jpg --> df13.dot5hosting.com /public_html/tafe/bcg5013 climate1.jpg
2005.08.30 23:03 B E:\dot5hosting\tafe\bcg5013\deg-rose.gif --> df13.dot5hosting.com /public_html/tafe/bcg5013 deg-rose.gif
2005.08.30 23:05 B E:\dot5hosting\tafe\bcg5013\EE-Class 2-4-0.ppt --> df13.dot5hosting.com /public_html/tafe/bcg5013 EE-Class 2-4-0.ppt
2005.08.30 23:05 B E:\dot5hosting\tafe\bcg5013\image002.jpg --> df13.dot5hosting.com /public_html/tafe/bcg5013 image002.jpg
2005.08.30 23:05 B E:\dot5hosting\tafe\bcg5013\image004.jpg --> df13.dot5hosting.com /public_html/tafe/bcg5013 image004.jpg
2005.08.30 23:05 B E:\dot5hosting\tafe\bcg5013\image006.jpg --> df13.dot5hosting.com /public_html/tafe/bcg5013 image006.jpg
2005.08.30 23:05 B E:\dot5hosting\tafe\bcg5013\image008.jpg --> df13.dot5hosting.com /public_html/tafe/bcg5013 image008.jpg
2005.08.30 23:05 B E:\dot5hosting\tafe\bcg5013\MacroMicroClimate.htm --> df13.dot5hosting.com /public_html/tafe/bcg5013 MacroMicroClimate.htm
2005.08.30 23:05 B E:\dot5hosting\tafe\bcg5013\polar-sun-chart-a.jpg --> df13.dot5hosting.com /public_html/tafe/bcg5013 polar-sun-chart-a.jpg
2005.08.30 23:06 B E:\dot5hosting\tafe\bcg5013\R-Code-p85.gif --> df13.dot5hosting.com /public_html/tafe/bcg5013 R-Code-p85.gif
2005.08.30 23:06 B E:\dot5hosting\tafe\bcg5013\R-code.htm --> df13.dot5hosting.com /public_html/tafe/bcg5013 R-code.htm
2005.08.30 23:06 B E:\dot5hosting\tafe\bcg5013\shade-angle.htm --> df13.dot5hosting.com /public_html/tafe/bcg5013 shade-angle.htm
2005.08.30 23:06 B E:\dot5hosting\tafe\bcg5013\shadow-cast.gif --> df13.dot5hosting.com /public_html/tafe/bcg5013 shadow-cast.gif
2005.08.30 23:06 B E:\dot5hosting\tafe\bcg5013\shadows.gif --> df13.dot5hosting.com /public_html/tafe/bcg5013 shadows.gif
2005.08.30 23:06 B E:\dot5hosting\tafe\bcg5013\shadows.jpg --> df13.dot5hosting.com /public_html/tafe/bcg5013 shadows.jpg
2005.08.30 23:07 B E:\dot5hosting\tafe\bcg5013\sun-chart-cylindrical.jpg --> df13.dot5hosting.com /public_html/tafe/bcg5013 sun-chart-cylindrical.jpg
2005.08.30 23:07 B E:\dot5hosting\tafe\bcg5013\sun-chart-step1-3.jpg --> df13.dot5hosting.com /public_html/tafe/bcg5013 sun-chart-step1-3.jpg
2005.08.30 23:07 B E:\dot5hosting\tafe\bcg5013\sun-path-perth.gif --> df13.dot5hosting.com /public_html/tafe/bcg5013 sun-path-perth.gif
2005.08.30 23:07 B E:\dot5hosting\tafe\bcg5013\sunchartStep4.jpg --> df13.dot5hosting.com /public_html/tafe/bcg5013 sunchartStep4.jpg
2005.08.30 23:07 B E:\dot5hosting\tafe\bcg5013\sunchartStep5.jpg --> df13.dot5hosting.com /public_html/tafe/bcg5013 sunchartStep5.jpg
