2005.08.28 12:42 B E:\dot5hosting\tafe\services\image002.gif <-- boeingconsult /tafe/services image002.gif
2005.08.28 12:42 B E:\dot5hosting\tafe\services\image004.jpg <-- boeingconsult /tafe/services image004.jpg
2005.08.28 12:42 B E:\dot5hosting\tafe\services\image006.gif <-- boeingconsult /tafe/services image006.gif
2005.08.28 12:42 B E:\dot5hosting\tafe\services\image008.jpg <-- boeingconsult /tafe/services image008.jpg
2005.08.28 12:42 B E:\dot5hosting\tafe\services\lo1-lo3.htm <-- boeingconsult /tafe/services lo1-lo3.htm
2005.08.28 12:42 B E:\dot5hosting\tafe\services\ProgSer1-103.htm <-- boeingconsult /tafe/services ProgSer1-103.htm
2005.08.28 12:42 B E:\dot5hosting\tafe\services\pump3.jpg <-- boeingconsult /tafe/services pump3.jpg
2005.08.28 12:42 B E:\dot5hosting\tafe\services\re-ass-outl.htm <-- boeingconsult /tafe/services re-ass-outl.htm
2005.08.28 12:42 B E:\dot5hosting\tafe\services\septictank.gif <-- boeingconsult /tafe/services septictank.gif
2005.08.28 12:42 B E:\dot5hosting\tafe\services\servi-lo.htm <-- boeingconsult /tafe/services servi-lo.htm
2005.08.28 12:42 B E:\dot5hosting\tafe\services\services.htm <-- boeingconsult /tafe/services services.htm
2005.08.30 23:25 B E:\dot5hosting\tafe\services\image002.gif --> df13.dot5hosting.com /public_html/tafe/services image002.gif
2005.08.30 23:25 B E:\dot5hosting\tafe\services\image004.jpg --> df13.dot5hosting.com /public_html/tafe/services image004.jpg
2005.08.30 23:25 B E:\dot5hosting\tafe\services\image006.gif --> df13.dot5hosting.com /public_html/tafe/services image006.gif
2005.08.30 23:25 B E:\dot5hosting\tafe\services\image008.jpg --> df13.dot5hosting.com /public_html/tafe/services image008.jpg
2005.08.30 23:25 B E:\dot5hosting\tafe\services\lo1-lo3.htm --> df13.dot5hosting.com /public_html/tafe/services lo1-lo3.htm
2005.08.30 23:25 B E:\dot5hosting\tafe\services\ProgSer1-103.htm --> df13.dot5hosting.com /public_html/tafe/services ProgSer1-103.htm
2005.08.30 23:25 B E:\dot5hosting\tafe\services\pump3.jpg --> df13.dot5hosting.com /public_html/tafe/services pump3.jpg
2005.08.30 23:25 B E:\dot5hosting\tafe\services\re-ass-outl.htm --> df13.dot5hosting.com /public_html/tafe/services re-ass-outl.htm
2005.08.30 23:25 B E:\dot5hosting\tafe\services\septictank.gif --> df13.dot5hosting.com /public_html/tafe/services septictank.gif
2005.08.30 23:25 B E:\dot5hosting\tafe\services\servi-lo.htm --> df13.dot5hosting.com /public_html/tafe/services servi-lo.htm
2005.08.30 23:25 B E:\dot5hosting\tafe\services\services.htm --> df13.dot5hosting.com /public_html/tafe/services services.htm
