2005.08.28 12:43 B E:\dot5hosting\tafe\ss&so\survey1\abc083.htm <-- boeingconsult /tafe/ss&so/survey1 abc083.htm
2005.08.28 12:43 B E:\dot5hosting\tafe\ss&so\survey1\Area-volume-calc.xls <-- boeingconsult /tafe/ss&so/survey1 Area-volume-calc.xls
2005.08.28 12:43 B E:\dot5hosting\tafe\ss&so\survey1\contouringa.gif <-- boeingconsult /tafe/ss&so/survey1 contouringa.gif
2005.08.28 12:43 B E:\dot5hosting\tafe\ss&so\survey1\geq.gif <-- boeingconsult /tafe/ss&so/survey1 geq.gif
2005.08.28 12:43 B E:\dot5hosting\tafe\ss&so\survey1\iso12-9.gif <-- boeingconsult /tafe/ss&so/survey1 iso12-9.gif
2005.08.28 12:43 B E:\dot5hosting\tafe\ss&so\survey1\leq.gif <-- boeingconsult /tafe/ss&so/survey1 leq.gif
2005.08.28 12:43 B E:\dot5hosting\tafe\ss&so\survey1\leqat1.gif <-- boeingconsult /tafe/ss&so/survey1 leqat1.gif
2005.08.28 12:43 B E:\dot5hosting\tafe\ss&so\survey1\leqat2.gif <-- boeingconsult /tafe/ss&so/survey1 leqat2.gif
2005.08.28 12:43 B E:\dot5hosting\tafe\ss&so\survey1\leqat3.gif <-- boeingconsult /tafe/ss&so/survey1 leqat3.gif
2005.08.28 12:43 B E:\dot5hosting\tafe\ss&so\survey1\leqat4.gif <-- boeingconsult /tafe/ss&so/survey1 leqat4.gif
2005.08.28 12:43 B E:\dot5hosting\tafe\ss&so\survey1\prog2-05.htm <-- boeingconsult /tafe/ss&so/survey1 prog2-05.htm
2005.08.28 12:43 B E:\dot5hosting\tafe\ss&so\survey1\project1.gif <-- boeingconsult /tafe/ss&so/survey1 project1.gif
2005.08.28 12:43 B E:\dot5hosting\tafe\ss&so\survey1\project2.gif <-- boeingconsult /tafe/ss&so/survey1 project2.gif
2005.08.28 12:43 B E:\dot5hosting\tafe\ss&so\survey1\project3.gif <-- boeingconsult /tafe/ss&so/survey1 project3.gif
2005.08.28 12:43 B E:\dot5hosting\tafe\ss&so\survey1\project4.gif <-- boeingconsult /tafe/ss&so/survey1 project4.gif
2005.08.28 12:44 B E:\dot5hosting\tafe\ss&so\survey1\project5.gif <-- boeingconsult /tafe/ss&so/survey1 project5.gif
2005.08.28 12:44 B E:\dot5hosting\tafe\ss&so\survey1\sim-tri.gif <-- boeingconsult /tafe/ss&so/survey1 sim-tri.gif
2005.08.28 12:44 B E:\dot5hosting\tafe\ss&so\survey1\spot-level.gif <-- boeingconsult /tafe/ss&so/survey1 spot-level.gif
2005.08.28 12:44 B E:\dot5hosting\tafe\ss&so\survey1\Ss&s1Delsched.htm <-- boeingconsult /tafe/ss&so/survey1 Ss&s1Delsched.htm
2005.08.28 12:44 B E:\dot5hosting\tafe\ss&so\survey1\Table1.gif <-- boeingconsult /tafe/ss&so/survey1 Table1.gif
2005.08.28 12:44 B E:\dot5hosting\tafe\ss&so\survey1\test-gridvol.htm <-- boeingconsult /tafe/ss&so/survey1 test-gridvol.htm
2005.08.28 12:44 B E:\dot5hosting\tafe\ss&so\survey1\w1-ex1-4.jpg <-- boeingconsult /tafe/ss&so/survey1 w1-ex1-4.jpg
2005.08.28 12:44 B E:\dot5hosting\tafe\ss&so\survey1\worksheet1.htm <-- boeingconsult /tafe/ss&so/survey1 worksheet1.htm
2005.08.30 23:26 B E:\dot5hosting\tafe\ss&so\survey1\abc083.htm --> df13.dot5hosting.com /public_html/tafe/ss&so/survey1 abc083.htm
2005.08.30 23:27 B E:\dot5hosting\tafe\ss&so\survey1\Area-volume-calc.xls --> df13.dot5hosting.com /public_html/tafe/ss&so/survey1 Area-volume-calc.xls
2005.08.30 23:27 B E:\dot5hosting\tafe\ss&so\survey1\contouringa.gif --> df13.dot5hosting.com /public_html/tafe/ss&so/survey1 contouringa.gif
2005.08.30 23:27 B E:\dot5hosting\tafe\ss&so\survey1\geq.gif --> df13.dot5hosting.com /public_html/tafe/ss&so/survey1 geq.gif
2005.08.30 23:27 B E:\dot5hosting\tafe\ss&so\survey1\iso12-9.gif --> df13.dot5hosting.com /public_html/tafe/ss&so/survey1 iso12-9.gif
2005.08.30 23:27 B E:\dot5hosting\tafe\ss&so\survey1\leq.gif --> df13.dot5hosting.com /public_html/tafe/ss&so/survey1 leq.gif
2005.08.30 23:27 B E:\dot5hosting\tafe\ss&so\survey1\leqat1.gif --> df13.dot5hosting.com /public_html/tafe/ss&so/survey1 leqat1.gif
2005.08.30 23:27 B E:\dot5hosting\tafe\ss&so\survey1\leqat2.gif --> df13.dot5hosting.com /public_html/tafe/ss&so/survey1 leqat2.gif
2005.08.30 23:27 B E:\dot5hosting\tafe\ss&so\survey1\leqat3.gif --> df13.dot5hosting.com /public_html/tafe/ss&so/survey1 leqat3.gif
2005.08.30 23:27 B E:\dot5hosting\tafe\ss&so\survey1\leqat4.gif --> df13.dot5hosting.com /public_html/tafe/ss&so/survey1 leqat4.gif
2005.08.30 23:27 B E:\dot5hosting\tafe\ss&so\survey1\prog2-05.htm --> df13.dot5hosting.com /public_html/tafe/ss&so/survey1 prog2-05.htm
2005.08.30 23:27 B E:\dot5hosting\tafe\ss&so\survey1\project1.gif --> df13.dot5hosting.com /public_html/tafe/ss&so/survey1 project1.gif
2005.08.30 23:27 B E:\dot5hosting\tafe\ss&so\survey1\project2.gif --> df13.dot5hosting.com /public_html/tafe/ss&so/survey1 project2.gif
2005.08.30 23:27 B E:\dot5hosting\tafe\ss&so\survey1\project3.gif --> df13.dot5hosting.com /public_html/tafe/ss&so/survey1 project3.gif
2005.08.30 23:27 B E:\dot5hosting\tafe\ss&so\survey1\project4.gif --> df13.dot5hosting.com /public_html/tafe/ss&so/survey1 project4.gif
2005.08.30 23:27 B E:\dot5hosting\tafe\ss&so\survey1\project5.gif --> df13.dot5hosting.com /public_html/tafe/ss&so/survey1 project5.gif
2005.08.30 23:27 B E:\dot5hosting\tafe\ss&so\survey1\sim-tri.gif --> df13.dot5hosting.com /public_html/tafe/ss&so/survey1 sim-tri.gif
2005.08.30 23:27 B E:\dot5hosting\tafe\ss&so\survey1\spot-level.gif --> df13.dot5hosting.com /public_html/tafe/ss&so/survey1 spot-level.gif
2005.08.30 23:27 B E:\dot5hosting\tafe\ss&so\survey1\Ss&s1Delsched.htm --> df13.dot5hosting.com /public_html/tafe/ss&so/survey1 Ss&s1Delsched.htm
2005.08.30 23:27 B E:\dot5hosting\tafe\ss&so\survey1\Table1.gif --> df13.dot5hosting.com /public_html/tafe/ss&so/survey1 Table1.gif
2005.08.30 23:27 B E:\dot5hosting\tafe\ss&so\survey1\test-gridvol.htm --> df13.dot5hosting.com /public_html/tafe/ss&so/survey1 test-gridvol.htm
2005.08.30 23:27 B E:\dot5hosting\tafe\ss&so\survey1\w1-ex1-4.jpg --> df13.dot5hosting.com /public_html/tafe/ss&so/survey1 w1-ex1-4.jpg
2005.08.30 23:27 B E:\dot5hosting\tafe\ss&so\survey1\worksheet1.htm --> df13.dot5hosting.com /public_html/tafe/ss&so/survey1 worksheet1.htm
2005.08.30 23:28 B E:\dot5hosting\tafe\ss&so\survey1\WS_FTP.LOG --> df13.dot5hosting.com /public_html/tafe/ss&so/survey1 WS_FTP.LOG
2005.09.11 13:53 B E:\dot5hosting\tafe\ss&so\survey1\grid calc template.xls --> df13.dot5hosting.com /public_html/tafe/ss&so/survey1 grid calc template.xls
2005.09.16 13:46 B E:\dot5hosting\tafe\ss&so\survey1\Template2.xls --> df13.dot5hosting.com /public_html/tafe/ss&so/survey1 Template2.xls
2005.09.16 14:23 B E:\dot5hosting\tafe\ss&so\survey1\Template2.xls --> df13.dot5hosting.com /public_html/tafe/ss&so/survey1 Template2.xls
2005.10.07 18:15 B E:\dot5hosting\tafe\ss&so\survey1\Ss&s1Delsched.htm --> df13.dot5hosting.com /public_html/tafe/ss&so/survey1 Ss&s1Delsched.htm
2005.10.07 20:32 B E:\dot5hosting\tafe\ss&so\survey1\sim-tri.gif --> df13.dot5hosting.com /public_html/tafe/ss&so/survey1 sim-tri.gif
2006.02.04 14:34 B E:\dot5hosting\tafe\ss&so\survey1\prog2-05.htm --> df13.dot5hosting.com /public_html prog2-05.htm
2006.02.04 14:35 B E:\dot5hosting\tafe\ss&so\survey1\Q17.pdf --> df13.dot5hosting.com /public_html Q17.pdf
2006.02.04 14:38 B E:\dot5hosting\tafe\ss&so\survey1\prog2-05.htm --> df13.dot5hosting.com /public_html/tafe/ss&so/survey1 prog2-05.htm
2006.02.04 14:38 B E:\dot5hosting\tafe\ss&so\survey1\Q17.pdf --> df13.dot5hosting.com /public_html/tafe/ss&so/survey1 Q17.pdf
2006.02.04 14:39 B E:\dot5hosting\tafe\ss&so\survey1\Ss&s1Delsched.htm --> df13.dot5hosting.com /public_html/tafe/ss&so/survey1 Ss&s1Delsched.htm
2006.02.04 21:12 B E:\dot5hosting\tafe\ss&so\survey1\prog2-05.htm --> df13.dot5hosting.com /public_html/tafe/ss&so/survey1 prog2-05.htm
2006.02.04 21:13 B E:\dot5hosting\tafe\ss&so\survey1\prog2-05.htm --> df13.dot5hosting.com /public_html/tafe/ss&so/survey1 prog2-05.htm
2006.02.07 21:24 B E:\dot5hosting\tafe\ss&so\survey1\Ss&s1Delsched.htm --> df13.dot5hosting.com /public_html/tafe/ss&so/survey1 Ss&s1Delsched.htm
2006.02.07 21:24 B E:\dot5hosting\tafe\ss&so\survey1\project3.gif --> df13.dot5hosting.com /public_html/tafe/ss&so/survey1 project3.gif
2006.02.07 21:24 B E:\dot5hosting\tafe\ss&so\survey1\prog2-05.htm --> df13.dot5hosting.com /public_html/tafe/ss&so/survey1 prog2-05.htm
2006.02.07 21:28 B E:\dot5hosting\tafe\ss&so\survey1\Ss&s1Delsched.htm --> df13.dot5hosting.com /public_html/tafe/ss&so/survey1 Ss&s1Delsched.htm
2006.02.07 21:32 B E:\dot5hosting\tafe\ss&so\survey1\prog2-05.htm --> df13.dot5hosting.com /public_html/tafe/ss&so/survey1 prog2-05.htm
2006.02.07 21:33 B E:\dot5hosting\tafe\ss&so\survey1\project5.gif --> df13.dot5hosting.com /public_html/tafe/ss&so/survey1 project5.gif
2006.02.13 19:21 B E:\dot5hosting\tafe\ss&so\survey1\groups.htm --> df13.dot5hosting.com /public_html/tafe/ss&so/survey1 groups.htm
2006.02.18 16:11 B E:\dot5hosting\tafe\ss&so\survey1\Ss&s1Delsched.htm --> df13.dot5hosting.com /public_html/tafe/ss&so/survey1 Ss&s1Delsched.htm
2006.05.08 16:40 B E:\dot5hosting\tafe\ss&so\survey1\groups.htm --> df13.dot5hosting.com /public_html/tafe/ss&so/survey1 groups.htm
2006.06.22 19:28 B E:\dot5hosting\tafe\ss&so\survey1\Ss&s1Delsched.htm --> df13.dot5hosting.com /public_html/tafe/ss&so/survey1 Ss&s1Delsched.htm
2006.06.22 19:28 B E:\dot5hosting\tafe\ss&so\survey1\project2.gif --> df13.dot5hosting.com /public_html/tafe/ss&so/survey1 project2.gif
2006.06.22 19:28 B E:\dot5hosting\tafe\ss&so\survey1\project-2.jpg --> df13.dot5hosting.com /public_html/tafe/ss&so/survey1 project-2.jpg
2006.06.22 19:28 B E:\dot5hosting\tafe\ss&so\survey1\project-1.jpg --> df13.dot5hosting.com /public_html/tafe/ss&so/survey1 project-1.jpg
2006.06.22 19:28 B E:\dot5hosting\tafe\ss&so\survey1\project1.gif --> df13.dot5hosting.com /public_html/tafe/ss&so/survey1 project1.gif
2006.06.22 19:28 B E:\dot5hosting\tafe\ss&so\survey1\project-1.gif --> df13.dot5hosting.com /public_html/tafe/ss&so/survey1 project-1.gif
2006.06.22 19:28 B E:\dot5hosting\tafe\ss&so\survey1\prog2-05.htm --> df13.dot5hosting.com /public_html/tafe/ss&so/survey1 prog2-05.htm
2006.06.22 19:41 B E:\dot5hosting\tafe\ss&so\survey1\project1.gif --> df13.dot5hosting.com /public_html/tafe/ss&so/survey1 project1.gif
2006.06.25 18:02 B E:\dot5hosting\tafe\ss&so\survey1\prog2-05.htm --> df13.dot5hosting.com /public_html/tafe/ss&so/survey1 prog2-05.htm
2006.06.25 18:02 B E:\dot5hosting\tafe\ss&so\survey1\project1.gif --> df13.dot5hosting.com /public_html/tafe/ss&so/survey1 project1.gif
2006.06.25 18:02 B E:\dot5hosting\tafe\ss&so\survey1\Ss&s1Delsched.htm --> df13.dot5hosting.com /public_html/tafe/ss&so/survey1 Ss&s1Delsched.htm
2006.06.25 18:02 B E:\dot5hosting\tafe\ss&so\survey1\project2.gif --> df13.dot5hosting.com /public_html/tafe/ss&so/survey1 project2.gif
2006.06.25 18:03 B E:\dot5hosting\tafe\ss&so\survey1\project-2.jpg --> df13.dot5hosting.com /public_html/tafe/ss&so/survey1 project-2.jpg
2006.06.25 18:03 B E:\dot5hosting\tafe\ss&so\survey1\project-1.gif --> df13.dot5hosting.com /public_html/tafe/ss&so/survey1 project-1.gif
2006.06.25 18:14 B E:\dot5hosting\tafe\ss&so\survey1\Ss&s1Delsched.htm --> df13.dot5hosting.com /public_html/tafe/ss&so/survey1 Ss&s1Delsched.htm
2006.06.25 18:15 B E:\dot5hosting\tafe\ss&so\survey1\groups.htm --> df13.dot5hosting.com /public_html/tafe/ss&so/survey1 groups.htm
2007.07.19 15:16 B E:\dot5hosting\tafe\ss&so\survey1\Ss&s1Delsched.htm --> df13.dot5hosting.com /public_html/tafe/ss&so/survey1 Ss&s1Delsched.htm
2007.07.19 15:16 B E:\dot5hosting\tafe\ss&so\survey1\project4a.gif --> df13.dot5hosting.com /public_html/tafe/ss&so/survey1 project4a.gif
2007.07.19 15:17 B E:\dot5hosting\tafe\ss&so\survey1\prog2-05.htm --> df13.dot5hosting.com /public_html/tafe/ss&so/survey1 prog2-05.htm
2007.12.23 13:19 B E:\dot5hosting\tafe\ss&so\survey1\Ss&s1Delsched.htm --> boeingco.dot5hosting.com /public_html/tafe/ss&so/survey1 Ss&s1Delsched.htm
2007.12.23 13:19 B E:\dot5hosting\tafe\ss&so\survey1\prog2-05.htm --> boeingco.dot5hosting.com /public_html/tafe/ss&so/survey1 prog2-05.htm
2008.02.02 14:54 B E:\dot5hosting\tafe\ss&so\survey1\Ss&s1Delsched.htm --> boeingco.dot5hosting.com /public_html/tafe/ss&so/survey1 Ss&s1Delsched.htm
2008.02.02 15:00 B E:\dot5hosting\tafe\ss&so\survey1\Ss&s1Delsched.htm --> boeingco.dot5hosting.com /public_html/tafe/ss&so/survey1 Ss&s1Delsched.htm
2008.02.02 15:03 B E:\dot5hosting\tafe\ss&so\survey1\Ss&s1Delsched.htm --> boeingco.dot5hosting.com /public_html/tafe/ss&so/survey1 Ss&s1Delsched.htm
2008.04.07 14:25 B E:\dot5hosting\tafe\ss&so\survey1\Template2.xls --> boeingco.dot5hosting.com /public_html/tafe/ss&so/survey1 Template2.xls
2008.04.07 14:39 B E:\dot5hosting\tafe\ss&so\survey1\Template.xls --> boeingco.dot5hosting.com /public_html/tafe/ss&so/survey1 Template.xls
2008.04.07 14:54 B E:\dot5hosting\tafe\ss&so\survey1\Template.xls --> boeingco.dot5hosting.com /public_html/tafe/ss&so/survey1 Template.xls
2008.06.20 12:34 B E:\dot5hosting\tafe\ss&so\survey1\tt-2-08.htm --> boeingco.dot5hosting.com /public_html/tafe/ss&so/survey1 tt-2-08.htm
2008.06.20 13:29 B E:\dot5hosting\tafe\ss&so\survey1\Ss&s1Delsched.htm --> boeingco.dot5hosting.com /public_html/tafe/ss&so/survey1 Ss&s1Delsched.htm
2008.06.20 14:31 B E:\dot5hosting\tafe\ss&so\survey1\Ss&s1Delsched.htm --> boeingco.dot5hosting.com /public_html/tafe/ss&so/survey1 Ss&s1Delsched.htm
2008.06.20 15:43 B E:\dot5hosting\tafe\ss&so\survey1\tt-2-08.htm --> boeingco.dot5hosting.com /public_html/tafe/ss&so/survey1 tt-2-08.htm
2008.06.27 11:14 B E:\dot5hosting\tafe\ss&so\survey1\Ss&s1Delsched.htm --> boeingco.dot5hosting.com /public_html/tafe/ss&so/survey1 Ss&s1Delsched.htm
2008.06.27 11:15 B E:\dot5hosting\tafe\ss&so\survey1\tt-2-08.htm --> boeingco.dot5hosting.com /public_html/tafe/ss&so/survey1 tt-2-08.htm
2008.06.27 11:20 B E:\dot5hosting\tafe\ss&so\survey1\tt-2-08.htm --> boeingco.dot5hosting.com /public_html/tafe/ss&so/survey1 tt-2-08.htm
2008.06.27 12:59 B E:\dot5hosting\tafe\ss&so\survey1\tt-2-08.htm --> boeingco.dot5hosting.com /public_html/tafe/ss&so/survey1 tt-2-08.htm
2008.09.30 13:15 B E:\dot5hosting\tafe\ss&so\survey1\eqat3a.gif --> boeingco.dot5hosting.com /public_html/tafe/ss&so/survey1 eqat3a.gif
2008.09.30 13:15 B E:\dot5hosting\tafe\ss&so\survey1\eqat5.gif --> boeingco.dot5hosting.com /public_html/tafe/ss&so/survey1 eqat5.gif
2008.09.30 13:15 B E:\dot5hosting\tafe\ss&so\survey1\contour+profile-f.gif --> boeingco.dot5hosting.com /public_html/tafe/ss&so/survey1 contour+profile-f.gif
2008.09.30 13:15 B E:\dot5hosting\tafe\ss&so\survey1\boundary-profile-f.gif --> boeingco.dot5hosting.com /public_html/tafe/ss&so/survey1 boundary-profile-f.gif
2008.09.30 13:32 B E:\dot5hosting\tafe\ss&so\survey1\contour-10m-s.gif --> boeingco.dot5hosting.com /public_html/tafe/ss&so/survey1 contour-10m-s.gif
