2008.08.19 21:38 B E:\dot5hosting\tafe\ss&so\survey1\Module4\equipment-s1.htm --> boeingco.dot5hosting.com /public_html/tafe/ss&so/survey1/Module4 equipment-s1.htm
2008.08.19 21:41 B E:\dot5hosting\tafe\ss&so\survey1\Module4\na720.gif --> boeingco.dot5hosting.com /public_html/tafe/ss&so/survey1/Module4 na720.gif
2008.08.19 21:41 B E:\dot5hosting\tafe\ss&so\survey1\Module4\focus-telescope.gif --> boeingco.dot5hosting.com /public_html/tafe/ss&so/survey1/Module4 focus-telescope.gif
2008.08.19 21:41 B E:\dot5hosting\tafe\ss&so\survey1\Module4\footscrew.gif --> boeingco.dot5hosting.com /public_html/tafe/ss&so/survey1/Module4 footscrew.gif
2008.08.19 21:41 B E:\dot5hosting\tafe\ss&so\survey1\Module4\set-up-level.gif --> boeingco.dot5hosting.com /public_html/tafe/ss&so/survey1/Module4 set-up-level.gif
2008.08.19 21:41 B E:\dot5hosting\tafe\ss&so\survey1\Module4\set-up-tripod.gif --> boeingco.dot5hosting.com /public_html/tafe/ss&so/survey1/Module4 set-up-tripod.gif
2008.08.19 21:41 B E:\dot5hosting\tafe\ss&so\survey1\Module4\slope-men-s-flippt.gif --> boeingco.dot5hosting.com /public_html/tafe/ss&so/survey1/Module4 slope-men-s-flippt.gif
2008.08.19 21:41 B E:\dot5hosting\tafe\ss&so\survey1\Module4\slope-men-s.gif --> boeingco.dot5hosting.com /public_html/tafe/ss&so/survey1/Module4 slope-men-s.gif
2008.08.19 21:41 B E:\dot5hosting\tafe\ss&so\survey1\Module4\slope-men.gif --> boeingco.dot5hosting.com /public_html/tafe/ss&so/survey1/Module4 slope-men.gif
2008.08.19 21:42 B E:\dot5hosting\tafe\ss&so\survey1\Module4\slope-measurement.gif --> boeingco.dot5hosting.com /public_html/tafe/ss&so/survey1/Module4 slope-measurement.gif
2008.08.19 21:42 B E:\dot5hosting\tafe\ss&so\survey1\Module4\accessories.gif --> boeingco.dot5hosting.com /public_html/tafe/ss&so/survey1/Module4 accessories.gif
2008.08.19 21:42 B E:\dot5hosting\tafe\ss&so\survey1\Module4\Stadia-explain-transparent.gif --> boeingco.dot5hosting.com /public_html/tafe/ss&so/survey1/Module4 Stadia-explain-transparent.gif
2008.08.19 21:42 B E:\dot5hosting\tafe\ss&so\survey1\Module4\more-staff-reading.gif --> boeingco.dot5hosting.com /public_html/tafe/ss&so/survey1/Module4 more-staff-reading.gif
2008.08.19 21:42 B E:\dot5hosting\tafe\ss&so\survey1\Module4\rectile.gif --> boeingco.dot5hosting.com /public_html/tafe/ss&so/survey1/Module4 rectile.gif
2008.08.19 21:42 B E:\dot5hosting\tafe\ss&so\survey1\Module4\2tapes287.gif --> boeingco.dot5hosting.com /public_html/tafe/ss&so/survey1/Module4 2tapes287.gif
2008.08.19 21:42 B E:\dot5hosting\tafe\ss&so\survey1\Module4\2tapes300.gif --> boeingco.dot5hosting.com /public_html/tafe/ss&so/survey1/Module4 2tapes300.gif
2008.08.19 21:42 B E:\dot5hosting\tafe\ss&so\survey1\Module4\plumb-bob2.gif --> boeingco.dot5hosting.com /public_html/tafe/ss&so/survey1/Module4 plumb-bob2.gif
2008.08.19 21:42 B E:\dot5hosting\tafe\ss&so\survey1\Module4\plumb-bob-s.gif --> boeingco.dot5hosting.com /public_html/tafe/ss&so/survey1/Module4 plumb-bob-s.gif
2008.08.19 21:42 B E:\dot5hosting\tafe\ss&so\survey1\Module4\plumb-bob.gif --> boeingco.dot5hosting.com /public_html/tafe/ss&so/survey1/Module4 plumb-bob.gif
2008.08.19 21:42 B E:\dot5hosting\tafe\ss&so\survey1\Module4\straight-edge-slpoe.gif --> boeingco.dot5hosting.com /public_html/tafe/ss&so/survey1/Module4 straight-edge-slpoe.gif
2008.08.19 21:42 B E:\dot5hosting\tafe\ss&so\survey1\Module4\water-level.gif --> boeingco.dot5hosting.com /public_html/tafe/ss&so/survey1/Module4 water-level.gif
2008.08.19 21:42 B E:\dot5hosting\tafe\ss&so\survey1\Module4\line-level300.gif --> boeingco.dot5hosting.com /public_html/tafe/ss&so/survey1/Module4 line-level300.gif
2008.08.19 21:42 B E:\dot5hosting\tafe\ss&so\survey1\Module4\2tapes300.jpg --> boeingco.dot5hosting.com /public_html/tafe/ss&so/survey1/Module4 2tapes300.jpg
2008.08.19 21:42 B E:\dot5hosting\tafe\ss&so\survey1\Module4\tape.gif --> boeingco.dot5hosting.com /public_html/tafe/ss&so/survey1/Module4 tape.gif
2008.08.19 21:42 B E:\dot5hosting\tafe\ss&so\survey1\Module4\spirit-level.gif --> boeingco.dot5hosting.com /public_html/tafe/ss&so/survey1/Module4 spirit-level.gif
2008.08.19 21:42 B E:\dot5hosting\tafe\ss&so\survey1\Module4\staff-reading-3.gif --> boeingco.dot5hosting.com /public_html/tafe/ss&so/survey1/Module4 staff-reading-3.gif
2008.08.19 21:42 B E:\dot5hosting\tafe\ss&so\survey1\Module4\staff-arrow.gif --> boeingco.dot5hosting.com /public_html/tafe/ss&so/survey1/Module4 staff-arrow.gif
2008.08.19 21:42 B E:\dot5hosting\tafe\ss&so\survey1\Module4\level-Emarking.gif --> boeingco.dot5hosting.com /public_html/tafe/ss&so/survey1/Module4 level-Emarking.gif
2008.08.19 21:43 B E:\dot5hosting\tafe\ss&so\survey1\Module4\instrument-label.gif --> boeingco.dot5hosting.com /public_html/tafe/ss&so/survey1/Module4 instrument-label.gif
2008.08.19 21:43 B E:\dot5hosting\tafe\ss&so\survey1\Module4\level-in-box.gif --> boeingco.dot5hosting.com /public_html/tafe/ss&so/survey1/Module4 level-in-box.gif
2008.08.19 21:43 B E:\dot5hosting\tafe\ss&so\survey1\Module4\staff-extends.gif --> boeingco.dot5hosting.com /public_html/tafe/ss&so/survey1/Module4 staff-extends.gif
2008.08.19 21:43 B E:\dot5hosting\tafe\ss&so\survey1\Module4\umbrella.gif --> boeingco.dot5hosting.com /public_html/tafe/ss&so/survey1/Module4 umbrella.gif
2008.08.19 21:43 B E:\dot5hosting\tafe\ss&so\survey1\Module4\staff-reading-c.gif --> boeingco.dot5hosting.com /public_html/tafe/ss&so/survey1/Module4 staff-reading-c.gif
2008.08.19 21:43 B E:\dot5hosting\tafe\ss&so\survey1\Module4\staff-bobble.gif --> boeingco.dot5hosting.com /public_html/tafe/ss&so/survey1/Module4 staff-bobble.gif
2008.08.19 21:43 B E:\dot5hosting\tafe\ss&so\survey1\Module4\staff-extend.gif --> boeingco.dot5hosting.com /public_html/tafe/ss&so/survey1/Module4 staff-extend.gif
2008.08.19 21:43 B E:\dot5hosting\tafe\ss&so\survey1\Module4\staff.gif --> boeingco.dot5hosting.com /public_html/tafe/ss&so/survey1/Module4 staff.gif
2008.08.19 21:43 B E:\dot5hosting\tafe\ss&so\survey1\Module4\Construction_7.gif --> boeingco.dot5hosting.com /public_html/tafe/ss&so/survey1/Module4 Construction_7.gif
2008.08.19 21:44 B E:\dot5hosting\tafe\ss&so\survey1\Module4\NA720.jpg --> boeingco.dot5hosting.com /public_html/tafe/ss&so/survey1/Module4 NA720.jpg
2008.08.19 22:00 B E:\dot5hosting\tafe\ss&so\survey1\Module4\equipment-s1.htm --> boeingco.dot5hosting.com /public_html/tafe/ss&so/survey1/Module4 equipment-s1.htm
2008.08.21 21:01 B E:\dot5hosting\tafe\ss&so\survey1\Module4\equipment-s1.htm --> boeingco.dot5hosting.com /public_html/tafe/ss&so/survey1/Module4 equipment-s1.htm
2008.08.21 21:05 B E:\dot5hosting\tafe\ss&so\survey1\Module4\Homer_simpson.gif --> boeingco.dot5hosting.com /public_html/tafe/ss&so/survey1/Module4 Homer_simpson.gif
