2005.08.28 12:33 B E:\dot5hosting\tafe\dwg\dwg1\1+3-angle.gif <-- boeingconsult /tafe/dwg/dwg1 1+3-angle.gif
2005.08.28 12:33 B E:\dot5hosting\tafe\dwg\dwg1\2d-iso.htm <-- boeingconsult /tafe/dwg/dwg1 2d-iso.htm
2005.08.28 12:33 B E:\dot5hosting\tafe\dwg\dwg1\abc061.htm <-- boeingconsult /tafe/dwg/dwg1 abc061.htm
2005.08.28 12:33 B E:\dot5hosting\tafe\dwg\dwg1\angle-projection-s.gif <-- boeingconsult /tafe/dwg/dwg1 angle-projection-s.gif
2005.08.28 12:33 B E:\dot5hosting\tafe\dwg\dwg1\draftingtools1.gif <-- boeingconsult /tafe/dwg/dwg1 draftingtools1.gif
2005.08.28 12:33 B E:\dot5hosting\tafe\dwg\dwg1\exercise.gif <-- boeingconsult /tafe/dwg/dwg1 exercise.gif
2005.08.28 12:33 B E:\dot5hosting\tafe\dwg\dwg1\exercise.htm <-- boeingconsult /tafe/dwg/dwg1 exercise.htm
2005.08.28 12:33 B E:\dot5hosting\tafe\dwg\dwg1\freehand.gif <-- boeingconsult /tafe/dwg/dwg1 freehand.gif
2005.08.28 12:33 B E:\dot5hosting\tafe\dwg\dwg1\glass-cube.gif <-- boeingconsult /tafe/dwg/dwg1 glass-cube.gif
2005.08.28 12:33 B E:\dot5hosting\tafe\dwg\dwg1\iso-circle.gif <-- boeingconsult /tafe/dwg/dwg1 iso-circle.gif
2005.08.28 12:33 B E:\dot5hosting\tafe\dwg\dwg1\iso-draw.htm <-- boeingconsult /tafe/dwg/dwg1 iso-draw.htm
2005.08.28 12:33 B E:\dot5hosting\tafe\dwg\dwg1\iso-dwg.gif <-- boeingconsult /tafe/dwg/dwg1 iso-dwg.gif
2005.08.28 12:33 B E:\dot5hosting\tafe\dwg\dwg1\iso-obli.gif <-- boeingconsult /tafe/dwg/dwg1 iso-obli.gif
2005.08.28 12:33 B E:\dot5hosting\tafe\dwg\dwg1\iso-views.gif <-- boeingconsult /tafe/dwg/dwg1 iso-views.gif
2005.08.28 12:33 B E:\dot5hosting\tafe\dwg\dwg1\oblique.gif <-- boeingconsult /tafe/dwg/dwg1 oblique.gif
2005.08.28 12:33 B E:\dot5hosting\tafe\dwg\dwg1\ortho-iso.gif <-- boeingconsult /tafe/dwg/dwg1 ortho-iso.gif
2005.08.28 12:33 B E:\dot5hosting\tafe\dwg\dwg1\outline1.htm <-- boeingconsult /tafe/dwg/dwg1 outline1.htm
2005.08.28 12:34 B E:\dot5hosting\tafe\dwg\dwg1\persective.gif <-- boeingconsult /tafe/dwg/dwg1 persective.gif
2005.08.28 12:34 B E:\dot5hosting\tafe\dwg\dwg1\prog1-02.htm <-- boeingconsult /tafe/dwg/dwg1 prog1-02.htm
2005.08.28 12:34 B E:\dot5hosting\tafe\dwg\dwg1\steps1-3.gif <-- boeingconsult /tafe/dwg/dwg1 steps1-3.gif
2005.08.28 12:34 B E:\dot5hosting\tafe\dwg\dwg1\unfold.gif <-- boeingconsult /tafe/dwg/dwg1 unfold.gif
2005.08.28 12:34 B E:\dot5hosting\tafe\dwg\dwg1\unfold2.gif <-- boeingconsult /tafe/dwg/dwg1 unfold2.gif
2005.08.30 23:14 B E:\dot5hosting\tafe\dwg\dwg1\1+3-angle.gif --> df13.dot5hosting.com /public_html/tafe/dwg/dwg1 1+3-angle.gif
2005.08.30 23:14 B E:\dot5hosting\tafe\dwg\dwg1\2d-iso.htm --> df13.dot5hosting.com /public_html/tafe/dwg/dwg1 2d-iso.htm
2005.08.30 23:14 B E:\dot5hosting\tafe\dwg\dwg1\abc061.htm --> df13.dot5hosting.com /public_html/tafe/dwg/dwg1 abc061.htm
2005.08.30 23:14 B E:\dot5hosting\tafe\dwg\dwg1\angle-projection-s.gif --> df13.dot5hosting.com /public_html/tafe/dwg/dwg1 angle-projection-s.gif
2005.08.30 23:15 B E:\dot5hosting\tafe\dwg\dwg1\draftingtools1.gif --> df13.dot5hosting.com /public_html/tafe/dwg/dwg1 draftingtools1.gif
2005.08.30 23:15 B E:\dot5hosting\tafe\dwg\dwg1\exercise.gif --> df13.dot5hosting.com /public_html/tafe/dwg/dwg1 exercise.gif
2005.08.30 23:15 B E:\dot5hosting\tafe\dwg\dwg1\exercise.htm --> df13.dot5hosting.com /public_html/tafe/dwg/dwg1 exercise.htm
2005.08.30 23:15 B E:\dot5hosting\tafe\dwg\dwg1\freehand.gif --> df13.dot5hosting.com /public_html/tafe/dwg/dwg1 freehand.gif
2005.08.30 23:15 B E:\dot5hosting\tafe\dwg\dwg1\glass-cube.gif --> df13.dot5hosting.com /public_html/tafe/dwg/dwg1 glass-cube.gif
2005.08.30 23:15 B E:\dot5hosting\tafe\dwg\dwg1\iso-circle.gif --> df13.dot5hosting.com /public_html/tafe/dwg/dwg1 iso-circle.gif
2005.08.30 23:15 B E:\dot5hosting\tafe\dwg\dwg1\iso-draw.htm --> df13.dot5hosting.com /public_html/tafe/dwg/dwg1 iso-draw.htm
2005.08.30 23:15 B E:\dot5hosting\tafe\dwg\dwg1\iso-dwg.gif --> df13.dot5hosting.com /public_html/tafe/dwg/dwg1 iso-dwg.gif
2005.08.30 23:15 B E:\dot5hosting\tafe\dwg\dwg1\iso-obli.gif --> df13.dot5hosting.com /public_html/tafe/dwg/dwg1 iso-obli.gif
2005.08.30 23:15 B E:\dot5hosting\tafe\dwg\dwg1\iso-views.gif --> df13.dot5hosting.com /public_html/tafe/dwg/dwg1 iso-views.gif
2005.08.30 23:15 B E:\dot5hosting\tafe\dwg\dwg1\oblique.gif --> df13.dot5hosting.com /public_html/tafe/dwg/dwg1 oblique.gif
2005.08.30 23:15 B E:\dot5hosting\tafe\dwg\dwg1\ortho-iso.gif --> df13.dot5hosting.com /public_html/tafe/dwg/dwg1 ortho-iso.gif
2005.08.30 23:15 B E:\dot5hosting\tafe\dwg\dwg1\outline1.htm --> df13.dot5hosting.com /public_html/tafe/dwg/dwg1 outline1.htm
2005.08.30 23:15 B E:\dot5hosting\tafe\dwg\dwg1\persective.gif --> df13.dot5hosting.com /public_html/tafe/dwg/dwg1 persective.gif
2005.08.30 23:15 B E:\dot5hosting\tafe\dwg\dwg1\prog1-02.htm --> df13.dot5hosting.com /public_html/tafe/dwg/dwg1 prog1-02.htm
2005.08.30 23:15 B E:\dot5hosting\tafe\dwg\dwg1\steps1-3.gif --> df13.dot5hosting.com /public_html/tafe/dwg/dwg1 steps1-3.gif
2005.08.30 23:15 B E:\dot5hosting\tafe\dwg\dwg1\unfold.gif --> df13.dot5hosting.com /public_html/tafe/dwg/dwg1 unfold.gif
2005.08.30 23:15 B E:\dot5hosting\tafe\dwg\dwg1\unfold2.gif --> df13.dot5hosting.com /public_html/tafe/dwg/dwg1 unfold2.gif
